[2023-01-23 08:38:37,352] {taskinstance.py:1159} INFO - Dependencies all met for <TaskInstance: d_1_final_project.insert_district_daily manual__2023-01-23T08:21:42.844872+00:00 [queued]>
[2023-01-23 08:38:37,361] {taskinstance.py:1159} INFO - Dependencies all met for <TaskInstance: d_1_final_project.insert_district_daily manual__2023-01-23T08:21:42.844872+00:00 [queued]>
[2023-01-23 08:38:37,362] {taskinstance.py:1356} INFO - 
--------------------------------------------------------------------------------
[2023-01-23 08:38:37,362] {taskinstance.py:1357} INFO - Starting attempt 5 of 5
[2023-01-23 08:38:37,363] {taskinstance.py:1358} INFO - 
--------------------------------------------------------------------------------
[2023-01-23 08:38:37,378] {taskinstance.py:1377} INFO - Executing <Task(PythonOperator): insert_district_daily> on 2023-01-23 08:21:42.844872+00:00
[2023-01-23 08:38:37,382] {standard_task_runner.py:52} INFO - Started process 2852 to run task
[2023-01-23 08:38:37,386] {standard_task_runner.py:79} INFO - Running: ['***', 'tasks', 'run', 'd_1_final_project', 'insert_district_daily', 'manual__2023-01-23T08:21:42.844872+00:00', '--job-id', '33', '--raw', '--subdir', 'DAGS_FOLDER/d_1_final_project.py', '--cfg-path', '/tmp/tmpu37h0dba', '--error-file', '/tmp/tmpr1objuid']
[2023-01-23 08:38:37,388] {standard_task_runner.py:80} INFO - Job 33: Subtask insert_district_daily
[2023-01-23 08:38:37,455] {task_command.py:369} INFO - Running <TaskInstance: d_1_final_project.insert_district_daily manual__2023-01-23T08:21:42.844872+00:00 [running]> on host da01296d3c51
[2023-01-23 08:38:37,532] {taskinstance.py:1571} INFO - Exporting the following env vars:
AIRFLOW_CTX_DAG_OWNER=***
AIRFLOW_CTX_DAG_ID=d_1_final_project
AIRFLOW_CTX_TASK_ID=insert_district_daily
AIRFLOW_CTX_EXECUTION_DATE=2023-01-23T08:21:42.844872+00:00
AIRFLOW_CTX_TRY_NUMBER=5
AIRFLOW_CTX_DAG_RUN_ID=manual__2023-01-23T08:21:42.844872+00:00
[2023-01-23 08:38:37,534] {python.py:173} INFO - Done. Returned value was: None
[2023-01-23 08:38:37,547] {taskinstance.py:1400} INFO - Marking task as SUCCESS. dag_id=d_1_final_project, task_id=insert_district_daily, execution_date=20230123T082142, start_date=20230123T083837, end_date=20230123T083837
[2023-01-23 08:38:37,599] {local_task_job.py:156} INFO - Task exited with return code 0
[2023-01-23 08:38:37,640] {local_task_job.py:273} INFO - 0 downstream tasks scheduled from follow-on schedule check
