[2023-01-23 08:26:42,539] {taskinstance.py:1159} INFO - Dependencies all met for <TaskInstance: d_1_final_project.insert_district_daily manual__2023-01-23T08:21:42.844872+00:00 [queued]>
[2023-01-23 08:26:42,552] {taskinstance.py:1159} INFO - Dependencies all met for <TaskInstance: d_1_final_project.insert_district_daily manual__2023-01-23T08:21:42.844872+00:00 [queued]>
[2023-01-23 08:26:42,553] {taskinstance.py:1356} INFO - 
--------------------------------------------------------------------------------
[2023-01-23 08:26:42,554] {taskinstance.py:1357} INFO - Starting attempt 1 of 1
[2023-01-23 08:26:42,555] {taskinstance.py:1358} INFO - 
--------------------------------------------------------------------------------
[2023-01-23 08:26:42,572] {taskinstance.py:1377} INFO - Executing <Task(PythonOperator): insert_district_daily> on 2023-01-23 08:21:42.844872+00:00
[2023-01-23 08:26:42,578] {standard_task_runner.py:52} INFO - Started process 2525 to run task
[2023-01-23 08:26:42,583] {standard_task_runner.py:79} INFO - Running: ['***', 'tasks', 'run', 'd_1_final_project', 'insert_district_daily', 'manual__2023-01-23T08:21:42.844872+00:00', '--job-id', '13', '--raw', '--subdir', 'DAGS_FOLDER/d_1_final_project.py', '--cfg-path', '/tmp/tmpq6l0j4x_', '--error-file', '/tmp/tmpbv5sv30z']
[2023-01-23 08:26:42,585] {standard_task_runner.py:80} INFO - Job 13: Subtask insert_district_daily
[2023-01-23 08:26:42,667] {task_command.py:369} INFO - Running <TaskInstance: d_1_final_project.insert_district_daily manual__2023-01-23T08:21:42.844872+00:00 [running]> on host da01296d3c51
[2023-01-23 08:26:42,755] {taskinstance.py:1571} INFO - Exporting the following env vars:
AIRFLOW_CTX_DAG_OWNER=***
AIRFLOW_CTX_DAG_ID=d_1_final_project
AIRFLOW_CTX_TASK_ID=insert_district_daily
AIRFLOW_CTX_EXECUTION_DATE=2023-01-23T08:21:42.844872+00:00
AIRFLOW_CTX_TRY_NUMBER=1
AIRFLOW_CTX_DAG_RUN_ID=manual__2023-01-23T08:21:42.844872+00:00
[2023-01-23 08:26:42,757] {python.py:173} INFO - Done. Returned value was: None
[2023-01-23 08:26:42,769] {taskinstance.py:1400} INFO - Marking task as SUCCESS. dag_id=d_1_final_project, task_id=insert_district_daily, execution_date=20230123T082142, start_date=20230123T082642, end_date=20230123T082642
[2023-01-23 08:26:42,795] {local_task_job.py:156} INFO - Task exited with return code 0
[2023-01-23 08:26:42,830] {local_task_job.py:273} INFO - 0 downstream tasks scheduled from follow-on schedule check
