[2023-01-23 10:37:54,940] {taskinstance.py:1159} INFO - Dependencies all met for <TaskInstance: d_1_final_project.insert_district_daily manual__2023-01-23T08:21:42.844872+00:00 [queued]>
[2023-01-23 10:37:54,952] {taskinstance.py:1159} INFO - Dependencies all met for <TaskInstance: d_1_final_project.insert_district_daily manual__2023-01-23T08:21:42.844872+00:00 [queued]>
[2023-01-23 10:37:54,952] {taskinstance.py:1356} INFO - 
--------------------------------------------------------------------------------
[2023-01-23 10:37:54,953] {taskinstance.py:1357} INFO - Starting attempt 14 of 14
[2023-01-23 10:37:54,954] {taskinstance.py:1358} INFO - 
--------------------------------------------------------------------------------
[2023-01-23 10:37:54,977] {taskinstance.py:1377} INFO - Executing <Task(PythonOperator): insert_district_daily> on 2023-01-23 08:21:42.844872+00:00
[2023-01-23 10:37:54,986] {standard_task_runner.py:52} INFO - Started process 5577 to run task
[2023-01-23 10:37:54,990] {standard_task_runner.py:79} INFO - Running: ['***', 'tasks', 'run', 'd_1_final_project', 'insert_district_daily', 'manual__2023-01-23T08:21:42.844872+00:00', '--job-id', '74', '--raw', '--subdir', 'DAGS_FOLDER/d_1_final_project.py', '--cfg-path', '/tmp/tmpyrnk1w14', '--error-file', '/tmp/tmp1ftk6e08']
[2023-01-23 10:37:54,992] {standard_task_runner.py:80} INFO - Job 74: Subtask insert_district_daily
[2023-01-23 10:37:55,093] {task_command.py:369} INFO - Running <TaskInstance: d_1_final_project.insert_district_daily manual__2023-01-23T08:21:42.844872+00:00 [running]> on host da01296d3c51
[2023-01-23 10:37:55,201] {taskinstance.py:1571} INFO - Exporting the following env vars:
AIRFLOW_CTX_DAG_OWNER=***
AIRFLOW_CTX_DAG_ID=d_1_final_project
AIRFLOW_CTX_TASK_ID=insert_district_daily
AIRFLOW_CTX_EXECUTION_DATE=2023-01-23T08:21:42.844872+00:00
AIRFLOW_CTX_TRY_NUMBER=14
AIRFLOW_CTX_DAG_RUN_ID=manual__2023-01-23T08:21:42.844872+00:00
[2023-01-23 10:37:55,203] {python.py:173} INFO - Done. Returned value was: None
[2023-01-23 10:37:55,219] {taskinstance.py:1400} INFO - Marking task as SUCCESS. dag_id=d_1_final_project, task_id=insert_district_daily, execution_date=20230123T082142, start_date=20230123T103754, end_date=20230123T103755
[2023-01-23 10:37:55,245] {local_task_job.py:156} INFO - Task exited with return code 0
[2023-01-23 10:37:55,294] {local_task_job.py:273} INFO - 0 downstream tasks scheduled from follow-on schedule check
