[2023-01-23 10:28:34,282] {taskinstance.py:1159} INFO - Dependencies all met for <TaskInstance: d_1_final_project.insert_district_daily manual__2023-01-23T08:21:42.844872+00:00 [queued]>
[2023-01-23 10:28:34,291] {taskinstance.py:1159} INFO - Dependencies all met for <TaskInstance: d_1_final_project.insert_district_daily manual__2023-01-23T08:21:42.844872+00:00 [queued]>
[2023-01-23 10:28:34,292] {taskinstance.py:1356} INFO - 
--------------------------------------------------------------------------------
[2023-01-23 10:28:34,293] {taskinstance.py:1357} INFO - Starting attempt 10 of 10
[2023-01-23 10:28:34,293] {taskinstance.py:1358} INFO - 
--------------------------------------------------------------------------------
[2023-01-23 10:28:34,310] {taskinstance.py:1377} INFO - Executing <Task(PythonOperator): insert_district_daily> on 2023-01-23 08:21:42.844872+00:00
[2023-01-23 10:28:34,317] {standard_task_runner.py:52} INFO - Started process 5317 to run task
[2023-01-23 10:28:34,323] {standard_task_runner.py:79} INFO - Running: ['***', 'tasks', 'run', 'd_1_final_project', 'insert_district_daily', 'manual__2023-01-23T08:21:42.844872+00:00', '--job-id', '60', '--raw', '--subdir', 'DAGS_FOLDER/d_1_final_project.py', '--cfg-path', '/tmp/tmpz6og9jl1', '--error-file', '/tmp/tmp7x1vheaa']
[2023-01-23 10:28:34,325] {standard_task_runner.py:80} INFO - Job 60: Subtask insert_district_daily
[2023-01-23 10:28:34,422] {task_command.py:369} INFO - Running <TaskInstance: d_1_final_project.insert_district_daily manual__2023-01-23T08:21:42.844872+00:00 [running]> on host da01296d3c51
[2023-01-23 10:28:34,536] {taskinstance.py:1571} INFO - Exporting the following env vars:
AIRFLOW_CTX_DAG_OWNER=***
AIRFLOW_CTX_DAG_ID=d_1_final_project
AIRFLOW_CTX_TASK_ID=insert_district_daily
AIRFLOW_CTX_EXECUTION_DATE=2023-01-23T08:21:42.844872+00:00
AIRFLOW_CTX_TRY_NUMBER=10
AIRFLOW_CTX_DAG_RUN_ID=manual__2023-01-23T08:21:42.844872+00:00
[2023-01-23 10:28:34,538] {python.py:173} INFO - Done. Returned value was: None
[2023-01-23 10:28:34,555] {taskinstance.py:1400} INFO - Marking task as SUCCESS. dag_id=d_1_final_project, task_id=insert_district_daily, execution_date=20230123T082142, start_date=20230123T102834, end_date=20230123T102834
[2023-01-23 10:28:34,615] {local_task_job.py:156} INFO - Task exited with return code 0
[2023-01-23 10:28:34,659] {local_task_job.py:273} INFO - 0 downstream tasks scheduled from follow-on schedule check
