[2023-01-27 08:56:30,375] {taskinstance.py:1159} INFO - Dependencies all met for <TaskInstance: d_1_final_project.insert_district_daily scheduled__2023-01-26T00:00:00+00:00 [queued]>
[2023-01-27 08:56:30,402] {taskinstance.py:1159} INFO - Dependencies all met for <TaskInstance: d_1_final_project.insert_district_daily scheduled__2023-01-26T00:00:00+00:00 [queued]>
[2023-01-27 08:56:30,403] {taskinstance.py:1356} INFO - 
--------------------------------------------------------------------------------
[2023-01-27 08:56:30,404] {taskinstance.py:1357} INFO - Starting attempt 1 of 1
[2023-01-27 08:56:30,405] {taskinstance.py:1358} INFO - 
--------------------------------------------------------------------------------
[2023-01-27 08:56:30,441] {taskinstance.py:1377} INFO - Executing <Task(PythonOperator): insert_district_daily> on 2023-01-26 00:00:00+00:00
[2023-01-27 08:56:30,448] {standard_task_runner.py:52} INFO - Started process 291 to run task
[2023-01-27 08:56:30,455] {standard_task_runner.py:79} INFO - Running: ['***', 'tasks', 'run', 'd_1_final_project', 'insert_district_daily', 'scheduled__2023-01-26T00:00:00+00:00', '--job-id', '5', '--raw', '--subdir', 'DAGS_FOLDER/d_1_final_project.py', '--cfg-path', '/tmp/tmp4kxss568', '--error-file', '/tmp/tmpxn43qmk6']
[2023-01-27 08:56:30,457] {standard_task_runner.py:80} INFO - Job 5: Subtask insert_district_daily
[2023-01-27 08:56:30,556] {task_command.py:369} INFO - Running <TaskInstance: d_1_final_project.insert_district_daily scheduled__2023-01-26T00:00:00+00:00 [running]> on host e5da601aaf74
[2023-01-27 08:56:30,677] {taskinstance.py:1571} INFO - Exporting the following env vars:
AIRFLOW_CTX_DAG_OWNER=***
AIRFLOW_CTX_DAG_ID=d_1_final_project
AIRFLOW_CTX_TASK_ID=insert_district_daily
AIRFLOW_CTX_EXECUTION_DATE=2023-01-26T00:00:00+00:00
AIRFLOW_CTX_TRY_NUMBER=1
AIRFLOW_CTX_DAG_RUN_ID=scheduled__2023-01-26T00:00:00+00:00
[2023-01-27 08:56:30,875] {logging_mixin.py:115} INFO - GET DATA FROM SQL SUCCESS
[2023-01-27 08:56:30,914] {logging_mixin.py:115} INFO - GET DATA FROM SQL SUCCESS
[2023-01-27 08:56:31,076] {logging_mixin.py:115} INFO - INSERTED TO POSTGRES SUCCESSFULLY
[2023-01-27 08:56:31,222] {logging_mixin.py:115} INFO - INSERTED TO POSTGRES SUCCESSFULLY
[2023-01-27 08:56:31,223] {python.py:173} INFO - Done. Returned value was: None
[2023-01-27 08:56:31,250] {taskinstance.py:1400} INFO - Marking task as SUCCESS. dag_id=d_1_final_project, task_id=insert_district_daily, execution_date=20230126T000000, start_date=20230127T085630, end_date=20230127T085631
[2023-01-27 08:56:31,311] {local_task_job.py:156} INFO - Task exited with return code 0
[2023-01-27 08:56:31,391] {local_task_job.py:273} INFO - 0 downstream tasks scheduled from follow-on schedule check
[2023-01-27 09:16:02,669] {taskinstance.py:1159} INFO - Dependencies all met for <TaskInstance: d_1_final_project.insert_district_daily scheduled__2023-01-26T00:00:00+00:00 [queued]>
[2023-01-27 09:16:02,861] {taskinstance.py:1159} INFO - Dependencies all met for <TaskInstance: d_1_final_project.insert_district_daily scheduled__2023-01-26T00:00:00+00:00 [queued]>
[2023-01-27 09:16:02,862] {taskinstance.py:1356} INFO - 
--------------------------------------------------------------------------------
[2023-01-27 09:16:02,862] {taskinstance.py:1357} INFO - Starting attempt 1 of 1
[2023-01-27 09:16:02,863] {taskinstance.py:1358} INFO - 
--------------------------------------------------------------------------------
[2023-01-27 09:16:02,883] {taskinstance.py:1377} INFO - Executing <Task(PythonOperator): insert_district_daily> on 2023-01-26 00:00:00+00:00
[2023-01-27 09:16:02,890] {standard_task_runner.py:52} INFO - Started process 305 to run task
[2023-01-27 09:16:02,897] {standard_task_runner.py:79} INFO - Running: ['***', 'tasks', 'run', 'd_1_final_project', 'insert_district_daily', 'scheduled__2023-01-26T00:00:00+00:00', '--job-id', '4', '--raw', '--subdir', 'DAGS_FOLDER/d_1_final_project.py', '--cfg-path', '/tmp/tmpkfbs784l', '--error-file', '/tmp/tmpsk8xtj45']
[2023-01-27 09:16:02,899] {standard_task_runner.py:80} INFO - Job 4: Subtask insert_district_daily
[2023-01-27 09:16:02,987] {task_command.py:369} INFO - Running <TaskInstance: d_1_final_project.insert_district_daily scheduled__2023-01-26T00:00:00+00:00 [running]> on host 8d3d6e5fb419
[2023-01-27 09:16:03,094] {taskinstance.py:1571} INFO - Exporting the following env vars:
AIRFLOW_CTX_DAG_OWNER=***
AIRFLOW_CTX_DAG_ID=d_1_final_project
AIRFLOW_CTX_TASK_ID=insert_district_daily
AIRFLOW_CTX_EXECUTION_DATE=2023-01-26T00:00:00+00:00
AIRFLOW_CTX_TRY_NUMBER=1
AIRFLOW_CTX_DAG_RUN_ID=scheduled__2023-01-26T00:00:00+00:00
[2023-01-27 09:16:03,285] {logging_mixin.py:115} INFO - GET DATA FROM SQL SUCCESS
[2023-01-27 09:16:03,320] {logging_mixin.py:115} INFO - GET DATA FROM SQL SUCCESS
[2023-01-27 09:16:03,478] {logging_mixin.py:115} INFO - INSERTED TO POSTGRES SUCCESSFULLY
[2023-01-27 09:16:03,599] {logging_mixin.py:115} INFO - INSERTED TO POSTGRES SUCCESSFULLY
[2023-01-27 09:16:03,600] {python.py:173} INFO - Done. Returned value was: None
[2023-01-27 09:16:03,621] {taskinstance.py:1400} INFO - Marking task as SUCCESS. dag_id=d_1_final_project, task_id=insert_district_daily, execution_date=20230126T000000, start_date=20230127T091602, end_date=20230127T091603
[2023-01-27 09:16:03,672] {local_task_job.py:156} INFO - Task exited with return code 0
[2023-01-27 09:16:03,710] {local_task_job.py:273} INFO - 0 downstream tasks scheduled from follow-on schedule check
