[2023-01-25 14:30:14,431] {taskinstance.py:1159} INFO - Dependencies all met for <TaskInstance: d_1_final_project.insert_province_daily scheduled__2023-01-24T00:00:00+00:00 [queued]>
[2023-01-25 14:30:14,441] {taskinstance.py:1159} INFO - Dependencies all met for <TaskInstance: d_1_final_project.insert_province_daily scheduled__2023-01-24T00:00:00+00:00 [queued]>
[2023-01-25 14:30:14,441] {taskinstance.py:1356} INFO - 
--------------------------------------------------------------------------------
[2023-01-25 14:30:14,442] {taskinstance.py:1357} INFO - Starting attempt 1 of 1
[2023-01-25 14:30:14,443] {taskinstance.py:1358} INFO - 
--------------------------------------------------------------------------------
[2023-01-25 14:30:14,465] {taskinstance.py:1377} INFO - Executing <Task(PythonOperator): insert_province_daily> on 2023-01-24 00:00:00+00:00
[2023-01-25 14:30:14,470] {standard_task_runner.py:52} INFO - Started process 278 to run task
[2023-01-25 14:30:14,474] {standard_task_runner.py:79} INFO - Running: ['***', 'tasks', 'run', 'd_1_final_project', 'insert_province_daily', 'scheduled__2023-01-24T00:00:00+00:00', '--job-id', '104', '--raw', '--subdir', 'DAGS_FOLDER/d_1_final_project.py', '--cfg-path', '/tmp/tmpewziw5sp', '--error-file', '/tmp/tmp8b5f_8j5']
[2023-01-25 14:30:14,476] {standard_task_runner.py:80} INFO - Job 104: Subtask insert_province_daily
[2023-01-25 14:30:14,569] {task_command.py:369} INFO - Running <TaskInstance: d_1_final_project.insert_province_daily scheduled__2023-01-24T00:00:00+00:00 [running]> on host da01296d3c51
[2023-01-25 14:30:14,680] {taskinstance.py:1571} INFO - Exporting the following env vars:
AIRFLOW_CTX_DAG_OWNER=***
AIRFLOW_CTX_DAG_ID=d_1_final_project
AIRFLOW_CTX_TASK_ID=insert_province_daily
AIRFLOW_CTX_EXECUTION_DATE=2023-01-24T00:00:00+00:00
AIRFLOW_CTX_TRY_NUMBER=1
AIRFLOW_CTX_DAG_RUN_ID=scheduled__2023-01-24T00:00:00+00:00
[2023-01-25 14:30:14,858] {logging_mixin.py:115} INFO - GET DATA FROM SQL SUCCESS
[2023-01-25 14:30:14,896] {logging_mixin.py:115} INFO - GET DATA FROM SQL SUCCESS
[2023-01-25 14:30:15,051] {logging_mixin.py:115} INFO - INSERTED TO POSTGRES SUCCESSFULLY
[2023-01-25 14:30:15,138] {logging_mixin.py:115} INFO - INSERTED TO POSTGRES SUCCESSFULLY
[2023-01-25 14:30:15,139] {python.py:173} INFO - Done. Returned value was: None
[2023-01-25 14:30:15,162] {taskinstance.py:1400} INFO - Marking task as SUCCESS. dag_id=d_1_final_project, task_id=insert_province_daily, execution_date=20230124T000000, start_date=20230125T143014, end_date=20230125T143015
[2023-01-25 14:30:15,210] {local_task_job.py:156} INFO - Task exited with return code 0
[2023-01-25 14:30:15,263] {local_task_job.py:273} INFO - 0 downstream tasks scheduled from follow-on schedule check
