[2023-01-27 08:56:27,302] {taskinstance.py:1159} INFO - Dependencies all met for <TaskInstance: d_1_final_project.generate_dim scheduled__2023-01-26T00:00:00+00:00 [queued]>
[2023-01-27 08:56:27,318] {taskinstance.py:1159} INFO - Dependencies all met for <TaskInstance: d_1_final_project.generate_dim scheduled__2023-01-26T00:00:00+00:00 [queued]>
[2023-01-27 08:56:27,319] {taskinstance.py:1356} INFO - 
--------------------------------------------------------------------------------
[2023-01-27 08:56:27,320] {taskinstance.py:1357} INFO - Starting attempt 1 of 1
[2023-01-27 08:56:27,320] {taskinstance.py:1358} INFO - 
--------------------------------------------------------------------------------
[2023-01-27 08:56:27,346] {taskinstance.py:1377} INFO - Executing <Task(PythonOperator): generate_dim> on 2023-01-26 00:00:00+00:00
[2023-01-27 08:56:27,352] {standard_task_runner.py:52} INFO - Started process 281 to run task
[2023-01-27 08:56:27,356] {standard_task_runner.py:79} INFO - Running: ['***', 'tasks', 'run', 'd_1_final_project', 'generate_dim', 'scheduled__2023-01-26T00:00:00+00:00', '--job-id', '4', '--raw', '--subdir', 'DAGS_FOLDER/d_1_final_project.py', '--cfg-path', '/tmp/tmpzlm163wq', '--error-file', '/tmp/tmptx3whzhv']
[2023-01-27 08:56:27,358] {standard_task_runner.py:80} INFO - Job 4: Subtask generate_dim
[2023-01-27 08:56:27,466] {task_command.py:369} INFO - Running <TaskInstance: d_1_final_project.generate_dim scheduled__2023-01-26T00:00:00+00:00 [running]> on host e5da601aaf74
[2023-01-27 08:56:27,668] {taskinstance.py:1571} INFO - Exporting the following env vars:
AIRFLOW_CTX_DAG_OWNER=***
AIRFLOW_CTX_DAG_ID=d_1_final_project
AIRFLOW_CTX_TASK_ID=generate_dim
AIRFLOW_CTX_EXECUTION_DATE=2023-01-26T00:00:00+00:00
AIRFLOW_CTX_TRY_NUMBER=1
AIRFLOW_CTX_DAG_RUN_ID=scheduled__2023-01-26T00:00:00+00:00
[2023-01-27 08:56:27,991] {logging_mixin.py:115} INFO - GET DATA FROM SQL SUCCESS
[2023-01-27 08:56:28,240] {logging_mixin.py:115} INFO - INSERTED TO POSTGRES SUCCESSFULLY
[2023-01-27 08:56:28,287] {logging_mixin.py:115} INFO - GET DATA FROM SQL SUCCESS
[2023-01-27 08:56:28,374] {logging_mixin.py:115} INFO - INSERTED TO POSTGRES SUCCESSFULLY
[2023-01-27 08:56:28,422] {logging_mixin.py:115} INFO - GET DATA FROM SQL SUCCESS
[2023-01-27 08:56:28,503] {logging_mixin.py:115} INFO - INSERTED TO POSTGRES SUCCESSFULLY
[2023-01-27 08:56:28,504] {python.py:173} INFO - Done. Returned value was: None
[2023-01-27 08:56:28,527] {taskinstance.py:1400} INFO - Marking task as SUCCESS. dag_id=d_1_final_project, task_id=generate_dim, execution_date=20230126T000000, start_date=20230127T085627, end_date=20230127T085628
[2023-01-27 08:56:28,575] {local_task_job.py:156} INFO - Task exited with return code 0
[2023-01-27 08:56:28,645] {local_task_job.py:273} INFO - 2 downstream tasks scheduled from follow-on schedule check
[2023-01-27 09:15:59,889] {taskinstance.py:1159} INFO - Dependencies all met for <TaskInstance: d_1_final_project.generate_dim scheduled__2023-01-26T00:00:00+00:00 [queued]>
[2023-01-27 09:16:00,095] {taskinstance.py:1159} INFO - Dependencies all met for <TaskInstance: d_1_final_project.generate_dim scheduled__2023-01-26T00:00:00+00:00 [queued]>
[2023-01-27 09:16:00,096] {taskinstance.py:1356} INFO - 
--------------------------------------------------------------------------------
[2023-01-27 09:16:00,098] {taskinstance.py:1357} INFO - Starting attempt 1 of 1
[2023-01-27 09:16:00,099] {taskinstance.py:1358} INFO - 
--------------------------------------------------------------------------------
[2023-01-27 09:16:00,123] {taskinstance.py:1377} INFO - Executing <Task(PythonOperator): generate_dim> on 2023-01-26 00:00:00+00:00
[2023-01-27 09:16:00,131] {standard_task_runner.py:52} INFO - Started process 300 to run task
[2023-01-27 09:16:00,137] {standard_task_runner.py:79} INFO - Running: ['***', 'tasks', 'run', 'd_1_final_project', 'generate_dim', 'scheduled__2023-01-26T00:00:00+00:00', '--job-id', '3', '--raw', '--subdir', 'DAGS_FOLDER/d_1_final_project.py', '--cfg-path', '/tmp/tmpd18ut2zg', '--error-file', '/tmp/tmpgtxo34tu']
[2023-01-27 09:16:00,139] {standard_task_runner.py:80} INFO - Job 3: Subtask generate_dim
[2023-01-27 09:16:00,230] {task_command.py:369} INFO - Running <TaskInstance: d_1_final_project.generate_dim scheduled__2023-01-26T00:00:00+00:00 [running]> on host 8d3d6e5fb419
[2023-01-27 09:16:00,337] {taskinstance.py:1571} INFO - Exporting the following env vars:
AIRFLOW_CTX_DAG_OWNER=***
AIRFLOW_CTX_DAG_ID=d_1_final_project
AIRFLOW_CTX_TASK_ID=generate_dim
AIRFLOW_CTX_EXECUTION_DATE=2023-01-26T00:00:00+00:00
AIRFLOW_CTX_TRY_NUMBER=1
AIRFLOW_CTX_DAG_RUN_ID=scheduled__2023-01-26T00:00:00+00:00
[2023-01-27 09:16:00,524] {logging_mixin.py:115} INFO - GET DATA FROM SQL SUCCESS
[2023-01-27 09:16:00,666] {logging_mixin.py:115} INFO - INSERTED TO POSTGRES SUCCESSFULLY
[2023-01-27 09:16:00,701] {logging_mixin.py:115} INFO - GET DATA FROM SQL SUCCESS
[2023-01-27 09:16:00,767] {logging_mixin.py:115} INFO - INSERTED TO POSTGRES SUCCESSFULLY
[2023-01-27 09:16:00,799] {logging_mixin.py:115} INFO - GET DATA FROM SQL SUCCESS
[2023-01-27 09:16:00,867] {logging_mixin.py:115} INFO - INSERTED TO POSTGRES SUCCESSFULLY
[2023-01-27 09:16:00,869] {python.py:173} INFO - Done. Returned value was: None
[2023-01-27 09:16:00,889] {taskinstance.py:1400} INFO - Marking task as SUCCESS. dag_id=d_1_final_project, task_id=generate_dim, execution_date=20230126T000000, start_date=20230127T091600, end_date=20230127T091600
[2023-01-27 09:16:00,952] {local_task_job.py:156} INFO - Task exited with return code 0
[2023-01-27 09:16:01,013] {local_task_job.py:273} INFO - 2 downstream tasks scheduled from follow-on schedule check
