[2023-01-27 08:56:30,466] {taskinstance.py:1159} INFO - Dependencies all met for <TaskInstance: d_1_final_project.insert_province_daily scheduled__2023-01-26T00:00:00+00:00 [queued]>
[2023-01-27 08:56:30,488] {taskinstance.py:1159} INFO - Dependencies all met for <TaskInstance: d_1_final_project.insert_province_daily scheduled__2023-01-26T00:00:00+00:00 [queued]>
[2023-01-27 08:56:30,489] {taskinstance.py:1356} INFO - 
--------------------------------------------------------------------------------
[2023-01-27 08:56:30,489] {taskinstance.py:1357} INFO - Starting attempt 1 of 1
[2023-01-27 08:56:30,490] {taskinstance.py:1358} INFO - 
--------------------------------------------------------------------------------
[2023-01-27 08:56:30,517] {taskinstance.py:1377} INFO - Executing <Task(PythonOperator): insert_province_daily> on 2023-01-26 00:00:00+00:00
[2023-01-27 08:56:30,524] {standard_task_runner.py:52} INFO - Started process 292 to run task
[2023-01-27 08:56:30,529] {standard_task_runner.py:79} INFO - Running: ['***', 'tasks', 'run', 'd_1_final_project', 'insert_province_daily', 'scheduled__2023-01-26T00:00:00+00:00', '--job-id', '6', '--raw', '--subdir', 'DAGS_FOLDER/d_1_final_project.py', '--cfg-path', '/tmp/tmpsd4veuhc', '--error-file', '/tmp/tmpcvs6k699']
[2023-01-27 08:56:30,531] {standard_task_runner.py:80} INFO - Job 6: Subtask insert_province_daily
[2023-01-27 08:56:30,626] {task_command.py:369} INFO - Running <TaskInstance: d_1_final_project.insert_province_daily scheduled__2023-01-26T00:00:00+00:00 [running]> on host e5da601aaf74
[2023-01-27 08:56:30,748] {taskinstance.py:1571} INFO - Exporting the following env vars:
AIRFLOW_CTX_DAG_OWNER=***
AIRFLOW_CTX_DAG_ID=d_1_final_project
AIRFLOW_CTX_TASK_ID=insert_province_daily
AIRFLOW_CTX_EXECUTION_DATE=2023-01-26T00:00:00+00:00
AIRFLOW_CTX_TRY_NUMBER=1
AIRFLOW_CTX_DAG_RUN_ID=scheduled__2023-01-26T00:00:00+00:00
[2023-01-27 08:56:30,948] {logging_mixin.py:115} INFO - GET DATA FROM SQL SUCCESS
[2023-01-27 08:56:30,989] {logging_mixin.py:115} INFO - GET DATA FROM SQL SUCCESS
[2023-01-27 08:56:31,145] {logging_mixin.py:115} INFO - INSERTED TO POSTGRES SUCCESSFULLY
[2023-01-27 08:56:31,248] {logging_mixin.py:115} INFO - INSERTED TO POSTGRES SUCCESSFULLY
[2023-01-27 08:56:31,249] {python.py:173} INFO - Done. Returned value was: None
[2023-01-27 08:56:31,272] {taskinstance.py:1400} INFO - Marking task as SUCCESS. dag_id=d_1_final_project, task_id=insert_province_daily, execution_date=20230126T000000, start_date=20230127T085630, end_date=20230127T085631
[2023-01-27 08:56:31,307] {local_task_job.py:156} INFO - Task exited with return code 0
[2023-01-27 08:56:31,370] {local_task_job.py:273} INFO - 0 downstream tasks scheduled from follow-on schedule check
[2023-01-27 09:16:02,898] {taskinstance.py:1159} INFO - Dependencies all met for <TaskInstance: d_1_final_project.insert_province_daily scheduled__2023-01-26T00:00:00+00:00 [queued]>
[2023-01-27 09:16:02,915] {taskinstance.py:1159} INFO - Dependencies all met for <TaskInstance: d_1_final_project.insert_province_daily scheduled__2023-01-26T00:00:00+00:00 [queued]>
[2023-01-27 09:16:02,916] {taskinstance.py:1356} INFO - 
--------------------------------------------------------------------------------
[2023-01-27 09:16:02,917] {taskinstance.py:1357} INFO - Starting attempt 1 of 1
[2023-01-27 09:16:02,918] {taskinstance.py:1358} INFO - 
--------------------------------------------------------------------------------
[2023-01-27 09:16:02,938] {taskinstance.py:1377} INFO - Executing <Task(PythonOperator): insert_province_daily> on 2023-01-26 00:00:00+00:00
[2023-01-27 09:16:02,944] {standard_task_runner.py:52} INFO - Started process 306 to run task
[2023-01-27 09:16:02,949] {standard_task_runner.py:79} INFO - Running: ['***', 'tasks', 'run', 'd_1_final_project', 'insert_province_daily', 'scheduled__2023-01-26T00:00:00+00:00', '--job-id', '5', '--raw', '--subdir', 'DAGS_FOLDER/d_1_final_project.py', '--cfg-path', '/tmp/tmp157pz1ch', '--error-file', '/tmp/tmphjtec3yk']
[2023-01-27 09:16:02,951] {standard_task_runner.py:80} INFO - Job 5: Subtask insert_province_daily
[2023-01-27 09:16:03,028] {task_command.py:369} INFO - Running <TaskInstance: d_1_final_project.insert_province_daily scheduled__2023-01-26T00:00:00+00:00 [running]> on host 8d3d6e5fb419
[2023-01-27 09:16:03,152] {taskinstance.py:1571} INFO - Exporting the following env vars:
AIRFLOW_CTX_DAG_OWNER=***
AIRFLOW_CTX_DAG_ID=d_1_final_project
AIRFLOW_CTX_TASK_ID=insert_province_daily
AIRFLOW_CTX_EXECUTION_DATE=2023-01-26T00:00:00+00:00
AIRFLOW_CTX_TRY_NUMBER=1
AIRFLOW_CTX_DAG_RUN_ID=scheduled__2023-01-26T00:00:00+00:00
[2023-01-27 09:16:03,346] {logging_mixin.py:115} INFO - GET DATA FROM SQL SUCCESS
[2023-01-27 09:16:03,390] {logging_mixin.py:115} INFO - GET DATA FROM SQL SUCCESS
[2023-01-27 09:16:03,537] {logging_mixin.py:115} INFO - INSERTED TO POSTGRES SUCCESSFULLY
[2023-01-27 09:16:03,628] {logging_mixin.py:115} INFO - INSERTED TO POSTGRES SUCCESSFULLY
[2023-01-27 09:16:03,629] {python.py:173} INFO - Done. Returned value was: None
[2023-01-27 09:16:03,647] {taskinstance.py:1400} INFO - Marking task as SUCCESS. dag_id=d_1_final_project, task_id=insert_province_daily, execution_date=20230126T000000, start_date=20230127T091602, end_date=20230127T091603
[2023-01-27 09:16:03,685] {local_task_job.py:156} INFO - Task exited with return code 0
[2023-01-27 09:16:03,726] {local_task_job.py:273} INFO - 0 downstream tasks scheduled from follow-on schedule check
