[2023-01-23 10:36:50,596] {taskinstance.py:1159} INFO - Dependencies all met for <TaskInstance: d_1_final_project.generate_dim manual__2023-01-23T08:21:42.844872+00:00 [queued]>
[2023-01-23 10:36:50,605] {taskinstance.py:1159} INFO - Dependencies all met for <TaskInstance: d_1_final_project.generate_dim manual__2023-01-23T08:21:42.844872+00:00 [queued]>
[2023-01-23 10:36:50,606] {taskinstance.py:1356} INFO - 
--------------------------------------------------------------------------------
[2023-01-23 10:36:50,606] {taskinstance.py:1357} INFO - Starting attempt 25 of 25
[2023-01-23 10:36:50,607] {taskinstance.py:1358} INFO - 
--------------------------------------------------------------------------------
[2023-01-23 10:36:50,622] {taskinstance.py:1377} INFO - Executing <Task(PythonOperator): generate_dim> on 2023-01-23 08:21:42.844872+00:00
[2023-01-23 10:36:50,627] {standard_task_runner.py:52} INFO - Started process 5535 to run task
[2023-01-23 10:36:50,631] {standard_task_runner.py:79} INFO - Running: ['***', 'tasks', 'run', 'd_1_final_project', 'generate_dim', 'manual__2023-01-23T08:21:42.844872+00:00', '--job-id', '69', '--raw', '--subdir', 'DAGS_FOLDER/d_1_final_project.py', '--cfg-path', '/tmp/tmpjl1beb0g', '--error-file', '/tmp/tmp6tavrngl']
[2023-01-23 10:36:50,632] {standard_task_runner.py:80} INFO - Job 69: Subtask generate_dim
[2023-01-23 10:36:50,695] {task_command.py:369} INFO - Running <TaskInstance: d_1_final_project.generate_dim manual__2023-01-23T08:21:42.844872+00:00 [running]> on host da01296d3c51
[2023-01-23 10:36:50,769] {taskinstance.py:1571} INFO - Exporting the following env vars:
AIRFLOW_CTX_DAG_OWNER=***
AIRFLOW_CTX_DAG_ID=d_1_final_project
AIRFLOW_CTX_TASK_ID=generate_dim
AIRFLOW_CTX_EXECUTION_DATE=2023-01-23T08:21:42.844872+00:00
AIRFLOW_CTX_TRY_NUMBER=25
AIRFLOW_CTX_DAG_RUN_ID=manual__2023-01-23T08:21:42.844872+00:00
[2023-01-23 10:36:50,913] {logging_mixin.py:115} INFO - GET DATA FROM SQL SUCCESS
[2023-01-23 10:36:50,939] {logging_mixin.py:115} INFO -      CLOSECONTACT  CONFIRMATION  ...  suspect_meninggal     tanggal
0             274             0  ...                  0  2020-08-05
1             534             0  ...                  0  2020-08-05
2            2127             0  ...                  0  2020-08-05
3               0             0  ...                  0  2020-08-05
4            1295             0  ...                  0  2020-08-05
..            ...           ...  ...                ...         ...
140            32             0  ...                  2  2020-08-10
141             0             0  ...                  0  2020-08-10
142             0             2  ...                  0  2020-08-10
143            12             0  ...                  0  2020-08-10
144            28             1  ...                  0  2020-08-10

[145 rows x 20 columns]
[2023-01-23 10:36:50,940] {python.py:173} INFO - Done. Returned value was: None
[2023-01-23 10:36:50,955] {taskinstance.py:1400} INFO - Marking task as SUCCESS. dag_id=d_1_final_project, task_id=generate_dim, execution_date=20230123T082142, start_date=20230123T103650, end_date=20230123T103650
[2023-01-23 10:36:51,004] {local_task_job.py:156} INFO - Task exited with return code 0
[2023-01-23 10:36:51,044] {local_task_job.py:273} INFO - 0 downstream tasks scheduled from follow-on schedule check
