[2023-01-23 09:22:24,451] {taskinstance.py:1159} INFO - Dependencies all met for <TaskInstance: d_1_final_project.generate_dim manual__2023-01-23T08:21:42.844872+00:00 [queued]>
[2023-01-23 09:22:24,463] {taskinstance.py:1159} INFO - Dependencies all met for <TaskInstance: d_1_final_project.generate_dim manual__2023-01-23T08:21:42.844872+00:00 [queued]>
[2023-01-23 09:22:24,464] {taskinstance.py:1356} INFO - 
--------------------------------------------------------------------------------
[2023-01-23 09:22:24,465] {taskinstance.py:1357} INFO - Starting attempt 13 of 13
[2023-01-23 09:22:24,466] {taskinstance.py:1358} INFO - 
--------------------------------------------------------------------------------
[2023-01-23 09:22:24,652] {taskinstance.py:1377} INFO - Executing <Task(PythonOperator): generate_dim> on 2023-01-23 08:21:42.844872+00:00
[2023-01-23 09:22:24,658] {standard_task_runner.py:52} INFO - Started process 3849 to run task
[2023-01-23 09:22:24,662] {standard_task_runner.py:79} INFO - Running: ['***', 'tasks', 'run', 'd_1_final_project', 'generate_dim', 'manual__2023-01-23T08:21:42.844872+00:00', '--job-id', '46', '--raw', '--subdir', 'DAGS_FOLDER/d_1_final_project.py', '--cfg-path', '/tmp/tmpxn5f2vej', '--error-file', '/tmp/tmpou82y2e_']
[2023-01-23 09:22:24,664] {standard_task_runner.py:80} INFO - Job 46: Subtask generate_dim
[2023-01-23 09:22:24,778] {task_command.py:369} INFO - Running <TaskInstance: d_1_final_project.generate_dim manual__2023-01-23T08:21:42.844872+00:00 [running]> on host da01296d3c51
[2023-01-23 09:22:24,881] {taskinstance.py:1571} INFO - Exporting the following env vars:
AIRFLOW_CTX_DAG_OWNER=***
AIRFLOW_CTX_DAG_ID=d_1_final_project
AIRFLOW_CTX_TASK_ID=generate_dim
AIRFLOW_CTX_EXECUTION_DATE=2023-01-23T08:21:42.844872+00:00
AIRFLOW_CTX_TRY_NUMBER=13
AIRFLOW_CTX_DAG_RUN_ID=manual__2023-01-23T08:21:42.844872+00:00
[2023-01-23 09:22:24,931] {python.py:173} INFO - Done. Returned value was: None
[2023-01-23 09:22:24,945] {taskinstance.py:1400} INFO - Marking task as SUCCESS. dag_id=d_1_final_project, task_id=generate_dim, execution_date=20230123T082142, start_date=20230123T092224, end_date=20230123T092224
[2023-01-23 09:22:24,997] {local_task_job.py:156} INFO - Task exited with return code 0
[2023-01-23 09:22:25,061] {local_task_job.py:273} INFO - 2 downstream tasks scheduled from follow-on schedule check
