[2023-01-23 10:39:13,041] {taskinstance.py:1159} INFO - Dependencies all met for <TaskInstance: d_1_final_project.generate_dim manual__2023-01-23T08:21:42.844872+00:00 [queued]>
[2023-01-23 10:39:13,063] {taskinstance.py:1159} INFO - Dependencies all met for <TaskInstance: d_1_final_project.generate_dim manual__2023-01-23T08:21:42.844872+00:00 [queued]>
[2023-01-23 10:39:13,065] {taskinstance.py:1356} INFO - 
--------------------------------------------------------------------------------
[2023-01-23 10:39:13,066] {taskinstance.py:1357} INFO - Starting attempt 27 of 27
[2023-01-23 10:39:13,067] {taskinstance.py:1358} INFO - 
--------------------------------------------------------------------------------
[2023-01-23 10:39:13,091] {taskinstance.py:1377} INFO - Executing <Task(PythonOperator): generate_dim> on 2023-01-23 08:21:42.844872+00:00
[2023-01-23 10:39:13,100] {standard_task_runner.py:52} INFO - Started process 5609 to run task
[2023-01-23 10:39:13,105] {standard_task_runner.py:79} INFO - Running: ['***', 'tasks', 'run', 'd_1_final_project', 'generate_dim', 'manual__2023-01-23T08:21:42.844872+00:00', '--job-id', '75', '--raw', '--subdir', 'DAGS_FOLDER/d_1_final_project.py', '--cfg-path', '/tmp/tmp0rzrtb5k', '--error-file', '/tmp/tmpp8odiv75']
[2023-01-23 10:39:13,106] {standard_task_runner.py:80} INFO - Job 75: Subtask generate_dim
[2023-01-23 10:39:13,198] {task_command.py:369} INFO - Running <TaskInstance: d_1_final_project.generate_dim manual__2023-01-23T08:21:42.844872+00:00 [running]> on host da01296d3c51
[2023-01-23 10:39:13,297] {taskinstance.py:1571} INFO - Exporting the following env vars:
AIRFLOW_CTX_DAG_OWNER=***
AIRFLOW_CTX_DAG_ID=d_1_final_project
AIRFLOW_CTX_TASK_ID=generate_dim
AIRFLOW_CTX_EXECUTION_DATE=2023-01-23T08:21:42.844872+00:00
AIRFLOW_CTX_TRY_NUMBER=27
AIRFLOW_CTX_DAG_RUN_ID=manual__2023-01-23T08:21:42.844872+00:00
[2023-01-23 10:39:13,352] {python.py:173} INFO - Done. Returned value was: None
[2023-01-23 10:39:13,472] {taskinstance.py:1400} INFO - Marking task as SUCCESS. dag_id=d_1_final_project, task_id=generate_dim, execution_date=20230123T082142, start_date=20230123T103913, end_date=20230123T103913
[2023-01-23 10:39:13,519] {local_task_job.py:156} INFO - Task exited with return code 0
[2023-01-23 10:39:13,562] {local_task_job.py:273} INFO - 2 downstream tasks scheduled from follow-on schedule check
