[2023-01-23 10:44:29,294] {taskinstance.py:1159} INFO - Dependencies all met for <TaskInstance: d_1_final_project.generate_dim manual__2023-01-23T08:21:42.844872+00:00 [queued]>
[2023-01-23 10:44:29,306] {taskinstance.py:1159} INFO - Dependencies all met for <TaskInstance: d_1_final_project.generate_dim manual__2023-01-23T08:21:42.844872+00:00 [queued]>
[2023-01-23 10:44:29,307] {taskinstance.py:1356} INFO - 
--------------------------------------------------------------------------------
[2023-01-23 10:44:29,308] {taskinstance.py:1357} INFO - Starting attempt 31 of 31
[2023-01-23 10:44:29,308] {taskinstance.py:1358} INFO - 
--------------------------------------------------------------------------------
[2023-01-23 10:44:29,327] {taskinstance.py:1377} INFO - Executing <Task(PythonOperator): generate_dim> on 2023-01-23 08:21:42.844872+00:00
[2023-01-23 10:44:29,332] {standard_task_runner.py:52} INFO - Started process 5754 to run task
[2023-01-23 10:44:29,337] {standard_task_runner.py:79} INFO - Running: ['***', 'tasks', 'run', 'd_1_final_project', 'generate_dim', 'manual__2023-01-23T08:21:42.844872+00:00', '--job-id', '83', '--raw', '--subdir', 'DAGS_FOLDER/d_1_final_project.py', '--cfg-path', '/tmp/tmpw_9x89a7', '--error-file', '/tmp/tmpk2gq2evp']
[2023-01-23 10:44:29,338] {standard_task_runner.py:80} INFO - Job 83: Subtask generate_dim
[2023-01-23 10:44:29,399] {task_command.py:369} INFO - Running <TaskInstance: d_1_final_project.generate_dim manual__2023-01-23T08:21:42.844872+00:00 [running]> on host da01296d3c51
[2023-01-23 10:44:29,478] {taskinstance.py:1571} INFO - Exporting the following env vars:
AIRFLOW_CTX_DAG_OWNER=***
AIRFLOW_CTX_DAG_ID=d_1_final_project
AIRFLOW_CTX_TASK_ID=generate_dim
AIRFLOW_CTX_EXECUTION_DATE=2023-01-23T08:21:42.844872+00:00
AIRFLOW_CTX_TRY_NUMBER=31
AIRFLOW_CTX_DAG_RUN_ID=manual__2023-01-23T08:21:42.844872+00:00
[2023-01-23 10:44:29,677] {logging_mixin.py:115} INFO - GET DATA FROM SQL SUCCESS
[2023-01-23 10:44:29,860] {logging_mixin.py:115} INFO - INSERTED TO POSTGRES SUCCESSFULLY
[2023-01-23 10:44:29,898] {logging_mixin.py:115} INFO - GET DATA FROM SQL SUCCESS
[2023-01-23 10:44:29,964] {logging_mixin.py:115} INFO - INSERTED TO POSTGRES SUCCESSFULLY
[2023-01-23 10:44:29,998] {logging_mixin.py:115} INFO - GET DATA FROM SQL SUCCESS
[2023-01-23 10:44:30,044] {logging_mixin.py:115} INFO - INSERTED TO POSTGRES SUCCESSFULLY
[2023-01-23 10:44:30,045] {python.py:173} INFO - Done. Returned value was: None
[2023-01-23 10:44:30,058] {taskinstance.py:1400} INFO - Marking task as SUCCESS. dag_id=d_1_final_project, task_id=generate_dim, execution_date=20230123T082142, start_date=20230123T104429, end_date=20230123T104430
[2023-01-23 10:44:30,112] {local_task_job.py:156} INFO - Task exited with return code 0
[2023-01-23 10:44:30,155] {local_task_job.py:273} INFO - 2 downstream tasks scheduled from follow-on schedule check
