[2023-01-23 11:08:18,546] {taskinstance.py:1159} INFO - Dependencies all met for <TaskInstance: d_1_final_project.generate_dim manual__2023-01-23T08:21:42.844872+00:00 [queued]>
[2023-01-23 11:08:18,559] {taskinstance.py:1159} INFO - Dependencies all met for <TaskInstance: d_1_final_project.generate_dim manual__2023-01-23T08:21:42.844872+00:00 [queued]>
[2023-01-23 11:08:18,560] {taskinstance.py:1356} INFO - 
--------------------------------------------------------------------------------
[2023-01-23 11:08:18,561] {taskinstance.py:1357} INFO - Starting attempt 32 of 32
[2023-01-23 11:08:18,562] {taskinstance.py:1358} INFO - 
--------------------------------------------------------------------------------
[2023-01-23 11:08:18,587] {taskinstance.py:1377} INFO - Executing <Task(PythonOperator): generate_dim> on 2023-01-23 08:21:42.844872+00:00
[2023-01-23 11:08:18,594] {standard_task_runner.py:52} INFO - Started process 6283 to run task
[2023-01-23 11:08:18,599] {standard_task_runner.py:79} INFO - Running: ['***', 'tasks', 'run', 'd_1_final_project', 'generate_dim', 'manual__2023-01-23T08:21:42.844872+00:00', '--job-id', '87', '--raw', '--subdir', 'DAGS_FOLDER/d_1_final_project.py', '--cfg-path', '/tmp/tmp6kugx0gr', '--error-file', '/tmp/tmptzdrygm6']
[2023-01-23 11:08:18,601] {standard_task_runner.py:80} INFO - Job 87: Subtask generate_dim
[2023-01-23 11:08:18,687] {task_command.py:369} INFO - Running <TaskInstance: d_1_final_project.generate_dim manual__2023-01-23T08:21:42.844872+00:00 [running]> on host da01296d3c51
[2023-01-23 11:08:18,776] {taskinstance.py:1571} INFO - Exporting the following env vars:
AIRFLOW_CTX_DAG_OWNER=***
AIRFLOW_CTX_DAG_ID=d_1_final_project
AIRFLOW_CTX_TASK_ID=generate_dim
AIRFLOW_CTX_EXECUTION_DATE=2023-01-23T08:21:42.844872+00:00
AIRFLOW_CTX_TRY_NUMBER=32
AIRFLOW_CTX_DAG_RUN_ID=manual__2023-01-23T08:21:42.844872+00:00
[2023-01-23 11:08:18,957] {logging_mixin.py:115} INFO - GET DATA FROM SQL SUCCESS
[2023-01-23 11:08:19,128] {logging_mixin.py:115} INFO - INSERTED TO POSTGRES SUCCESSFULLY
[2023-01-23 11:08:19,158] {logging_mixin.py:115} INFO - GET DATA FROM SQL SUCCESS
[2023-01-23 11:08:19,210] {logging_mixin.py:115} INFO - INSERTED TO POSTGRES SUCCESSFULLY
[2023-01-23 11:08:19,239] {logging_mixin.py:115} INFO - GET DATA FROM SQL SUCCESS
[2023-01-23 11:08:19,302] {logging_mixin.py:115} INFO - INSERTED TO POSTGRES SUCCESSFULLY
[2023-01-23 11:08:19,302] {python.py:173} INFO - Done. Returned value was: None
[2023-01-23 11:08:19,316] {taskinstance.py:1400} INFO - Marking task as SUCCESS. dag_id=d_1_final_project, task_id=generate_dim, execution_date=20230123T082142, start_date=20230123T110818, end_date=20230123T110819
[2023-01-23 11:08:19,334] {local_task_job.py:156} INFO - Task exited with return code 0
[2023-01-23 11:08:19,374] {local_task_job.py:273} INFO - 2 downstream tasks scheduled from follow-on schedule check
