[2023-01-23 10:28:32,395] {taskinstance.py:1159} INFO - Dependencies all met for <TaskInstance: d_1_final_project.generate_dim manual__2023-01-23T08:21:42.844872+00:00 [queued]>
[2023-01-23 10:28:32,404] {taskinstance.py:1159} INFO - Dependencies all met for <TaskInstance: d_1_final_project.generate_dim manual__2023-01-23T08:21:42.844872+00:00 [queued]>
[2023-01-23 10:28:32,404] {taskinstance.py:1356} INFO - 
--------------------------------------------------------------------------------
[2023-01-23 10:28:32,405] {taskinstance.py:1357} INFO - Starting attempt 21 of 21
[2023-01-23 10:28:32,405] {taskinstance.py:1358} INFO - 
--------------------------------------------------------------------------------
[2023-01-23 10:28:32,424] {taskinstance.py:1377} INFO - Executing <Task(PythonOperator): generate_dim> on 2023-01-23 08:21:42.844872+00:00
[2023-01-23 10:28:32,428] {standard_task_runner.py:52} INFO - Started process 5312 to run task
[2023-01-23 10:28:32,433] {standard_task_runner.py:79} INFO - Running: ['***', 'tasks', 'run', 'd_1_final_project', 'generate_dim', 'manual__2023-01-23T08:21:42.844872+00:00', '--job-id', '59', '--raw', '--subdir', 'DAGS_FOLDER/d_1_final_project.py', '--cfg-path', '/tmp/tmpjm363u3v', '--error-file', '/tmp/tmp_g4iyelf']
[2023-01-23 10:28:32,435] {standard_task_runner.py:80} INFO - Job 59: Subtask generate_dim
[2023-01-23 10:28:32,495] {task_command.py:369} INFO - Running <TaskInstance: d_1_final_project.generate_dim manual__2023-01-23T08:21:42.844872+00:00 [running]> on host da01296d3c51
[2023-01-23 10:28:32,658] {taskinstance.py:1571} INFO - Exporting the following env vars:
AIRFLOW_CTX_DAG_OWNER=***
AIRFLOW_CTX_DAG_ID=d_1_final_project
AIRFLOW_CTX_TASK_ID=generate_dim
AIRFLOW_CTX_EXECUTION_DATE=2023-01-23T08:21:42.844872+00:00
AIRFLOW_CTX_TRY_NUMBER=21
AIRFLOW_CTX_DAG_RUN_ID=manual__2023-01-23T08:21:42.844872+00:00
[2023-01-23 10:28:32,816] {logging_mixin.py:115} INFO - GET DATA FROM SQL SUCCESS
[2023-01-23 10:28:32,845] {logging_mixin.py:115} INFO -      CLOSECONTACT  CONFIRMATION  ...  suspect_meninggal     tanggal
0             274             0  ...                  0  2020-08-05
1             534             0  ...                  0  2020-08-05
2            2127             0  ...                  0  2020-08-05
3               0             0  ...                  0  2020-08-05
4            1295             0  ...                  0  2020-08-05
..            ...           ...  ...                ...         ...
140            32             0  ...                  2  2020-08-10
141             0             0  ...                  0  2020-08-10
142             0             2  ...                  0  2020-08-10
143            12             0  ...                  0  2020-08-10
144            28             1  ...                  0  2020-08-10

[145 rows x 20 columns]
[2023-01-23 10:28:32,846] {python.py:173} INFO - Done. Returned value was: None
[2023-01-23 10:28:32,859] {taskinstance.py:1400} INFO - Marking task as SUCCESS. dag_id=d_1_final_project, task_id=generate_dim, execution_date=20230123T082142, start_date=20230123T102832, end_date=20230123T102832
[2023-01-23 10:28:32,886] {local_task_job.py:156} INFO - Task exited with return code 0
[2023-01-23 10:28:32,936] {local_task_job.py:273} INFO - 2 downstream tasks scheduled from follow-on schedule check
