[2023-01-23 10:40:24,578] {taskinstance.py:1159} INFO - Dependencies all met for <TaskInstance: d_1_final_project.generate_dim manual__2023-01-23T08:21:42.844872+00:00 [queued]>
[2023-01-23 10:40:24,590] {taskinstance.py:1159} INFO - Dependencies all met for <TaskInstance: d_1_final_project.generate_dim manual__2023-01-23T08:21:42.844872+00:00 [queued]>
[2023-01-23 10:40:24,591] {taskinstance.py:1356} INFO - 
--------------------------------------------------------------------------------
[2023-01-23 10:40:24,592] {taskinstance.py:1357} INFO - Starting attempt 28 of 28
[2023-01-23 10:40:24,593] {taskinstance.py:1358} INFO - 
--------------------------------------------------------------------------------
[2023-01-23 10:40:24,629] {taskinstance.py:1377} INFO - Executing <Task(PythonOperator): generate_dim> on 2023-01-23 08:21:42.844872+00:00
[2023-01-23 10:40:24,637] {standard_task_runner.py:52} INFO - Started process 5651 to run task
[2023-01-23 10:40:24,641] {standard_task_runner.py:79} INFO - Running: ['***', 'tasks', 'run', 'd_1_final_project', 'generate_dim', 'manual__2023-01-23T08:21:42.844872+00:00', '--job-id', '78', '--raw', '--subdir', 'DAGS_FOLDER/d_1_final_project.py', '--cfg-path', '/tmp/tmp18n_3alb', '--error-file', '/tmp/tmpfw5qrqtm']
[2023-01-23 10:40:24,642] {standard_task_runner.py:80} INFO - Job 78: Subtask generate_dim
[2023-01-23 10:40:24,732] {task_command.py:369} INFO - Running <TaskInstance: d_1_final_project.generate_dim manual__2023-01-23T08:21:42.844872+00:00 [running]> on host da01296d3c51
[2023-01-23 10:40:24,838] {taskinstance.py:1571} INFO - Exporting the following env vars:
AIRFLOW_CTX_DAG_OWNER=***
AIRFLOW_CTX_DAG_ID=d_1_final_project
AIRFLOW_CTX_TASK_ID=generate_dim
AIRFLOW_CTX_EXECUTION_DATE=2023-01-23T08:21:42.844872+00:00
AIRFLOW_CTX_TRY_NUMBER=28
AIRFLOW_CTX_DAG_RUN_ID=manual__2023-01-23T08:21:42.844872+00:00
[2023-01-23 10:40:24,886] {python.py:173} INFO - Done. Returned value was: None
[2023-01-23 10:40:24,902] {taskinstance.py:1400} INFO - Marking task as SUCCESS. dag_id=d_1_final_project, task_id=generate_dim, execution_date=20230123T082142, start_date=20230123T104024, end_date=20230123T104024
[2023-01-23 10:40:24,936] {local_task_job.py:156} INFO - Task exited with return code 0
[2023-01-23 10:40:24,985] {local_task_job.py:273} INFO - 2 downstream tasks scheduled from follow-on schedule check
