[2023-01-27 08:52:55,463] {processor.py:153} INFO - Started process (PID=196) to work on /opt/airflow/dags/d_1_final_project.py
[2023-01-27 08:52:55,465] {processor.py:641} INFO - Processing file /opt/airflow/dags/d_1_final_project.py for tasks to queue
[2023-01-27 08:52:55,468] {logging_mixin.py:115} INFO - [2023-01-27 08:52:55,467] {dagbag.py:507} INFO - Filling up the DagBag from /opt/airflow/dags/d_1_final_project.py
[2023-01-27 08:52:56,418] {processor.py:651} INFO - DAG(s) dict_keys(['d_1_final_project']) retrieved from /opt/airflow/dags/d_1_final_project.py
[2023-01-27 08:52:56,612] {logging_mixin.py:115} INFO - [2023-01-27 08:52:56,612] {manager.py:508} INFO - Created Permission View: can read on DAG:d_1_final_project
[2023-01-27 08:52:56,641] {logging_mixin.py:115} INFO - [2023-01-27 08:52:56,641] {manager.py:508} INFO - Created Permission View: can edit on DAG:d_1_final_project
[2023-01-27 08:52:56,665] {logging_mixin.py:115} INFO - [2023-01-27 08:52:56,665] {manager.py:508} INFO - Created Permission View: can delete on DAG:d_1_final_project
[2023-01-27 08:52:56,667] {logging_mixin.py:115} INFO - [2023-01-27 08:52:56,666] {dag.py:2371} INFO - Sync 1 DAGs
[2023-01-27 08:52:56,687] {logging_mixin.py:115} INFO - [2023-01-27 08:52:56,686] {dag.py:2390} INFO - Creating ORM DAG for d_1_final_project
[2023-01-27 08:52:56,718] {logging_mixin.py:115} INFO - [2023-01-27 08:52:56,718] {dag.py:2919} INFO - Setting next_dagrun for d_1_final_project to 2023-01-26T00:00:00+00:00, run_after=2023-01-27T00:00:00+00:00
[2023-01-27 08:52:56,756] {processor.py:161} INFO - Processing /opt/airflow/dags/d_1_final_project.py took 1.306 seconds
[2023-01-27 08:53:27,224] {processor.py:153} INFO - Started process (PID=214) to work on /opt/airflow/dags/d_1_final_project.py
[2023-01-27 08:53:27,227] {processor.py:641} INFO - Processing file /opt/airflow/dags/d_1_final_project.py for tasks to queue
[2023-01-27 08:53:27,230] {logging_mixin.py:115} INFO - [2023-01-27 08:53:27,229] {dagbag.py:507} INFO - Filling up the DagBag from /opt/airflow/dags/d_1_final_project.py
[2023-01-27 08:53:28,397] {processor.py:651} INFO - DAG(s) dict_keys(['d_1_final_project']) retrieved from /opt/airflow/dags/d_1_final_project.py
[2023-01-27 08:53:28,435] {logging_mixin.py:115} INFO - [2023-01-27 08:53:28,435] {dag.py:2371} INFO - Sync 1 DAGs
[2023-01-27 08:53:28,481] {logging_mixin.py:115} INFO - [2023-01-27 08:53:28,481] {dag.py:2919} INFO - Setting next_dagrun for d_1_final_project to 2023-01-27T00:00:00+00:00, run_after=2023-01-28T00:00:00+00:00
[2023-01-27 08:53:28,505] {processor.py:161} INFO - Processing /opt/airflow/dags/d_1_final_project.py took 1.289 seconds
[2023-01-27 08:53:59,037] {processor.py:153} INFO - Started process (PID=226) to work on /opt/airflow/dags/d_1_final_project.py
[2023-01-27 08:53:59,039] {processor.py:641} INFO - Processing file /opt/airflow/dags/d_1_final_project.py for tasks to queue
[2023-01-27 08:53:59,041] {logging_mixin.py:115} INFO - [2023-01-27 08:53:59,041] {dagbag.py:507} INFO - Filling up the DagBag from /opt/airflow/dags/d_1_final_project.py
[2023-01-27 08:54:00,163] {processor.py:651} INFO - DAG(s) dict_keys(['d_1_final_project']) retrieved from /opt/airflow/dags/d_1_final_project.py
[2023-01-27 08:54:00,213] {logging_mixin.py:115} INFO - [2023-01-27 08:54:00,212] {dag.py:2371} INFO - Sync 1 DAGs
[2023-01-27 08:54:00,279] {logging_mixin.py:115} INFO - [2023-01-27 08:54:00,278] {dag.py:2919} INFO - Setting next_dagrun for d_1_final_project to 2023-01-27T00:00:00+00:00, run_after=2023-01-28T00:00:00+00:00
[2023-01-27 08:54:00,307] {processor.py:161} INFO - Processing /opt/airflow/dags/d_1_final_project.py took 1.279 seconds
[2023-01-27 08:54:30,629] {processor.py:153} INFO - Started process (PID=237) to work on /opt/airflow/dags/d_1_final_project.py
[2023-01-27 08:54:30,636] {processor.py:641} INFO - Processing file /opt/airflow/dags/d_1_final_project.py for tasks to queue
[2023-01-27 08:54:30,643] {logging_mixin.py:115} INFO - [2023-01-27 08:54:30,642] {dagbag.py:507} INFO - Filling up the DagBag from /opt/airflow/dags/d_1_final_project.py
[2023-01-27 08:54:31,603] {processor.py:651} INFO - DAG(s) dict_keys(['d_1_final_project']) retrieved from /opt/airflow/dags/d_1_final_project.py
[2023-01-27 08:54:31,655] {logging_mixin.py:115} INFO - [2023-01-27 08:54:31,654] {dag.py:2371} INFO - Sync 1 DAGs
[2023-01-27 08:54:31,709] {logging_mixin.py:115} INFO - [2023-01-27 08:54:31,708] {dag.py:2919} INFO - Setting next_dagrun for d_1_final_project to 2023-01-27T00:00:00+00:00, run_after=2023-01-28T00:00:00+00:00
[2023-01-27 08:54:31,741] {processor.py:161} INFO - Processing /opt/airflow/dags/d_1_final_project.py took 1.146 seconds
[2023-01-27 08:55:02,263] {processor.py:153} INFO - Started process (PID=248) to work on /opt/airflow/dags/d_1_final_project.py
[2023-01-27 08:55:02,264] {processor.py:641} INFO - Processing file /opt/airflow/dags/d_1_final_project.py for tasks to queue
[2023-01-27 08:55:02,266] {logging_mixin.py:115} INFO - [2023-01-27 08:55:02,266] {dagbag.py:507} INFO - Filling up the DagBag from /opt/airflow/dags/d_1_final_project.py
[2023-01-27 08:55:03,091] {processor.py:651} INFO - DAG(s) dict_keys(['d_1_final_project']) retrieved from /opt/airflow/dags/d_1_final_project.py
[2023-01-27 08:55:03,144] {logging_mixin.py:115} INFO - [2023-01-27 08:55:03,142] {dag.py:2371} INFO - Sync 1 DAGs
[2023-01-27 08:55:03,199] {logging_mixin.py:115} INFO - [2023-01-27 08:55:03,199] {dag.py:2919} INFO - Setting next_dagrun for d_1_final_project to 2023-01-27T00:00:00+00:00, run_after=2023-01-28T00:00:00+00:00
[2023-01-27 08:55:03,219] {processor.py:161} INFO - Processing /opt/airflow/dags/d_1_final_project.py took 0.962 seconds
[2023-01-27 08:55:33,824] {processor.py:153} INFO - Started process (PID=259) to work on /opt/airflow/dags/d_1_final_project.py
[2023-01-27 08:55:33,826] {processor.py:641} INFO - Processing file /opt/airflow/dags/d_1_final_project.py for tasks to queue
[2023-01-27 08:55:33,827] {logging_mixin.py:115} INFO - [2023-01-27 08:55:33,827] {dagbag.py:507} INFO - Filling up the DagBag from /opt/airflow/dags/d_1_final_project.py
[2023-01-27 08:55:34,833] {processor.py:651} INFO - DAG(s) dict_keys(['d_1_final_project']) retrieved from /opt/airflow/dags/d_1_final_project.py
[2023-01-27 08:55:34,871] {logging_mixin.py:115} INFO - [2023-01-27 08:55:34,870] {dag.py:2371} INFO - Sync 1 DAGs
[2023-01-27 08:55:34,914] {logging_mixin.py:115} INFO - [2023-01-27 08:55:34,914] {dag.py:2919} INFO - Setting next_dagrun for d_1_final_project to 2023-01-27T00:00:00+00:00, run_after=2023-01-28T00:00:00+00:00
[2023-01-27 08:55:34,940] {processor.py:161} INFO - Processing /opt/airflow/dags/d_1_final_project.py took 1.121 seconds
[2023-01-27 08:56:05,464] {processor.py:153} INFO - Started process (PID=270) to work on /opt/airflow/dags/d_1_final_project.py
[2023-01-27 08:56:05,467] {processor.py:641} INFO - Processing file /opt/airflow/dags/d_1_final_project.py for tasks to queue
[2023-01-27 08:56:05,468] {logging_mixin.py:115} INFO - [2023-01-27 08:56:05,468] {dagbag.py:507} INFO - Filling up the DagBag from /opt/airflow/dags/d_1_final_project.py
[2023-01-27 08:56:06,423] {processor.py:651} INFO - DAG(s) dict_keys(['d_1_final_project']) retrieved from /opt/airflow/dags/d_1_final_project.py
[2023-01-27 08:56:06,464] {logging_mixin.py:115} INFO - [2023-01-27 08:56:06,463] {dag.py:2371} INFO - Sync 1 DAGs
[2023-01-27 08:56:06,517] {logging_mixin.py:115} INFO - [2023-01-27 08:56:06,517] {dag.py:2919} INFO - Setting next_dagrun for d_1_final_project to 2023-01-27T00:00:00+00:00, run_after=2023-01-28T00:00:00+00:00
[2023-01-27 08:56:06,548] {processor.py:161} INFO - Processing /opt/airflow/dags/d_1_final_project.py took 1.096 seconds
[2023-01-27 08:56:37,046] {processor.py:153} INFO - Started process (PID=293) to work on /opt/airflow/dags/d_1_final_project.py
[2023-01-27 08:56:37,047] {processor.py:641} INFO - Processing file /opt/airflow/dags/d_1_final_project.py for tasks to queue
[2023-01-27 08:56:37,049] {logging_mixin.py:115} INFO - [2023-01-27 08:56:37,049] {dagbag.py:507} INFO - Filling up the DagBag from /opt/airflow/dags/d_1_final_project.py
[2023-01-27 08:56:37,952] {processor.py:651} INFO - DAG(s) dict_keys(['d_1_final_project']) retrieved from /opt/airflow/dags/d_1_final_project.py
[2023-01-27 08:56:38,019] {logging_mixin.py:115} INFO - [2023-01-27 08:56:38,017] {dag.py:2371} INFO - Sync 1 DAGs
[2023-01-27 08:56:38,108] {logging_mixin.py:115} INFO - [2023-01-27 08:56:38,108] {dag.py:2919} INFO - Setting next_dagrun for d_1_final_project to 2023-01-27T00:00:00+00:00, run_after=2023-01-28T00:00:00+00:00
[2023-01-27 08:56:38,141] {processor.py:161} INFO - Processing /opt/airflow/dags/d_1_final_project.py took 1.101 seconds
[2023-01-27 08:57:08,575] {processor.py:153} INFO - Started process (PID=304) to work on /opt/airflow/dags/d_1_final_project.py
[2023-01-27 08:57:08,577] {processor.py:641} INFO - Processing file /opt/airflow/dags/d_1_final_project.py for tasks to queue
[2023-01-27 08:57:08,578] {logging_mixin.py:115} INFO - [2023-01-27 08:57:08,578] {dagbag.py:507} INFO - Filling up the DagBag from /opt/airflow/dags/d_1_final_project.py
[2023-01-27 08:57:09,690] {processor.py:651} INFO - DAG(s) dict_keys(['d_1_final_project']) retrieved from /opt/airflow/dags/d_1_final_project.py
[2023-01-27 08:57:09,742] {logging_mixin.py:115} INFO - [2023-01-27 08:57:09,742] {dag.py:2371} INFO - Sync 1 DAGs
[2023-01-27 08:57:09,799] {logging_mixin.py:115} INFO - [2023-01-27 08:57:09,799] {dag.py:2919} INFO - Setting next_dagrun for d_1_final_project to 2023-01-27T00:00:00+00:00, run_after=2023-01-28T00:00:00+00:00
[2023-01-27 08:57:09,835] {processor.py:161} INFO - Processing /opt/airflow/dags/d_1_final_project.py took 1.266 seconds
[2023-01-27 08:57:40,279] {processor.py:153} INFO - Started process (PID=315) to work on /opt/airflow/dags/d_1_final_project.py
[2023-01-27 08:57:40,281] {processor.py:641} INFO - Processing file /opt/airflow/dags/d_1_final_project.py for tasks to queue
[2023-01-27 08:57:40,283] {logging_mixin.py:115} INFO - [2023-01-27 08:57:40,282] {dagbag.py:507} INFO - Filling up the DagBag from /opt/airflow/dags/d_1_final_project.py
[2023-01-27 08:57:41,390] {processor.py:651} INFO - DAG(s) dict_keys(['d_1_final_project']) retrieved from /opt/airflow/dags/d_1_final_project.py
[2023-01-27 08:57:41,428] {logging_mixin.py:115} INFO - [2023-01-27 08:57:41,427] {dag.py:2371} INFO - Sync 1 DAGs
[2023-01-27 08:57:41,474] {logging_mixin.py:115} INFO - [2023-01-27 08:57:41,474] {dag.py:2919} INFO - Setting next_dagrun for d_1_final_project to 2023-01-27T00:00:00+00:00, run_after=2023-01-28T00:00:00+00:00
[2023-01-27 08:57:41,502] {processor.py:161} INFO - Processing /opt/airflow/dags/d_1_final_project.py took 1.228 seconds
[2023-01-27 08:58:11,783] {processor.py:153} INFO - Started process (PID=326) to work on /opt/airflow/dags/d_1_final_project.py
[2023-01-27 08:58:11,785] {processor.py:641} INFO - Processing file /opt/airflow/dags/d_1_final_project.py for tasks to queue
[2023-01-27 08:58:11,788] {logging_mixin.py:115} INFO - [2023-01-27 08:58:11,787] {dagbag.py:507} INFO - Filling up the DagBag from /opt/airflow/dags/d_1_final_project.py
[2023-01-27 08:58:12,794] {processor.py:651} INFO - DAG(s) dict_keys(['d_1_final_project']) retrieved from /opt/airflow/dags/d_1_final_project.py
[2023-01-27 08:58:12,839] {logging_mixin.py:115} INFO - [2023-01-27 08:58:12,838] {dag.py:2371} INFO - Sync 1 DAGs
[2023-01-27 08:58:12,889] {logging_mixin.py:115} INFO - [2023-01-27 08:58:12,889] {dag.py:2919} INFO - Setting next_dagrun for d_1_final_project to 2023-01-27T00:00:00+00:00, run_after=2023-01-28T00:00:00+00:00
[2023-01-27 08:58:12,918] {processor.py:161} INFO - Processing /opt/airflow/dags/d_1_final_project.py took 1.143 seconds
[2023-01-27 08:58:43,348] {processor.py:153} INFO - Started process (PID=337) to work on /opt/airflow/dags/d_1_final_project.py
[2023-01-27 08:58:43,350] {processor.py:641} INFO - Processing file /opt/airflow/dags/d_1_final_project.py for tasks to queue
[2023-01-27 08:58:43,352] {logging_mixin.py:115} INFO - [2023-01-27 08:58:43,352] {dagbag.py:507} INFO - Filling up the DagBag from /opt/airflow/dags/d_1_final_project.py
[2023-01-27 08:58:44,204] {processor.py:651} INFO - DAG(s) dict_keys(['d_1_final_project']) retrieved from /opt/airflow/dags/d_1_final_project.py
[2023-01-27 08:58:44,243] {logging_mixin.py:115} INFO - [2023-01-27 08:58:44,242] {dag.py:2371} INFO - Sync 1 DAGs
[2023-01-27 08:58:44,297] {logging_mixin.py:115} INFO - [2023-01-27 08:58:44,297] {dag.py:2919} INFO - Setting next_dagrun for d_1_final_project to 2023-01-27T00:00:00+00:00, run_after=2023-01-28T00:00:00+00:00
[2023-01-27 08:58:44,325] {processor.py:161} INFO - Processing /opt/airflow/dags/d_1_final_project.py took 0.982 seconds
[2023-01-27 08:59:14,843] {processor.py:153} INFO - Started process (PID=348) to work on /opt/airflow/dags/d_1_final_project.py
[2023-01-27 08:59:14,845] {processor.py:641} INFO - Processing file /opt/airflow/dags/d_1_final_project.py for tasks to queue
[2023-01-27 08:59:14,847] {logging_mixin.py:115} INFO - [2023-01-27 08:59:14,847] {dagbag.py:507} INFO - Filling up the DagBag from /opt/airflow/dags/d_1_final_project.py
[2023-01-27 08:59:15,808] {processor.py:651} INFO - DAG(s) dict_keys(['d_1_final_project']) retrieved from /opt/airflow/dags/d_1_final_project.py
[2023-01-27 08:59:15,844] {logging_mixin.py:115} INFO - [2023-01-27 08:59:15,843] {dag.py:2371} INFO - Sync 1 DAGs
[2023-01-27 08:59:15,881] {logging_mixin.py:115} INFO - [2023-01-27 08:59:15,881] {dag.py:2919} INFO - Setting next_dagrun for d_1_final_project to 2023-01-27T00:00:00+00:00, run_after=2023-01-28T00:00:00+00:00
[2023-01-27 08:59:15,904] {processor.py:161} INFO - Processing /opt/airflow/dags/d_1_final_project.py took 1.066 seconds
[2023-01-27 08:59:46,414] {processor.py:153} INFO - Started process (PID=359) to work on /opt/airflow/dags/d_1_final_project.py
[2023-01-27 08:59:46,416] {processor.py:641} INFO - Processing file /opt/airflow/dags/d_1_final_project.py for tasks to queue
[2023-01-27 08:59:46,418] {logging_mixin.py:115} INFO - [2023-01-27 08:59:46,418] {dagbag.py:507} INFO - Filling up the DagBag from /opt/airflow/dags/d_1_final_project.py
[2023-01-27 08:59:47,649] {processor.py:651} INFO - DAG(s) dict_keys(['d_1_final_project']) retrieved from /opt/airflow/dags/d_1_final_project.py
[2023-01-27 08:59:47,736] {logging_mixin.py:115} INFO - [2023-01-27 08:59:47,734] {dag.py:2371} INFO - Sync 1 DAGs
[2023-01-27 08:59:47,806] {logging_mixin.py:115} INFO - [2023-01-27 08:59:47,806] {dag.py:2919} INFO - Setting next_dagrun for d_1_final_project to 2023-01-27T00:00:00+00:00, run_after=2023-01-28T00:00:00+00:00
[2023-01-27 08:59:47,848] {processor.py:161} INFO - Processing /opt/airflow/dags/d_1_final_project.py took 1.440 seconds
[2023-01-27 09:00:18,540] {processor.py:153} INFO - Started process (PID=370) to work on /opt/airflow/dags/d_1_final_project.py
[2023-01-27 09:00:18,545] {processor.py:641} INFO - Processing file /opt/airflow/dags/d_1_final_project.py for tasks to queue
[2023-01-27 09:00:18,550] {logging_mixin.py:115} INFO - [2023-01-27 09:00:18,549] {dagbag.py:507} INFO - Filling up the DagBag from /opt/airflow/dags/d_1_final_project.py
[2023-01-27 09:00:19,738] {processor.py:651} INFO - DAG(s) dict_keys(['d_1_final_project']) retrieved from /opt/airflow/dags/d_1_final_project.py
[2023-01-27 09:00:19,798] {logging_mixin.py:115} INFO - [2023-01-27 09:00:19,797] {dag.py:2371} INFO - Sync 1 DAGs
[2023-01-27 09:00:19,879] {logging_mixin.py:115} INFO - [2023-01-27 09:00:19,879] {dag.py:2919} INFO - Setting next_dagrun for d_1_final_project to 2023-01-27T00:00:00+00:00, run_after=2023-01-28T00:00:00+00:00
[2023-01-27 09:00:19,932] {processor.py:161} INFO - Processing /opt/airflow/dags/d_1_final_project.py took 1.413 seconds
[2023-01-27 09:00:50,489] {processor.py:153} INFO - Started process (PID=381) to work on /opt/airflow/dags/d_1_final_project.py
[2023-01-27 09:00:50,492] {processor.py:641} INFO - Processing file /opt/airflow/dags/d_1_final_project.py for tasks to queue
[2023-01-27 09:00:50,495] {logging_mixin.py:115} INFO - [2023-01-27 09:00:50,494] {dagbag.py:507} INFO - Filling up the DagBag from /opt/airflow/dags/d_1_final_project.py
[2023-01-27 09:00:51,630] {processor.py:651} INFO - DAG(s) dict_keys(['d_1_final_project']) retrieved from /opt/airflow/dags/d_1_final_project.py
[2023-01-27 09:00:51,733] {logging_mixin.py:115} INFO - [2023-01-27 09:00:51,732] {dag.py:2371} INFO - Sync 1 DAGs
[2023-01-27 09:00:51,857] {logging_mixin.py:115} INFO - [2023-01-27 09:00:51,857] {dag.py:2919} INFO - Setting next_dagrun for d_1_final_project to 2023-01-27T00:00:00+00:00, run_after=2023-01-28T00:00:00+00:00
[2023-01-27 09:00:51,895] {processor.py:161} INFO - Processing /opt/airflow/dags/d_1_final_project.py took 1.414 seconds
[2023-01-27 09:01:22,439] {processor.py:153} INFO - Started process (PID=392) to work on /opt/airflow/dags/d_1_final_project.py
[2023-01-27 09:01:22,442] {processor.py:641} INFO - Processing file /opt/airflow/dags/d_1_final_project.py for tasks to queue
[2023-01-27 09:01:22,445] {logging_mixin.py:115} INFO - [2023-01-27 09:01:22,445] {dagbag.py:507} INFO - Filling up the DagBag from /opt/airflow/dags/d_1_final_project.py
[2023-01-27 09:01:23,759] {processor.py:651} INFO - DAG(s) dict_keys(['d_1_final_project']) retrieved from /opt/airflow/dags/d_1_final_project.py
[2023-01-27 09:01:23,861] {logging_mixin.py:115} INFO - [2023-01-27 09:01:23,858] {dag.py:2371} INFO - Sync 1 DAGs
[2023-01-27 09:01:23,975] {logging_mixin.py:115} INFO - [2023-01-27 09:01:23,975] {dag.py:2919} INFO - Setting next_dagrun for d_1_final_project to 2023-01-27T00:00:00+00:00, run_after=2023-01-28T00:00:00+00:00
[2023-01-27 09:01:24,036] {processor.py:161} INFO - Processing /opt/airflow/dags/d_1_final_project.py took 1.605 seconds
[2023-01-27 09:01:54,919] {processor.py:153} INFO - Started process (PID=403) to work on /opt/airflow/dags/d_1_final_project.py
[2023-01-27 09:01:54,921] {processor.py:641} INFO - Processing file /opt/airflow/dags/d_1_final_project.py for tasks to queue
[2023-01-27 09:01:54,924] {logging_mixin.py:115} INFO - [2023-01-27 09:01:54,924] {dagbag.py:507} INFO - Filling up the DagBag from /opt/airflow/dags/d_1_final_project.py
[2023-01-27 09:01:56,035] {processor.py:651} INFO - DAG(s) dict_keys(['d_1_final_project']) retrieved from /opt/airflow/dags/d_1_final_project.py
[2023-01-27 09:01:56,068] {logging_mixin.py:115} INFO - [2023-01-27 09:01:56,068] {dag.py:2371} INFO - Sync 1 DAGs
[2023-01-27 09:01:56,107] {logging_mixin.py:115} INFO - [2023-01-27 09:01:56,107] {dag.py:2919} INFO - Setting next_dagrun for d_1_final_project to 2023-01-27T00:00:00+00:00, run_after=2023-01-28T00:00:00+00:00
[2023-01-27 09:01:56,129] {processor.py:161} INFO - Processing /opt/airflow/dags/d_1_final_project.py took 1.220 seconds
[2023-01-27 09:02:26,753] {processor.py:153} INFO - Started process (PID=414) to work on /opt/airflow/dags/d_1_final_project.py
[2023-01-27 09:02:26,758] {processor.py:641} INFO - Processing file /opt/airflow/dags/d_1_final_project.py for tasks to queue
[2023-01-27 09:02:26,763] {logging_mixin.py:115} INFO - [2023-01-27 09:02:26,763] {dagbag.py:507} INFO - Filling up the DagBag from /opt/airflow/dags/d_1_final_project.py
[2023-01-27 09:02:28,084] {processor.py:651} INFO - DAG(s) dict_keys(['d_1_final_project']) retrieved from /opt/airflow/dags/d_1_final_project.py
[2023-01-27 09:02:28,120] {logging_mixin.py:115} INFO - [2023-01-27 09:02:28,119] {dag.py:2371} INFO - Sync 1 DAGs
[2023-01-27 09:02:28,170] {logging_mixin.py:115} INFO - [2023-01-27 09:02:28,170] {dag.py:2919} INFO - Setting next_dagrun for d_1_final_project to 2023-01-27T00:00:00+00:00, run_after=2023-01-28T00:00:00+00:00
[2023-01-27 09:02:28,195] {processor.py:161} INFO - Processing /opt/airflow/dags/d_1_final_project.py took 1.460 seconds
[2023-01-27 09:02:58,944] {processor.py:153} INFO - Started process (PID=425) to work on /opt/airflow/dags/d_1_final_project.py
[2023-01-27 09:02:58,948] {processor.py:641} INFO - Processing file /opt/airflow/dags/d_1_final_project.py for tasks to queue
[2023-01-27 09:02:58,952] {logging_mixin.py:115} INFO - [2023-01-27 09:02:58,952] {dagbag.py:507} INFO - Filling up the DagBag from /opt/airflow/dags/d_1_final_project.py
[2023-01-27 09:03:00,517] {processor.py:651} INFO - DAG(s) dict_keys(['d_1_final_project']) retrieved from /opt/airflow/dags/d_1_final_project.py
[2023-01-27 09:03:00,554] {logging_mixin.py:115} INFO - [2023-01-27 09:03:00,554] {dag.py:2371} INFO - Sync 1 DAGs
[2023-01-27 09:03:00,599] {logging_mixin.py:115} INFO - [2023-01-27 09:03:00,599] {dag.py:2919} INFO - Setting next_dagrun for d_1_final_project to 2023-01-27T00:00:00+00:00, run_after=2023-01-28T00:00:00+00:00
[2023-01-27 09:03:00,625] {processor.py:161} INFO - Processing /opt/airflow/dags/d_1_final_project.py took 1.693 seconds
[2023-01-27 09:03:31,437] {processor.py:153} INFO - Started process (PID=436) to work on /opt/airflow/dags/d_1_final_project.py
[2023-01-27 09:03:31,442] {processor.py:641} INFO - Processing file /opt/airflow/dags/d_1_final_project.py for tasks to queue
[2023-01-27 09:03:31,446] {logging_mixin.py:115} INFO - [2023-01-27 09:03:31,445] {dagbag.py:507} INFO - Filling up the DagBag from /opt/airflow/dags/d_1_final_project.py
[2023-01-27 09:03:32,499] {processor.py:651} INFO - DAG(s) dict_keys(['d_1_final_project']) retrieved from /opt/airflow/dags/d_1_final_project.py
[2023-01-27 09:03:32,529] {logging_mixin.py:115} INFO - [2023-01-27 09:03:32,529] {dag.py:2371} INFO - Sync 1 DAGs
[2023-01-27 09:03:32,561] {logging_mixin.py:115} INFO - [2023-01-27 09:03:32,561] {dag.py:2919} INFO - Setting next_dagrun for d_1_final_project to 2023-01-27T00:00:00+00:00, run_after=2023-01-28T00:00:00+00:00
[2023-01-27 09:03:32,582] {processor.py:161} INFO - Processing /opt/airflow/dags/d_1_final_project.py took 1.164 seconds
[2023-01-27 09:04:03,066] {processor.py:153} INFO - Started process (PID=447) to work on /opt/airflow/dags/d_1_final_project.py
[2023-01-27 09:04:03,069] {processor.py:641} INFO - Processing file /opt/airflow/dags/d_1_final_project.py for tasks to queue
[2023-01-27 09:04:03,071] {logging_mixin.py:115} INFO - [2023-01-27 09:04:03,071] {dagbag.py:507} INFO - Filling up the DagBag from /opt/airflow/dags/d_1_final_project.py
[2023-01-27 09:04:04,385] {processor.py:651} INFO - DAG(s) dict_keys(['d_1_final_project']) retrieved from /opt/airflow/dags/d_1_final_project.py
[2023-01-27 09:04:04,419] {logging_mixin.py:115} INFO - [2023-01-27 09:04:04,418] {dag.py:2371} INFO - Sync 1 DAGs
[2023-01-27 09:04:04,457] {logging_mixin.py:115} INFO - [2023-01-27 09:04:04,457] {dag.py:2919} INFO - Setting next_dagrun for d_1_final_project to 2023-01-27T00:00:00+00:00, run_after=2023-01-28T00:00:00+00:00
[2023-01-27 09:04:04,488] {processor.py:161} INFO - Processing /opt/airflow/dags/d_1_final_project.py took 1.431 seconds
[2023-01-27 09:04:35,077] {processor.py:153} INFO - Started process (PID=458) to work on /opt/airflow/dags/d_1_final_project.py
[2023-01-27 09:04:35,079] {processor.py:641} INFO - Processing file /opt/airflow/dags/d_1_final_project.py for tasks to queue
[2023-01-27 09:04:35,081] {logging_mixin.py:115} INFO - [2023-01-27 09:04:35,081] {dagbag.py:507} INFO - Filling up the DagBag from /opt/airflow/dags/d_1_final_project.py
[2023-01-27 09:04:35,954] {processor.py:651} INFO - DAG(s) dict_keys(['d_1_final_project']) retrieved from /opt/airflow/dags/d_1_final_project.py
[2023-01-27 09:04:36,071] {logging_mixin.py:115} INFO - [2023-01-27 09:04:36,069] {dag.py:2371} INFO - Sync 1 DAGs
[2023-01-27 09:04:36,145] {logging_mixin.py:115} INFO - [2023-01-27 09:04:36,145] {dag.py:2919} INFO - Setting next_dagrun for d_1_final_project to 2023-01-27T00:00:00+00:00, run_after=2023-01-28T00:00:00+00:00
[2023-01-27 09:04:36,164] {processor.py:161} INFO - Processing /opt/airflow/dags/d_1_final_project.py took 1.095 seconds
[2023-01-27 09:05:06,696] {processor.py:153} INFO - Started process (PID=469) to work on /opt/airflow/dags/d_1_final_project.py
[2023-01-27 09:05:06,698] {processor.py:641} INFO - Processing file /opt/airflow/dags/d_1_final_project.py for tasks to queue
[2023-01-27 09:05:06,700] {logging_mixin.py:115} INFO - [2023-01-27 09:05:06,700] {dagbag.py:507} INFO - Filling up the DagBag from /opt/airflow/dags/d_1_final_project.py
[2023-01-27 09:05:07,861] {processor.py:651} INFO - DAG(s) dict_keys(['d_1_final_project']) retrieved from /opt/airflow/dags/d_1_final_project.py
[2023-01-27 09:05:07,891] {logging_mixin.py:115} INFO - [2023-01-27 09:05:07,891] {dag.py:2371} INFO - Sync 1 DAGs
[2023-01-27 09:05:07,954] {logging_mixin.py:115} INFO - [2023-01-27 09:05:07,954] {dag.py:2919} INFO - Setting next_dagrun for d_1_final_project to 2023-01-27T00:00:00+00:00, run_after=2023-01-28T00:00:00+00:00
[2023-01-27 09:05:08,009] {processor.py:161} INFO - Processing /opt/airflow/dags/d_1_final_project.py took 1.321 seconds
[2023-01-27 09:05:38,606] {processor.py:153} INFO - Started process (PID=480) to work on /opt/airflow/dags/d_1_final_project.py
[2023-01-27 09:05:38,609] {processor.py:641} INFO - Processing file /opt/airflow/dags/d_1_final_project.py for tasks to queue
[2023-01-27 09:05:38,612] {logging_mixin.py:115} INFO - [2023-01-27 09:05:38,612] {dagbag.py:507} INFO - Filling up the DagBag from /opt/airflow/dags/d_1_final_project.py
[2023-01-27 09:05:39,473] {processor.py:651} INFO - DAG(s) dict_keys(['d_1_final_project']) retrieved from /opt/airflow/dags/d_1_final_project.py
[2023-01-27 09:05:39,530] {logging_mixin.py:115} INFO - [2023-01-27 09:05:39,529] {dag.py:2371} INFO - Sync 1 DAGs
[2023-01-27 09:05:39,590] {logging_mixin.py:115} INFO - [2023-01-27 09:05:39,590] {dag.py:2919} INFO - Setting next_dagrun for d_1_final_project to 2023-01-27T00:00:00+00:00, run_after=2023-01-28T00:00:00+00:00
[2023-01-27 09:05:39,624] {processor.py:161} INFO - Processing /opt/airflow/dags/d_1_final_project.py took 1.031 seconds
[2023-01-27 09:06:10,146] {processor.py:153} INFO - Started process (PID=491) to work on /opt/airflow/dags/d_1_final_project.py
[2023-01-27 09:06:10,148] {processor.py:641} INFO - Processing file /opt/airflow/dags/d_1_final_project.py for tasks to queue
[2023-01-27 09:06:10,149] {logging_mixin.py:115} INFO - [2023-01-27 09:06:10,149] {dagbag.py:507} INFO - Filling up the DagBag from /opt/airflow/dags/d_1_final_project.py
[2023-01-27 09:06:11,261] {processor.py:651} INFO - DAG(s) dict_keys(['d_1_final_project']) retrieved from /opt/airflow/dags/d_1_final_project.py
[2023-01-27 09:06:11,316] {logging_mixin.py:115} INFO - [2023-01-27 09:06:11,315] {dag.py:2371} INFO - Sync 1 DAGs
[2023-01-27 09:06:11,381] {logging_mixin.py:115} INFO - [2023-01-27 09:06:11,381] {dag.py:2919} INFO - Setting next_dagrun for d_1_final_project to 2023-01-27T00:00:00+00:00, run_after=2023-01-28T00:00:00+00:00
[2023-01-27 09:06:11,415] {processor.py:161} INFO - Processing /opt/airflow/dags/d_1_final_project.py took 1.276 seconds
[2023-01-27 09:06:41,940] {processor.py:153} INFO - Started process (PID=502) to work on /opt/airflow/dags/d_1_final_project.py
[2023-01-27 09:06:41,942] {processor.py:641} INFO - Processing file /opt/airflow/dags/d_1_final_project.py for tasks to queue
[2023-01-27 09:06:41,944] {logging_mixin.py:115} INFO - [2023-01-27 09:06:41,943] {dagbag.py:507} INFO - Filling up the DagBag from /opt/airflow/dags/d_1_final_project.py
[2023-01-27 09:06:42,942] {processor.py:651} INFO - DAG(s) dict_keys(['d_1_final_project']) retrieved from /opt/airflow/dags/d_1_final_project.py
[2023-01-27 09:06:42,980] {logging_mixin.py:115} INFO - [2023-01-27 09:06:42,979] {dag.py:2371} INFO - Sync 1 DAGs
[2023-01-27 09:06:43,015] {logging_mixin.py:115} INFO - [2023-01-27 09:06:43,015] {dag.py:2919} INFO - Setting next_dagrun for d_1_final_project to 2023-01-27T00:00:00+00:00, run_after=2023-01-28T00:00:00+00:00
[2023-01-27 09:06:43,038] {processor.py:161} INFO - Processing /opt/airflow/dags/d_1_final_project.py took 1.105 seconds
[2023-01-27 09:07:13,492] {processor.py:153} INFO - Started process (PID=513) to work on /opt/airflow/dags/d_1_final_project.py
[2023-01-27 09:07:13,493] {processor.py:641} INFO - Processing file /opt/airflow/dags/d_1_final_project.py for tasks to queue
[2023-01-27 09:07:13,495] {logging_mixin.py:115} INFO - [2023-01-27 09:07:13,494] {dagbag.py:507} INFO - Filling up the DagBag from /opt/airflow/dags/d_1_final_project.py
[2023-01-27 09:07:14,057] {processor.py:651} INFO - DAG(s) dict_keys(['d_1_final_project']) retrieved from /opt/airflow/dags/d_1_final_project.py
[2023-01-27 09:07:14,084] {logging_mixin.py:115} INFO - [2023-01-27 09:07:14,084] {dag.py:2371} INFO - Sync 1 DAGs
[2023-01-27 09:07:14,111] {logging_mixin.py:115} INFO - [2023-01-27 09:07:14,111] {dag.py:2919} INFO - Setting next_dagrun for d_1_final_project to 2023-01-27T00:00:00+00:00, run_after=2023-01-28T00:00:00+00:00
[2023-01-27 09:07:14,130] {processor.py:161} INFO - Processing /opt/airflow/dags/d_1_final_project.py took 0.642 seconds
[2023-01-27 09:07:44,750] {processor.py:153} INFO - Started process (PID=524) to work on /opt/airflow/dags/d_1_final_project.py
[2023-01-27 09:07:44,751] {processor.py:641} INFO - Processing file /opt/airflow/dags/d_1_final_project.py for tasks to queue
[2023-01-27 09:07:44,752] {logging_mixin.py:115} INFO - [2023-01-27 09:07:44,752] {dagbag.py:507} INFO - Filling up the DagBag from /opt/airflow/dags/d_1_final_project.py
[2023-01-27 09:07:45,346] {processor.py:651} INFO - DAG(s) dict_keys(['d_1_final_project']) retrieved from /opt/airflow/dags/d_1_final_project.py
[2023-01-27 09:07:45,382] {logging_mixin.py:115} INFO - [2023-01-27 09:07:45,381] {dag.py:2371} INFO - Sync 1 DAGs
[2023-01-27 09:07:45,411] {logging_mixin.py:115} INFO - [2023-01-27 09:07:45,411] {dag.py:2919} INFO - Setting next_dagrun for d_1_final_project to 2023-01-27T00:00:00+00:00, run_after=2023-01-28T00:00:00+00:00
[2023-01-27 09:07:45,426] {processor.py:161} INFO - Processing /opt/airflow/dags/d_1_final_project.py took 0.680 seconds
[2023-01-27 09:08:16,479] {processor.py:153} INFO - Started process (PID=535) to work on /opt/airflow/dags/d_1_final_project.py
[2023-01-27 09:08:16,481] {processor.py:641} INFO - Processing file /opt/airflow/dags/d_1_final_project.py for tasks to queue
[2023-01-27 09:08:16,482] {logging_mixin.py:115} INFO - [2023-01-27 09:08:16,482] {dagbag.py:507} INFO - Filling up the DagBag from /opt/airflow/dags/d_1_final_project.py
[2023-01-27 09:08:17,103] {processor.py:651} INFO - DAG(s) dict_keys(['d_1_final_project']) retrieved from /opt/airflow/dags/d_1_final_project.py
[2023-01-27 09:08:17,127] {logging_mixin.py:115} INFO - [2023-01-27 09:08:17,127] {dag.py:2371} INFO - Sync 1 DAGs
[2023-01-27 09:08:17,152] {logging_mixin.py:115} INFO - [2023-01-27 09:08:17,152] {dag.py:2919} INFO - Setting next_dagrun for d_1_final_project to 2023-01-27T00:00:00+00:00, run_after=2023-01-28T00:00:00+00:00
[2023-01-27 09:08:17,167] {processor.py:161} INFO - Processing /opt/airflow/dags/d_1_final_project.py took 0.694 seconds
[2023-01-27 09:12:18,491] {processor.py:153} INFO - Started process (PID=207) to work on /opt/airflow/dags/d_1_final_project.py
[2023-01-27 09:12:18,493] {processor.py:641} INFO - Processing file /opt/airflow/dags/d_1_final_project.py for tasks to queue
[2023-01-27 09:12:18,498] {logging_mixin.py:115} INFO - [2023-01-27 09:12:18,498] {dagbag.py:507} INFO - Filling up the DagBag from /opt/airflow/dags/d_1_final_project.py
[2023-01-27 09:12:19,306] {processor.py:651} INFO - DAG(s) dict_keys(['d_1_final_project']) retrieved from /opt/airflow/dags/d_1_final_project.py
[2023-01-27 09:12:19,422] {logging_mixin.py:115} INFO - [2023-01-27 09:12:19,422] {manager.py:508} INFO - Created Permission View: can delete on DAG:d_1_final_project
[2023-01-27 09:12:19,439] {logging_mixin.py:115} INFO - [2023-01-27 09:12:19,439] {manager.py:508} INFO - Created Permission View: can read on DAG:d_1_final_project
[2023-01-27 09:12:19,459] {logging_mixin.py:115} INFO - [2023-01-27 09:12:19,459] {manager.py:508} INFO - Created Permission View: can edit on DAG:d_1_final_project
[2023-01-27 09:12:19,461] {logging_mixin.py:115} INFO - [2023-01-27 09:12:19,460] {dag.py:2371} INFO - Sync 1 DAGs
[2023-01-27 09:12:19,485] {logging_mixin.py:115} INFO - [2023-01-27 09:12:19,485] {dag.py:2390} INFO - Creating ORM DAG for d_1_final_project
[2023-01-27 09:12:19,521] {logging_mixin.py:115} INFO - [2023-01-27 09:12:19,520] {dag.py:2919} INFO - Setting next_dagrun for d_1_final_project to 2023-01-26T00:00:00+00:00, run_after=2023-01-27T00:00:00+00:00
[2023-01-27 09:12:19,554] {processor.py:161} INFO - Processing /opt/airflow/dags/d_1_final_project.py took 1.069 seconds
[2023-01-27 09:12:49,779] {processor.py:153} INFO - Started process (PID=218) to work on /opt/airflow/dags/d_1_final_project.py
[2023-01-27 09:12:49,782] {processor.py:641} INFO - Processing file /opt/airflow/dags/d_1_final_project.py for tasks to queue
[2023-01-27 09:12:49,783] {logging_mixin.py:115} INFO - [2023-01-27 09:12:49,783] {dagbag.py:507} INFO - Filling up the DagBag from /opt/airflow/dags/d_1_final_project.py
[2023-01-27 09:12:50,599] {processor.py:651} INFO - DAG(s) dict_keys(['d_1_final_project']) retrieved from /opt/airflow/dags/d_1_final_project.py
[2023-01-27 09:12:50,633] {logging_mixin.py:115} INFO - [2023-01-27 09:12:50,632] {dag.py:2371} INFO - Sync 1 DAGs
[2023-01-27 09:12:50,677] {logging_mixin.py:115} INFO - [2023-01-27 09:12:50,676] {dag.py:2919} INFO - Setting next_dagrun for d_1_final_project to 2023-01-26T00:00:00+00:00, run_after=2023-01-27T00:00:00+00:00
[2023-01-27 09:12:50,702] {processor.py:161} INFO - Processing /opt/airflow/dags/d_1_final_project.py took 0.931 seconds
[2023-01-27 09:13:21,282] {processor.py:153} INFO - Started process (PID=234) to work on /opt/airflow/dags/d_1_final_project.py
[2023-01-27 09:13:21,284] {processor.py:641} INFO - Processing file /opt/airflow/dags/d_1_final_project.py for tasks to queue
[2023-01-27 09:13:21,286] {logging_mixin.py:115} INFO - [2023-01-27 09:13:21,286] {dagbag.py:507} INFO - Filling up the DagBag from /opt/airflow/dags/d_1_final_project.py
[2023-01-27 09:13:21,933] {processor.py:651} INFO - DAG(s) dict_keys(['d_1_final_project']) retrieved from /opt/airflow/dags/d_1_final_project.py
[2023-01-27 09:13:21,961] {logging_mixin.py:115} INFO - [2023-01-27 09:13:21,960] {dag.py:2371} INFO - Sync 1 DAGs
[2023-01-27 09:13:21,987] {logging_mixin.py:115} INFO - [2023-01-27 09:13:21,987] {dag.py:2919} INFO - Setting next_dagrun for d_1_final_project to 2023-01-26T00:00:00+00:00, run_after=2023-01-27T00:00:00+00:00
[2023-01-27 09:13:22,007] {processor.py:161} INFO - Processing /opt/airflow/dags/d_1_final_project.py took 0.728 seconds
[2023-01-27 09:13:52,735] {processor.py:153} INFO - Started process (PID=245) to work on /opt/airflow/dags/d_1_final_project.py
[2023-01-27 09:13:52,736] {processor.py:641} INFO - Processing file /opt/airflow/dags/d_1_final_project.py for tasks to queue
[2023-01-27 09:13:52,737] {logging_mixin.py:115} INFO - [2023-01-27 09:13:52,737] {dagbag.py:507} INFO - Filling up the DagBag from /opt/airflow/dags/d_1_final_project.py
[2023-01-27 09:13:53,260] {processor.py:651} INFO - DAG(s) dict_keys(['d_1_final_project']) retrieved from /opt/airflow/dags/d_1_final_project.py
[2023-01-27 09:13:53,282] {logging_mixin.py:115} INFO - [2023-01-27 09:13:53,282] {dag.py:2371} INFO - Sync 1 DAGs
[2023-01-27 09:13:53,304] {logging_mixin.py:115} INFO - [2023-01-27 09:13:53,304] {dag.py:2919} INFO - Setting next_dagrun for d_1_final_project to 2023-01-26T00:00:00+00:00, run_after=2023-01-27T00:00:00+00:00
[2023-01-27 09:13:53,327] {processor.py:161} INFO - Processing /opt/airflow/dags/d_1_final_project.py took 0.596 seconds
[2023-01-27 09:14:24,132] {processor.py:153} INFO - Started process (PID=256) to work on /opt/airflow/dags/d_1_final_project.py
[2023-01-27 09:14:24,133] {processor.py:641} INFO - Processing file /opt/airflow/dags/d_1_final_project.py for tasks to queue
[2023-01-27 09:14:24,134] {logging_mixin.py:115} INFO - [2023-01-27 09:14:24,134] {dagbag.py:507} INFO - Filling up the DagBag from /opt/airflow/dags/d_1_final_project.py
[2023-01-27 09:14:24,679] {processor.py:651} INFO - DAG(s) dict_keys(['d_1_final_project']) retrieved from /opt/airflow/dags/d_1_final_project.py
[2023-01-27 09:14:24,702] {logging_mixin.py:115} INFO - [2023-01-27 09:14:24,702] {dag.py:2371} INFO - Sync 1 DAGs
[2023-01-27 09:14:24,726] {logging_mixin.py:115} INFO - [2023-01-27 09:14:24,726] {dag.py:2919} INFO - Setting next_dagrun for d_1_final_project to 2023-01-26T00:00:00+00:00, run_after=2023-01-27T00:00:00+00:00
[2023-01-27 09:14:24,744] {processor.py:161} INFO - Processing /opt/airflow/dags/d_1_final_project.py took 0.615 seconds
[2023-01-27 09:14:55,571] {processor.py:153} INFO - Started process (PID=267) to work on /opt/airflow/dags/d_1_final_project.py
[2023-01-27 09:14:55,573] {processor.py:641} INFO - Processing file /opt/airflow/dags/d_1_final_project.py for tasks to queue
[2023-01-27 09:14:55,574] {logging_mixin.py:115} INFO - [2023-01-27 09:14:55,574] {dagbag.py:507} INFO - Filling up the DagBag from /opt/airflow/dags/d_1_final_project.py
[2023-01-27 09:14:56,093] {processor.py:651} INFO - DAG(s) dict_keys(['d_1_final_project']) retrieved from /opt/airflow/dags/d_1_final_project.py
[2023-01-27 09:14:56,117] {logging_mixin.py:115} INFO - [2023-01-27 09:14:56,117] {dag.py:2371} INFO - Sync 1 DAGs
[2023-01-27 09:14:56,142] {logging_mixin.py:115} INFO - [2023-01-27 09:14:56,142] {dag.py:2919} INFO - Setting next_dagrun for d_1_final_project to 2023-01-26T00:00:00+00:00, run_after=2023-01-27T00:00:00+00:00
[2023-01-27 09:14:56,162] {processor.py:161} INFO - Processing /opt/airflow/dags/d_1_final_project.py took 0.594 seconds
[2023-01-27 09:15:26,984] {processor.py:153} INFO - Started process (PID=278) to work on /opt/airflow/dags/d_1_final_project.py
[2023-01-27 09:15:26,986] {processor.py:641} INFO - Processing file /opt/airflow/dags/d_1_final_project.py for tasks to queue
[2023-01-27 09:15:26,987] {logging_mixin.py:115} INFO - [2023-01-27 09:15:26,987] {dagbag.py:507} INFO - Filling up the DagBag from /opt/airflow/dags/d_1_final_project.py
[2023-01-27 09:15:27,649] {processor.py:651} INFO - DAG(s) dict_keys(['d_1_final_project']) retrieved from /opt/airflow/dags/d_1_final_project.py
[2023-01-27 09:15:27,678] {logging_mixin.py:115} INFO - [2023-01-27 09:15:27,677] {dag.py:2371} INFO - Sync 1 DAGs
[2023-01-27 09:15:27,707] {logging_mixin.py:115} INFO - [2023-01-27 09:15:27,707] {dag.py:2919} INFO - Setting next_dagrun for d_1_final_project to 2023-01-26T00:00:00+00:00, run_after=2023-01-27T00:00:00+00:00
[2023-01-27 09:15:27,725] {processor.py:161} INFO - Processing /opt/airflow/dags/d_1_final_project.py took 0.744 seconds
[2023-01-27 09:15:58,363] {processor.py:153} INFO - Started process (PID=292) to work on /opt/airflow/dags/d_1_final_project.py
[2023-01-27 09:15:58,365] {processor.py:641} INFO - Processing file /opt/airflow/dags/d_1_final_project.py for tasks to queue
[2023-01-27 09:15:58,366] {logging_mixin.py:115} INFO - [2023-01-27 09:15:58,366] {dagbag.py:507} INFO - Filling up the DagBag from /opt/airflow/dags/d_1_final_project.py
[2023-01-27 09:15:59,153] {processor.py:651} INFO - DAG(s) dict_keys(['d_1_final_project']) retrieved from /opt/airflow/dags/d_1_final_project.py
[2023-01-27 09:15:59,180] {logging_mixin.py:115} INFO - [2023-01-27 09:15:59,180] {dag.py:2371} INFO - Sync 1 DAGs
[2023-01-27 09:15:59,214] {logging_mixin.py:115} INFO - [2023-01-27 09:15:59,213] {dag.py:2919} INFO - Setting next_dagrun for d_1_final_project to 2023-01-27T00:00:00+00:00, run_after=2023-01-28T00:00:00+00:00
[2023-01-27 09:15:59,232] {processor.py:161} INFO - Processing /opt/airflow/dags/d_1_final_project.py took 0.875 seconds
[2023-01-27 09:16:29,746] {processor.py:153} INFO - Started process (PID=312) to work on /opt/airflow/dags/d_1_final_project.py
[2023-01-27 09:16:29,748] {processor.py:641} INFO - Processing file /opt/airflow/dags/d_1_final_project.py for tasks to queue
[2023-01-27 09:16:29,749] {logging_mixin.py:115} INFO - [2023-01-27 09:16:29,749] {dagbag.py:507} INFO - Filling up the DagBag from /opt/airflow/dags/d_1_final_project.py
[2023-01-27 09:16:30,396] {processor.py:651} INFO - DAG(s) dict_keys(['d_1_final_project']) retrieved from /opt/airflow/dags/d_1_final_project.py
[2023-01-27 09:16:30,432] {logging_mixin.py:115} INFO - [2023-01-27 09:16:30,432] {dag.py:2371} INFO - Sync 1 DAGs
[2023-01-27 09:16:30,466] {logging_mixin.py:115} INFO - [2023-01-27 09:16:30,466] {dag.py:2919} INFO - Setting next_dagrun for d_1_final_project to 2023-01-27T00:00:00+00:00, run_after=2023-01-28T00:00:00+00:00
[2023-01-27 09:16:30,487] {processor.py:161} INFO - Processing /opt/airflow/dags/d_1_final_project.py took 0.745 seconds
[2023-01-27 09:17:01,142] {processor.py:153} INFO - Started process (PID=323) to work on /opt/airflow/dags/d_1_final_project.py
[2023-01-27 09:17:01,143] {processor.py:641} INFO - Processing file /opt/airflow/dags/d_1_final_project.py for tasks to queue
[2023-01-27 09:17:01,145] {logging_mixin.py:115} INFO - [2023-01-27 09:17:01,145] {dagbag.py:507} INFO - Filling up the DagBag from /opt/airflow/dags/d_1_final_project.py
[2023-01-27 09:17:01,686] {processor.py:651} INFO - DAG(s) dict_keys(['d_1_final_project']) retrieved from /opt/airflow/dags/d_1_final_project.py
[2023-01-27 09:17:01,716] {logging_mixin.py:115} INFO - [2023-01-27 09:17:01,715] {dag.py:2371} INFO - Sync 1 DAGs
[2023-01-27 09:17:01,750] {logging_mixin.py:115} INFO - [2023-01-27 09:17:01,750] {dag.py:2919} INFO - Setting next_dagrun for d_1_final_project to 2023-01-27T00:00:00+00:00, run_after=2023-01-28T00:00:00+00:00
[2023-01-27 09:17:01,783] {processor.py:161} INFO - Processing /opt/airflow/dags/d_1_final_project.py took 0.644 seconds
[2023-01-27 09:17:32,043] {processor.py:153} INFO - Started process (PID=334) to work on /opt/airflow/dags/d_1_final_project.py
[2023-01-27 09:17:32,045] {processor.py:641} INFO - Processing file /opt/airflow/dags/d_1_final_project.py for tasks to queue
[2023-01-27 09:17:32,046] {logging_mixin.py:115} INFO - [2023-01-27 09:17:32,046] {dagbag.py:507} INFO - Filling up the DagBag from /opt/airflow/dags/d_1_final_project.py
[2023-01-27 09:17:32,718] {processor.py:651} INFO - DAG(s) dict_keys(['d_1_final_project']) retrieved from /opt/airflow/dags/d_1_final_project.py
[2023-01-27 09:17:32,748] {logging_mixin.py:115} INFO - [2023-01-27 09:17:32,747] {dag.py:2371} INFO - Sync 1 DAGs
[2023-01-27 09:17:32,775] {logging_mixin.py:115} INFO - [2023-01-27 09:17:32,775] {dag.py:2919} INFO - Setting next_dagrun for d_1_final_project to 2023-01-27T00:00:00+00:00, run_after=2023-01-28T00:00:00+00:00
[2023-01-27 09:17:32,792] {processor.py:161} INFO - Processing /opt/airflow/dags/d_1_final_project.py took 0.754 seconds
[2023-01-27 09:18:03,295] {processor.py:153} INFO - Started process (PID=345) to work on /opt/airflow/dags/d_1_final_project.py
[2023-01-27 09:18:03,296] {processor.py:641} INFO - Processing file /opt/airflow/dags/d_1_final_project.py for tasks to queue
[2023-01-27 09:18:03,298] {logging_mixin.py:115} INFO - [2023-01-27 09:18:03,298] {dagbag.py:507} INFO - Filling up the DagBag from /opt/airflow/dags/d_1_final_project.py
[2023-01-27 09:18:03,898] {processor.py:651} INFO - DAG(s) dict_keys(['d_1_final_project']) retrieved from /opt/airflow/dags/d_1_final_project.py
[2023-01-27 09:18:03,924] {logging_mixin.py:115} INFO - [2023-01-27 09:18:03,924] {dag.py:2371} INFO - Sync 1 DAGs
[2023-01-27 09:18:03,951] {logging_mixin.py:115} INFO - [2023-01-27 09:18:03,951] {dag.py:2919} INFO - Setting next_dagrun for d_1_final_project to 2023-01-27T00:00:00+00:00, run_after=2023-01-28T00:00:00+00:00
[2023-01-27 09:18:03,971] {processor.py:161} INFO - Processing /opt/airflow/dags/d_1_final_project.py took 0.682 seconds
[2023-01-27 09:18:34,798] {processor.py:153} INFO - Started process (PID=356) to work on /opt/airflow/dags/d_1_final_project.py
[2023-01-27 09:18:34,799] {processor.py:641} INFO - Processing file /opt/airflow/dags/d_1_final_project.py for tasks to queue
[2023-01-27 09:18:34,801] {logging_mixin.py:115} INFO - [2023-01-27 09:18:34,800] {dagbag.py:507} INFO - Filling up the DagBag from /opt/airflow/dags/d_1_final_project.py
[2023-01-27 09:18:35,438] {processor.py:651} INFO - DAG(s) dict_keys(['d_1_final_project']) retrieved from /opt/airflow/dags/d_1_final_project.py
[2023-01-27 09:18:35,464] {logging_mixin.py:115} INFO - [2023-01-27 09:18:35,464] {dag.py:2371} INFO - Sync 1 DAGs
[2023-01-27 09:18:35,494] {logging_mixin.py:115} INFO - [2023-01-27 09:18:35,494] {dag.py:2919} INFO - Setting next_dagrun for d_1_final_project to 2023-01-27T00:00:00+00:00, run_after=2023-01-28T00:00:00+00:00
[2023-01-27 09:18:35,515] {processor.py:161} INFO - Processing /opt/airflow/dags/d_1_final_project.py took 0.722 seconds
[2023-01-27 09:19:06,186] {processor.py:153} INFO - Started process (PID=367) to work on /opt/airflow/dags/d_1_final_project.py
[2023-01-27 09:19:06,187] {processor.py:641} INFO - Processing file /opt/airflow/dags/d_1_final_project.py for tasks to queue
[2023-01-27 09:19:06,189] {logging_mixin.py:115} INFO - [2023-01-27 09:19:06,189] {dagbag.py:507} INFO - Filling up the DagBag from /opt/airflow/dags/d_1_final_project.py
[2023-01-27 09:19:06,994] {processor.py:651} INFO - DAG(s) dict_keys(['d_1_final_project']) retrieved from /opt/airflow/dags/d_1_final_project.py
[2023-01-27 09:19:07,025] {logging_mixin.py:115} INFO - [2023-01-27 09:19:07,025] {dag.py:2371} INFO - Sync 1 DAGs
[2023-01-27 09:19:07,078] {logging_mixin.py:115} INFO - [2023-01-27 09:19:07,078] {dag.py:2919} INFO - Setting next_dagrun for d_1_final_project to 2023-01-27T00:00:00+00:00, run_after=2023-01-28T00:00:00+00:00
[2023-01-27 09:19:07,111] {processor.py:161} INFO - Processing /opt/airflow/dags/d_1_final_project.py took 0.929 seconds
[2023-01-27 09:19:37,621] {processor.py:153} INFO - Started process (PID=378) to work on /opt/airflow/dags/d_1_final_project.py
[2023-01-27 09:19:37,623] {processor.py:641} INFO - Processing file /opt/airflow/dags/d_1_final_project.py for tasks to queue
[2023-01-27 09:19:37,625] {logging_mixin.py:115} INFO - [2023-01-27 09:19:37,625] {dagbag.py:507} INFO - Filling up the DagBag from /opt/airflow/dags/d_1_final_project.py
[2023-01-27 09:19:38,379] {processor.py:651} INFO - DAG(s) dict_keys(['d_1_final_project']) retrieved from /opt/airflow/dags/d_1_final_project.py
[2023-01-27 09:19:38,408] {logging_mixin.py:115} INFO - [2023-01-27 09:19:38,407] {dag.py:2371} INFO - Sync 1 DAGs
[2023-01-27 09:19:38,435] {logging_mixin.py:115} INFO - [2023-01-27 09:19:38,435] {dag.py:2919} INFO - Setting next_dagrun for d_1_final_project to 2023-01-27T00:00:00+00:00, run_after=2023-01-28T00:00:00+00:00
[2023-01-27 09:19:38,455] {processor.py:161} INFO - Processing /opt/airflow/dags/d_1_final_project.py took 0.838 seconds
[2023-01-27 09:20:08,853] {processor.py:153} INFO - Started process (PID=389) to work on /opt/airflow/dags/d_1_final_project.py
[2023-01-27 09:20:08,855] {processor.py:641} INFO - Processing file /opt/airflow/dags/d_1_final_project.py for tasks to queue
[2023-01-27 09:20:08,856] {logging_mixin.py:115} INFO - [2023-01-27 09:20:08,856] {dagbag.py:507} INFO - Filling up the DagBag from /opt/airflow/dags/d_1_final_project.py
[2023-01-27 09:20:09,472] {processor.py:651} INFO - DAG(s) dict_keys(['d_1_final_project']) retrieved from /opt/airflow/dags/d_1_final_project.py
[2023-01-27 09:20:09,495] {logging_mixin.py:115} INFO - [2023-01-27 09:20:09,494] {dag.py:2371} INFO - Sync 1 DAGs
[2023-01-27 09:20:09,521] {logging_mixin.py:115} INFO - [2023-01-27 09:20:09,520] {dag.py:2919} INFO - Setting next_dagrun for d_1_final_project to 2023-01-27T00:00:00+00:00, run_after=2023-01-28T00:00:00+00:00
[2023-01-27 09:20:09,538] {processor.py:161} INFO - Processing /opt/airflow/dags/d_1_final_project.py took 0.689 seconds
[2023-01-27 09:20:40,185] {processor.py:153} INFO - Started process (PID=400) to work on /opt/airflow/dags/d_1_final_project.py
[2023-01-27 09:20:40,188] {processor.py:641} INFO - Processing file /opt/airflow/dags/d_1_final_project.py for tasks to queue
[2023-01-27 09:20:40,190] {logging_mixin.py:115} INFO - [2023-01-27 09:20:40,190] {dagbag.py:507} INFO - Filling up the DagBag from /opt/airflow/dags/d_1_final_project.py
[2023-01-27 09:20:40,960] {processor.py:651} INFO - DAG(s) dict_keys(['d_1_final_project']) retrieved from /opt/airflow/dags/d_1_final_project.py
[2023-01-27 09:20:41,032] {logging_mixin.py:115} INFO - [2023-01-27 09:20:41,031] {dag.py:2371} INFO - Sync 1 DAGs
[2023-01-27 09:20:41,077] {logging_mixin.py:115} INFO - [2023-01-27 09:20:41,077] {dag.py:2919} INFO - Setting next_dagrun for d_1_final_project to 2023-01-27T00:00:00+00:00, run_after=2023-01-28T00:00:00+00:00
[2023-01-27 09:20:41,130] {processor.py:161} INFO - Processing /opt/airflow/dags/d_1_final_project.py took 0.951 seconds
[2023-01-27 09:21:11,408] {processor.py:153} INFO - Started process (PID=411) to work on /opt/airflow/dags/d_1_final_project.py
[2023-01-27 09:21:11,409] {processor.py:641} INFO - Processing file /opt/airflow/dags/d_1_final_project.py for tasks to queue
[2023-01-27 09:21:11,410] {logging_mixin.py:115} INFO - [2023-01-27 09:21:11,410] {dagbag.py:507} INFO - Filling up the DagBag from /opt/airflow/dags/d_1_final_project.py
[2023-01-27 09:21:11,955] {processor.py:651} INFO - DAG(s) dict_keys(['d_1_final_project']) retrieved from /opt/airflow/dags/d_1_final_project.py
[2023-01-27 09:21:12,174] {logging_mixin.py:115} INFO - [2023-01-27 09:21:12,174] {dag.py:2371} INFO - Sync 1 DAGs
[2023-01-27 09:21:12,200] {logging_mixin.py:115} INFO - [2023-01-27 09:21:12,200] {dag.py:2919} INFO - Setting next_dagrun for d_1_final_project to 2023-01-27T00:00:00+00:00, run_after=2023-01-28T00:00:00+00:00
[2023-01-27 09:21:12,218] {processor.py:161} INFO - Processing /opt/airflow/dags/d_1_final_project.py took 0.813 seconds
[2023-01-27 09:21:42,813] {processor.py:153} INFO - Started process (PID=422) to work on /opt/airflow/dags/d_1_final_project.py
[2023-01-27 09:21:42,814] {processor.py:641} INFO - Processing file /opt/airflow/dags/d_1_final_project.py for tasks to queue
[2023-01-27 09:21:42,815] {logging_mixin.py:115} INFO - [2023-01-27 09:21:42,815] {dagbag.py:507} INFO - Filling up the DagBag from /opt/airflow/dags/d_1_final_project.py
[2023-01-27 09:21:43,481] {processor.py:651} INFO - DAG(s) dict_keys(['d_1_final_project']) retrieved from /opt/airflow/dags/d_1_final_project.py
[2023-01-27 09:21:43,533] {logging_mixin.py:115} INFO - [2023-01-27 09:21:43,532] {dag.py:2371} INFO - Sync 1 DAGs
[2023-01-27 09:21:43,573] {logging_mixin.py:115} INFO - [2023-01-27 09:21:43,573] {dag.py:2919} INFO - Setting next_dagrun for d_1_final_project to 2023-01-27T00:00:00+00:00, run_after=2023-01-28T00:00:00+00:00
[2023-01-27 09:21:43,598] {processor.py:161} INFO - Processing /opt/airflow/dags/d_1_final_project.py took 0.789 seconds
[2023-01-27 09:22:14,277] {processor.py:153} INFO - Started process (PID=433) to work on /opt/airflow/dags/d_1_final_project.py
[2023-01-27 09:22:14,278] {processor.py:641} INFO - Processing file /opt/airflow/dags/d_1_final_project.py for tasks to queue
[2023-01-27 09:22:14,280] {logging_mixin.py:115} INFO - [2023-01-27 09:22:14,280] {dagbag.py:507} INFO - Filling up the DagBag from /opt/airflow/dags/d_1_final_project.py
[2023-01-27 09:22:14,814] {processor.py:651} INFO - DAG(s) dict_keys(['d_1_final_project']) retrieved from /opt/airflow/dags/d_1_final_project.py
[2023-01-27 09:22:14,837] {logging_mixin.py:115} INFO - [2023-01-27 09:22:14,836] {dag.py:2371} INFO - Sync 1 DAGs
[2023-01-27 09:22:14,859] {logging_mixin.py:115} INFO - [2023-01-27 09:22:14,859] {dag.py:2919} INFO - Setting next_dagrun for d_1_final_project to 2023-01-27T00:00:00+00:00, run_after=2023-01-28T00:00:00+00:00
[2023-01-27 09:22:14,878] {processor.py:161} INFO - Processing /opt/airflow/dags/d_1_final_project.py took 0.606 seconds
[2023-01-27 09:22:45,616] {processor.py:153} INFO - Started process (PID=444) to work on /opt/airflow/dags/d_1_final_project.py
[2023-01-27 09:22:45,617] {processor.py:641} INFO - Processing file /opt/airflow/dags/d_1_final_project.py for tasks to queue
[2023-01-27 09:22:45,618] {logging_mixin.py:115} INFO - [2023-01-27 09:22:45,618] {dagbag.py:507} INFO - Filling up the DagBag from /opt/airflow/dags/d_1_final_project.py
[2023-01-27 09:22:46,054] {processor.py:651} INFO - DAG(s) dict_keys(['d_1_final_project']) retrieved from /opt/airflow/dags/d_1_final_project.py
[2023-01-27 09:22:46,073] {logging_mixin.py:115} INFO - [2023-01-27 09:22:46,073] {dag.py:2371} INFO - Sync 1 DAGs
[2023-01-27 09:22:46,093] {logging_mixin.py:115} INFO - [2023-01-27 09:22:46,092] {dag.py:2919} INFO - Setting next_dagrun for d_1_final_project to 2023-01-27T00:00:00+00:00, run_after=2023-01-28T00:00:00+00:00
[2023-01-27 09:22:46,108] {processor.py:161} INFO - Processing /opt/airflow/dags/d_1_final_project.py took 0.495 seconds
[2023-01-27 09:23:16,908] {processor.py:153} INFO - Started process (PID=455) to work on /opt/airflow/dags/d_1_final_project.py
[2023-01-27 09:23:16,910] {processor.py:641} INFO - Processing file /opt/airflow/dags/d_1_final_project.py for tasks to queue
[2023-01-27 09:23:16,912] {logging_mixin.py:115} INFO - [2023-01-27 09:23:16,912] {dagbag.py:507} INFO - Filling up the DagBag from /opt/airflow/dags/d_1_final_project.py
[2023-01-27 09:23:17,924] {processor.py:651} INFO - DAG(s) dict_keys(['d_1_final_project']) retrieved from /opt/airflow/dags/d_1_final_project.py
[2023-01-27 09:23:17,955] {logging_mixin.py:115} INFO - [2023-01-27 09:23:17,955] {dag.py:2371} INFO - Sync 1 DAGs
[2023-01-27 09:23:17,984] {logging_mixin.py:115} INFO - [2023-01-27 09:23:17,984] {dag.py:2919} INFO - Setting next_dagrun for d_1_final_project to 2023-01-27T00:00:00+00:00, run_after=2023-01-28T00:00:00+00:00
[2023-01-27 09:23:18,006] {processor.py:161} INFO - Processing /opt/airflow/dags/d_1_final_project.py took 1.105 seconds
[2023-01-27 09:23:48,254] {processor.py:153} INFO - Started process (PID=466) to work on /opt/airflow/dags/d_1_final_project.py
[2023-01-27 09:23:48,256] {processor.py:641} INFO - Processing file /opt/airflow/dags/d_1_final_project.py for tasks to queue
[2023-01-27 09:23:48,257] {logging_mixin.py:115} INFO - [2023-01-27 09:23:48,256] {dagbag.py:507} INFO - Filling up the DagBag from /opt/airflow/dags/d_1_final_project.py
[2023-01-27 09:23:48,723] {processor.py:651} INFO - DAG(s) dict_keys(['d_1_final_project']) retrieved from /opt/airflow/dags/d_1_final_project.py
[2023-01-27 09:23:48,745] {logging_mixin.py:115} INFO - [2023-01-27 09:23:48,745] {dag.py:2371} INFO - Sync 1 DAGs
[2023-01-27 09:23:48,768] {logging_mixin.py:115} INFO - [2023-01-27 09:23:48,768] {dag.py:2919} INFO - Setting next_dagrun for d_1_final_project to 2023-01-27T00:00:00+00:00, run_after=2023-01-28T00:00:00+00:00
[2023-01-27 09:23:48,783] {processor.py:161} INFO - Processing /opt/airflow/dags/d_1_final_project.py took 0.531 seconds
[2023-01-27 09:24:19,598] {processor.py:153} INFO - Started process (PID=477) to work on /opt/airflow/dags/d_1_final_project.py
[2023-01-27 09:24:19,599] {processor.py:641} INFO - Processing file /opt/airflow/dags/d_1_final_project.py for tasks to queue
[2023-01-27 09:24:19,600] {logging_mixin.py:115} INFO - [2023-01-27 09:24:19,600] {dagbag.py:507} INFO - Filling up the DagBag from /opt/airflow/dags/d_1_final_project.py
[2023-01-27 09:24:20,089] {processor.py:651} INFO - DAG(s) dict_keys(['d_1_final_project']) retrieved from /opt/airflow/dags/d_1_final_project.py
[2023-01-27 09:24:20,125] {logging_mixin.py:115} INFO - [2023-01-27 09:24:20,124] {dag.py:2371} INFO - Sync 1 DAGs
[2023-01-27 09:24:20,158] {logging_mixin.py:115} INFO - [2023-01-27 09:24:20,158] {dag.py:2919} INFO - Setting next_dagrun for d_1_final_project to 2023-01-27T00:00:00+00:00, run_after=2023-01-28T00:00:00+00:00
[2023-01-27 09:24:20,184] {processor.py:161} INFO - Processing /opt/airflow/dags/d_1_final_project.py took 0.592 seconds
[2023-01-27 09:24:50,934] {processor.py:153} INFO - Started process (PID=488) to work on /opt/airflow/dags/d_1_final_project.py
[2023-01-27 09:24:50,935] {processor.py:641} INFO - Processing file /opt/airflow/dags/d_1_final_project.py for tasks to queue
[2023-01-27 09:24:50,936] {logging_mixin.py:115} INFO - [2023-01-27 09:24:50,936] {dagbag.py:507} INFO - Filling up the DagBag from /opt/airflow/dags/d_1_final_project.py
[2023-01-27 09:24:51,424] {processor.py:651} INFO - DAG(s) dict_keys(['d_1_final_project']) retrieved from /opt/airflow/dags/d_1_final_project.py
[2023-01-27 09:24:51,446] {logging_mixin.py:115} INFO - [2023-01-27 09:24:51,446] {dag.py:2371} INFO - Sync 1 DAGs
[2023-01-27 09:24:51,468] {logging_mixin.py:115} INFO - [2023-01-27 09:24:51,468] {dag.py:2919} INFO - Setting next_dagrun for d_1_final_project to 2023-01-27T00:00:00+00:00, run_after=2023-01-28T00:00:00+00:00
[2023-01-27 09:24:51,485] {processor.py:161} INFO - Processing /opt/airflow/dags/d_1_final_project.py took 0.555 seconds
[2023-01-27 09:25:22,381] {processor.py:153} INFO - Started process (PID=499) to work on /opt/airflow/dags/d_1_final_project.py
[2023-01-27 09:25:22,382] {processor.py:641} INFO - Processing file /opt/airflow/dags/d_1_final_project.py for tasks to queue
[2023-01-27 09:25:22,384] {logging_mixin.py:115} INFO - [2023-01-27 09:25:22,384] {dagbag.py:507} INFO - Filling up the DagBag from /opt/airflow/dags/d_1_final_project.py
[2023-01-27 09:25:22,948] {processor.py:651} INFO - DAG(s) dict_keys(['d_1_final_project']) retrieved from /opt/airflow/dags/d_1_final_project.py
[2023-01-27 09:25:22,969] {logging_mixin.py:115} INFO - [2023-01-27 09:25:22,968] {dag.py:2371} INFO - Sync 1 DAGs
[2023-01-27 09:25:22,992] {logging_mixin.py:115} INFO - [2023-01-27 09:25:22,992] {dag.py:2919} INFO - Setting next_dagrun for d_1_final_project to 2023-01-27T00:00:00+00:00, run_after=2023-01-28T00:00:00+00:00
[2023-01-27 09:25:23,010] {processor.py:161} INFO - Processing /opt/airflow/dags/d_1_final_project.py took 0.633 seconds
[2023-01-27 09:25:53,731] {processor.py:153} INFO - Started process (PID=510) to work on /opt/airflow/dags/d_1_final_project.py
[2023-01-27 09:25:53,733] {processor.py:641} INFO - Processing file /opt/airflow/dags/d_1_final_project.py for tasks to queue
[2023-01-27 09:25:53,734] {logging_mixin.py:115} INFO - [2023-01-27 09:25:53,734] {dagbag.py:507} INFO - Filling up the DagBag from /opt/airflow/dags/d_1_final_project.py
[2023-01-27 09:25:54,283] {processor.py:651} INFO - DAG(s) dict_keys(['d_1_final_project']) retrieved from /opt/airflow/dags/d_1_final_project.py
[2023-01-27 09:25:54,303] {logging_mixin.py:115} INFO - [2023-01-27 09:25:54,302] {dag.py:2371} INFO - Sync 1 DAGs
[2023-01-27 09:25:54,322] {logging_mixin.py:115} INFO - [2023-01-27 09:25:54,322] {dag.py:2919} INFO - Setting next_dagrun for d_1_final_project to 2023-01-27T00:00:00+00:00, run_after=2023-01-28T00:00:00+00:00
[2023-01-27 09:25:54,338] {processor.py:161} INFO - Processing /opt/airflow/dags/d_1_final_project.py took 0.611 seconds
[2023-01-27 09:26:25,075] {processor.py:153} INFO - Started process (PID=521) to work on /opt/airflow/dags/d_1_final_project.py
[2023-01-27 09:26:25,077] {processor.py:641} INFO - Processing file /opt/airflow/dags/d_1_final_project.py for tasks to queue
[2023-01-27 09:26:25,078] {logging_mixin.py:115} INFO - [2023-01-27 09:26:25,078] {dagbag.py:507} INFO - Filling up the DagBag from /opt/airflow/dags/d_1_final_project.py
[2023-01-27 09:26:25,674] {processor.py:651} INFO - DAG(s) dict_keys(['d_1_final_project']) retrieved from /opt/airflow/dags/d_1_final_project.py
[2023-01-27 09:26:25,696] {logging_mixin.py:115} INFO - [2023-01-27 09:26:25,695] {dag.py:2371} INFO - Sync 1 DAGs
[2023-01-27 09:26:25,717] {logging_mixin.py:115} INFO - [2023-01-27 09:26:25,717] {dag.py:2919} INFO - Setting next_dagrun for d_1_final_project to 2023-01-27T00:00:00+00:00, run_after=2023-01-28T00:00:00+00:00
[2023-01-27 09:26:25,733] {processor.py:161} INFO - Processing /opt/airflow/dags/d_1_final_project.py took 0.662 seconds
[2023-01-27 09:26:56,427] {processor.py:153} INFO - Started process (PID=532) to work on /opt/airflow/dags/d_1_final_project.py
[2023-01-27 09:26:56,428] {processor.py:641} INFO - Processing file /opt/airflow/dags/d_1_final_project.py for tasks to queue
[2023-01-27 09:26:56,429] {logging_mixin.py:115} INFO - [2023-01-27 09:26:56,429] {dagbag.py:507} INFO - Filling up the DagBag from /opt/airflow/dags/d_1_final_project.py
[2023-01-27 09:26:56,979] {processor.py:651} INFO - DAG(s) dict_keys(['d_1_final_project']) retrieved from /opt/airflow/dags/d_1_final_project.py
[2023-01-27 09:26:57,000] {logging_mixin.py:115} INFO - [2023-01-27 09:26:56,999] {dag.py:2371} INFO - Sync 1 DAGs
[2023-01-27 09:26:57,021] {logging_mixin.py:115} INFO - [2023-01-27 09:26:57,021] {dag.py:2919} INFO - Setting next_dagrun for d_1_final_project to 2023-01-27T00:00:00+00:00, run_after=2023-01-28T00:00:00+00:00
[2023-01-27 09:26:57,044] {processor.py:161} INFO - Processing /opt/airflow/dags/d_1_final_project.py took 0.620 seconds
[2023-01-27 09:27:27,094] {processor.py:153} INFO - Started process (PID=543) to work on /opt/airflow/dags/d_1_final_project.py
[2023-01-27 09:27:27,095] {processor.py:641} INFO - Processing file /opt/airflow/dags/d_1_final_project.py for tasks to queue
[2023-01-27 09:27:27,097] {logging_mixin.py:115} INFO - [2023-01-27 09:27:27,097] {dagbag.py:507} INFO - Filling up the DagBag from /opt/airflow/dags/d_1_final_project.py
[2023-01-27 09:27:27,554] {processor.py:651} INFO - DAG(s) dict_keys(['d_1_final_project']) retrieved from /opt/airflow/dags/d_1_final_project.py
[2023-01-27 09:27:27,575] {logging_mixin.py:115} INFO - [2023-01-27 09:27:27,574] {dag.py:2371} INFO - Sync 1 DAGs
[2023-01-27 09:27:27,596] {logging_mixin.py:115} INFO - [2023-01-27 09:27:27,596] {dag.py:2919} INFO - Setting next_dagrun for d_1_final_project to 2023-01-27T00:00:00+00:00, run_after=2023-01-28T00:00:00+00:00
[2023-01-27 09:27:27,614] {processor.py:161} INFO - Processing /opt/airflow/dags/d_1_final_project.py took 0.524 seconds
[2023-01-27 09:27:58,305] {processor.py:153} INFO - Started process (PID=554) to work on /opt/airflow/dags/d_1_final_project.py
[2023-01-27 09:27:58,306] {processor.py:641} INFO - Processing file /opt/airflow/dags/d_1_final_project.py for tasks to queue
[2023-01-27 09:27:58,307] {logging_mixin.py:115} INFO - [2023-01-27 09:27:58,307] {dagbag.py:507} INFO - Filling up the DagBag from /opt/airflow/dags/d_1_final_project.py
[2023-01-27 09:27:58,775] {processor.py:651} INFO - DAG(s) dict_keys(['d_1_final_project']) retrieved from /opt/airflow/dags/d_1_final_project.py
[2023-01-27 09:27:58,806] {logging_mixin.py:115} INFO - [2023-01-27 09:27:58,806] {dag.py:2371} INFO - Sync 1 DAGs
[2023-01-27 09:27:58,838] {logging_mixin.py:115} INFO - [2023-01-27 09:27:58,838] {dag.py:2919} INFO - Setting next_dagrun for d_1_final_project to 2023-01-27T00:00:00+00:00, run_after=2023-01-28T00:00:00+00:00
[2023-01-27 09:27:58,931] {processor.py:161} INFO - Processing /opt/airflow/dags/d_1_final_project.py took 0.629 seconds
[2023-01-27 09:28:29,643] {processor.py:153} INFO - Started process (PID=565) to work on /opt/airflow/dags/d_1_final_project.py
[2023-01-27 09:28:29,645] {processor.py:641} INFO - Processing file /opt/airflow/dags/d_1_final_project.py for tasks to queue
[2023-01-27 09:28:29,646] {logging_mixin.py:115} INFO - [2023-01-27 09:28:29,646] {dagbag.py:507} INFO - Filling up the DagBag from /opt/airflow/dags/d_1_final_project.py
[2023-01-27 09:28:30,107] {processor.py:651} INFO - DAG(s) dict_keys(['d_1_final_project']) retrieved from /opt/airflow/dags/d_1_final_project.py
[2023-01-27 09:28:30,132] {logging_mixin.py:115} INFO - [2023-01-27 09:28:30,131] {dag.py:2371} INFO - Sync 1 DAGs
[2023-01-27 09:28:30,160] {logging_mixin.py:115} INFO - [2023-01-27 09:28:30,160] {dag.py:2919} INFO - Setting next_dagrun for d_1_final_project to 2023-01-27T00:00:00+00:00, run_after=2023-01-28T00:00:00+00:00
[2023-01-27 09:28:30,180] {processor.py:161} INFO - Processing /opt/airflow/dags/d_1_final_project.py took 0.540 seconds
[2023-01-27 09:29:00,368] {processor.py:153} INFO - Started process (PID=576) to work on /opt/airflow/dags/d_1_final_project.py
[2023-01-27 09:29:00,370] {processor.py:641} INFO - Processing file /opt/airflow/dags/d_1_final_project.py for tasks to queue
[2023-01-27 09:29:00,371] {logging_mixin.py:115} INFO - [2023-01-27 09:29:00,371] {dagbag.py:507} INFO - Filling up the DagBag from /opt/airflow/dags/d_1_final_project.py
[2023-01-27 09:29:00,872] {processor.py:651} INFO - DAG(s) dict_keys(['d_1_final_project']) retrieved from /opt/airflow/dags/d_1_final_project.py
[2023-01-27 09:29:00,892] {logging_mixin.py:115} INFO - [2023-01-27 09:29:00,891] {dag.py:2371} INFO - Sync 1 DAGs
[2023-01-27 09:29:00,915] {logging_mixin.py:115} INFO - [2023-01-27 09:29:00,915] {dag.py:2919} INFO - Setting next_dagrun for d_1_final_project to 2023-01-27T00:00:00+00:00, run_after=2023-01-28T00:00:00+00:00
[2023-01-27 09:29:00,931] {processor.py:161} INFO - Processing /opt/airflow/dags/d_1_final_project.py took 0.567 seconds
[2023-01-27 09:29:31,586] {processor.py:153} INFO - Started process (PID=587) to work on /opt/airflow/dags/d_1_final_project.py
[2023-01-27 09:29:31,588] {processor.py:641} INFO - Processing file /opt/airflow/dags/d_1_final_project.py for tasks to queue
[2023-01-27 09:29:31,589] {logging_mixin.py:115} INFO - [2023-01-27 09:29:31,589] {dagbag.py:507} INFO - Filling up the DagBag from /opt/airflow/dags/d_1_final_project.py
[2023-01-27 09:29:32,130] {processor.py:651} INFO - DAG(s) dict_keys(['d_1_final_project']) retrieved from /opt/airflow/dags/d_1_final_project.py
[2023-01-27 09:29:32,155] {logging_mixin.py:115} INFO - [2023-01-27 09:29:32,155] {dag.py:2371} INFO - Sync 1 DAGs
[2023-01-27 09:29:32,178] {logging_mixin.py:115} INFO - [2023-01-27 09:29:32,178] {dag.py:2919} INFO - Setting next_dagrun for d_1_final_project to 2023-01-27T00:00:00+00:00, run_after=2023-01-28T00:00:00+00:00
[2023-01-27 09:29:32,195] {processor.py:161} INFO - Processing /opt/airflow/dags/d_1_final_project.py took 0.613 seconds
[2023-01-27 09:30:02,940] {processor.py:153} INFO - Started process (PID=598) to work on /opt/airflow/dags/d_1_final_project.py
[2023-01-27 09:30:02,942] {processor.py:641} INFO - Processing file /opt/airflow/dags/d_1_final_project.py for tasks to queue
[2023-01-27 09:30:02,943] {logging_mixin.py:115} INFO - [2023-01-27 09:30:02,943] {dagbag.py:507} INFO - Filling up the DagBag from /opt/airflow/dags/d_1_final_project.py
[2023-01-27 09:30:03,510] {processor.py:651} INFO - DAG(s) dict_keys(['d_1_final_project']) retrieved from /opt/airflow/dags/d_1_final_project.py
[2023-01-27 09:30:03,536] {logging_mixin.py:115} INFO - [2023-01-27 09:30:03,536] {dag.py:2371} INFO - Sync 1 DAGs
[2023-01-27 09:30:03,565] {logging_mixin.py:115} INFO - [2023-01-27 09:30:03,565] {dag.py:2919} INFO - Setting next_dagrun for d_1_final_project to 2023-01-27T00:00:00+00:00, run_after=2023-01-28T00:00:00+00:00
[2023-01-27 09:30:03,588] {processor.py:161} INFO - Processing /opt/airflow/dags/d_1_final_project.py took 0.653 seconds
[2023-01-27 09:30:34,340] {processor.py:153} INFO - Started process (PID=614) to work on /opt/airflow/dags/d_1_final_project.py
[2023-01-27 09:30:34,341] {processor.py:641} INFO - Processing file /opt/airflow/dags/d_1_final_project.py for tasks to queue
[2023-01-27 09:30:34,342] {logging_mixin.py:115} INFO - [2023-01-27 09:30:34,342] {dagbag.py:507} INFO - Filling up the DagBag from /opt/airflow/dags/d_1_final_project.py
[2023-01-27 09:30:34,815] {processor.py:651} INFO - DAG(s) dict_keys(['d_1_final_project']) retrieved from /opt/airflow/dags/d_1_final_project.py
[2023-01-27 09:30:34,840] {logging_mixin.py:115} INFO - [2023-01-27 09:30:34,839] {dag.py:2371} INFO - Sync 1 DAGs
[2023-01-27 09:30:34,869] {logging_mixin.py:115} INFO - [2023-01-27 09:30:34,869] {dag.py:2919} INFO - Setting next_dagrun for d_1_final_project to 2023-01-27T00:00:00+00:00, run_after=2023-01-28T00:00:00+00:00
[2023-01-27 09:30:34,898] {processor.py:161} INFO - Processing /opt/airflow/dags/d_1_final_project.py took 0.562 seconds
[2023-01-27 09:31:05,714] {processor.py:153} INFO - Started process (PID=625) to work on /opt/airflow/dags/d_1_final_project.py
[2023-01-27 09:31:05,715] {processor.py:641} INFO - Processing file /opt/airflow/dags/d_1_final_project.py for tasks to queue
[2023-01-27 09:31:05,716] {logging_mixin.py:115} INFO - [2023-01-27 09:31:05,716] {dagbag.py:507} INFO - Filling up the DagBag from /opt/airflow/dags/d_1_final_project.py
[2023-01-27 09:31:06,182] {processor.py:651} INFO - DAG(s) dict_keys(['d_1_final_project']) retrieved from /opt/airflow/dags/d_1_final_project.py
[2023-01-27 09:31:06,202] {logging_mixin.py:115} INFO - [2023-01-27 09:31:06,202] {dag.py:2371} INFO - Sync 1 DAGs
[2023-01-27 09:31:06,226] {logging_mixin.py:115} INFO - [2023-01-27 09:31:06,226] {dag.py:2919} INFO - Setting next_dagrun for d_1_final_project to 2023-01-27T00:00:00+00:00, run_after=2023-01-28T00:00:00+00:00
[2023-01-27 09:31:06,243] {processor.py:161} INFO - Processing /opt/airflow/dags/d_1_final_project.py took 0.532 seconds
[2023-01-27 09:31:37,115] {processor.py:153} INFO - Started process (PID=636) to work on /opt/airflow/dags/d_1_final_project.py
[2023-01-27 09:31:37,118] {processor.py:641} INFO - Processing file /opt/airflow/dags/d_1_final_project.py for tasks to queue
[2023-01-27 09:31:37,120] {logging_mixin.py:115} INFO - [2023-01-27 09:31:37,120] {dagbag.py:507} INFO - Filling up the DagBag from /opt/airflow/dags/d_1_final_project.py
[2023-01-27 09:31:37,758] {processor.py:651} INFO - DAG(s) dict_keys(['d_1_final_project']) retrieved from /opt/airflow/dags/d_1_final_project.py
[2023-01-27 09:31:37,778] {logging_mixin.py:115} INFO - [2023-01-27 09:31:37,778] {dag.py:2371} INFO - Sync 1 DAGs
[2023-01-27 09:31:37,799] {logging_mixin.py:115} INFO - [2023-01-27 09:31:37,799] {dag.py:2919} INFO - Setting next_dagrun for d_1_final_project to 2023-01-27T00:00:00+00:00, run_after=2023-01-28T00:00:00+00:00
[2023-01-27 09:31:37,817] {processor.py:161} INFO - Processing /opt/airflow/dags/d_1_final_project.py took 0.706 seconds
[2023-01-27 09:32:08,490] {processor.py:153} INFO - Started process (PID=647) to work on /opt/airflow/dags/d_1_final_project.py
[2023-01-27 09:32:08,491] {processor.py:641} INFO - Processing file /opt/airflow/dags/d_1_final_project.py for tasks to queue
[2023-01-27 09:32:08,492] {logging_mixin.py:115} INFO - [2023-01-27 09:32:08,492] {dagbag.py:507} INFO - Filling up the DagBag from /opt/airflow/dags/d_1_final_project.py
[2023-01-27 09:32:08,998] {processor.py:651} INFO - DAG(s) dict_keys(['d_1_final_project']) retrieved from /opt/airflow/dags/d_1_final_project.py
[2023-01-27 09:32:09,020] {logging_mixin.py:115} INFO - [2023-01-27 09:32:09,020] {dag.py:2371} INFO - Sync 1 DAGs
[2023-01-27 09:32:09,043] {logging_mixin.py:115} INFO - [2023-01-27 09:32:09,043] {dag.py:2919} INFO - Setting next_dagrun for d_1_final_project to 2023-01-27T00:00:00+00:00, run_after=2023-01-28T00:00:00+00:00
[2023-01-27 09:32:09,063] {processor.py:161} INFO - Processing /opt/airflow/dags/d_1_final_project.py took 0.576 seconds
[2023-01-27 09:32:39,659] {processor.py:153} INFO - Started process (PID=658) to work on /opt/airflow/dags/d_1_final_project.py
[2023-01-27 09:32:39,660] {processor.py:641} INFO - Processing file /opt/airflow/dags/d_1_final_project.py for tasks to queue
[2023-01-27 09:32:39,661] {logging_mixin.py:115} INFO - [2023-01-27 09:32:39,661] {dagbag.py:507} INFO - Filling up the DagBag from /opt/airflow/dags/d_1_final_project.py
[2023-01-27 09:32:40,156] {processor.py:651} INFO - DAG(s) dict_keys(['d_1_final_project']) retrieved from /opt/airflow/dags/d_1_final_project.py
[2023-01-27 09:32:40,183] {logging_mixin.py:115} INFO - [2023-01-27 09:32:40,183] {dag.py:2371} INFO - Sync 1 DAGs
[2023-01-27 09:32:40,210] {logging_mixin.py:115} INFO - [2023-01-27 09:32:40,210] {dag.py:2919} INFO - Setting next_dagrun for d_1_final_project to 2023-01-27T00:00:00+00:00, run_after=2023-01-28T00:00:00+00:00
[2023-01-27 09:32:40,234] {processor.py:161} INFO - Processing /opt/airflow/dags/d_1_final_project.py took 0.579 seconds
[2023-01-27 09:33:11,046] {processor.py:153} INFO - Started process (PID=669) to work on /opt/airflow/dags/d_1_final_project.py
[2023-01-27 09:33:11,047] {processor.py:641} INFO - Processing file /opt/airflow/dags/d_1_final_project.py for tasks to queue
[2023-01-27 09:33:11,048] {logging_mixin.py:115} INFO - [2023-01-27 09:33:11,048] {dagbag.py:507} INFO - Filling up the DagBag from /opt/airflow/dags/d_1_final_project.py
[2023-01-27 09:33:11,602] {processor.py:651} INFO - DAG(s) dict_keys(['d_1_final_project']) retrieved from /opt/airflow/dags/d_1_final_project.py
[2023-01-27 09:33:11,627] {logging_mixin.py:115} INFO - [2023-01-27 09:33:11,626] {dag.py:2371} INFO - Sync 1 DAGs
[2023-01-27 09:33:11,654] {logging_mixin.py:115} INFO - [2023-01-27 09:33:11,654] {dag.py:2919} INFO - Setting next_dagrun for d_1_final_project to 2023-01-27T00:00:00+00:00, run_after=2023-01-28T00:00:00+00:00
[2023-01-27 09:33:11,679] {processor.py:161} INFO - Processing /opt/airflow/dags/d_1_final_project.py took 0.637 seconds
[2023-01-27 09:33:42,422] {processor.py:153} INFO - Started process (PID=680) to work on /opt/airflow/dags/d_1_final_project.py
[2023-01-27 09:33:42,423] {processor.py:641} INFO - Processing file /opt/airflow/dags/d_1_final_project.py for tasks to queue
[2023-01-27 09:33:42,424] {logging_mixin.py:115} INFO - [2023-01-27 09:33:42,424] {dagbag.py:507} INFO - Filling up the DagBag from /opt/airflow/dags/d_1_final_project.py
[2023-01-27 09:33:42,937] {processor.py:651} INFO - DAG(s) dict_keys(['d_1_final_project']) retrieved from /opt/airflow/dags/d_1_final_project.py
[2023-01-27 09:33:42,997] {logging_mixin.py:115} INFO - [2023-01-27 09:33:42,996] {dag.py:2371} INFO - Sync 1 DAGs
[2023-01-27 09:33:43,022] {logging_mixin.py:115} INFO - [2023-01-27 09:33:43,022] {dag.py:2919} INFO - Setting next_dagrun for d_1_final_project to 2023-01-27T00:00:00+00:00, run_after=2023-01-28T00:00:00+00:00
[2023-01-27 09:33:43,042] {processor.py:161} INFO - Processing /opt/airflow/dags/d_1_final_project.py took 0.623 seconds
[2023-01-27 09:34:13,841] {processor.py:153} INFO - Started process (PID=691) to work on /opt/airflow/dags/d_1_final_project.py
[2023-01-27 09:34:13,842] {processor.py:641} INFO - Processing file /opt/airflow/dags/d_1_final_project.py for tasks to queue
[2023-01-27 09:34:13,844] {logging_mixin.py:115} INFO - [2023-01-27 09:34:13,844] {dagbag.py:507} INFO - Filling up the DagBag from /opt/airflow/dags/d_1_final_project.py
[2023-01-27 09:34:14,461] {processor.py:651} INFO - DAG(s) dict_keys(['d_1_final_project']) retrieved from /opt/airflow/dags/d_1_final_project.py
[2023-01-27 09:34:14,488] {logging_mixin.py:115} INFO - [2023-01-27 09:34:14,488] {dag.py:2371} INFO - Sync 1 DAGs
[2023-01-27 09:34:14,515] {logging_mixin.py:115} INFO - [2023-01-27 09:34:14,515] {dag.py:2919} INFO - Setting next_dagrun for d_1_final_project to 2023-01-27T00:00:00+00:00, run_after=2023-01-28T00:00:00+00:00
[2023-01-27 09:34:14,533] {processor.py:161} INFO - Processing /opt/airflow/dags/d_1_final_project.py took 0.697 seconds
[2023-01-27 09:34:45,193] {processor.py:153} INFO - Started process (PID=702) to work on /opt/airflow/dags/d_1_final_project.py
[2023-01-27 09:34:45,195] {processor.py:641} INFO - Processing file /opt/airflow/dags/d_1_final_project.py for tasks to queue
[2023-01-27 09:34:45,197] {logging_mixin.py:115} INFO - [2023-01-27 09:34:45,196] {dagbag.py:507} INFO - Filling up the DagBag from /opt/airflow/dags/d_1_final_project.py
[2023-01-27 09:34:45,832] {processor.py:651} INFO - DAG(s) dict_keys(['d_1_final_project']) retrieved from /opt/airflow/dags/d_1_final_project.py
[2023-01-27 09:34:45,854] {logging_mixin.py:115} INFO - [2023-01-27 09:34:45,853] {dag.py:2371} INFO - Sync 1 DAGs
[2023-01-27 09:34:45,875] {logging_mixin.py:115} INFO - [2023-01-27 09:34:45,875] {dag.py:2919} INFO - Setting next_dagrun for d_1_final_project to 2023-01-27T00:00:00+00:00, run_after=2023-01-28T00:00:00+00:00
[2023-01-27 09:34:45,894] {processor.py:161} INFO - Processing /opt/airflow/dags/d_1_final_project.py took 0.706 seconds
[2023-01-27 09:35:16,607] {processor.py:153} INFO - Started process (PID=713) to work on /opt/airflow/dags/d_1_final_project.py
[2023-01-27 09:35:16,608] {processor.py:641} INFO - Processing file /opt/airflow/dags/d_1_final_project.py for tasks to queue
[2023-01-27 09:35:16,609] {logging_mixin.py:115} INFO - [2023-01-27 09:35:16,609] {dagbag.py:507} INFO - Filling up the DagBag from /opt/airflow/dags/d_1_final_project.py
[2023-01-27 09:35:17,199] {processor.py:651} INFO - DAG(s) dict_keys(['d_1_final_project']) retrieved from /opt/airflow/dags/d_1_final_project.py
[2023-01-27 09:35:17,227] {logging_mixin.py:115} INFO - [2023-01-27 09:35:17,227] {dag.py:2371} INFO - Sync 1 DAGs
[2023-01-27 09:35:17,255] {logging_mixin.py:115} INFO - [2023-01-27 09:35:17,255] {dag.py:2919} INFO - Setting next_dagrun for d_1_final_project to 2023-01-27T00:00:00+00:00, run_after=2023-01-28T00:00:00+00:00
[2023-01-27 09:35:17,286] {processor.py:161} INFO - Processing /opt/airflow/dags/d_1_final_project.py took 0.684 seconds
[2023-01-27 09:35:47,998] {processor.py:153} INFO - Started process (PID=724) to work on /opt/airflow/dags/d_1_final_project.py
[2023-01-27 09:35:47,999] {processor.py:641} INFO - Processing file /opt/airflow/dags/d_1_final_project.py for tasks to queue
[2023-01-27 09:35:48,001] {logging_mixin.py:115} INFO - [2023-01-27 09:35:48,001] {dagbag.py:507} INFO - Filling up the DagBag from /opt/airflow/dags/d_1_final_project.py
[2023-01-27 09:35:48,481] {processor.py:651} INFO - DAG(s) dict_keys(['d_1_final_project']) retrieved from /opt/airflow/dags/d_1_final_project.py
[2023-01-27 09:35:48,503] {logging_mixin.py:115} INFO - [2023-01-27 09:35:48,502] {dag.py:2371} INFO - Sync 1 DAGs
[2023-01-27 09:35:48,526] {logging_mixin.py:115} INFO - [2023-01-27 09:35:48,526] {dag.py:2919} INFO - Setting next_dagrun for d_1_final_project to 2023-01-27T00:00:00+00:00, run_after=2023-01-28T00:00:00+00:00
[2023-01-27 09:35:48,544] {processor.py:161} INFO - Processing /opt/airflow/dags/d_1_final_project.py took 0.550 seconds
[2023-01-27 09:36:19,443] {processor.py:153} INFO - Started process (PID=735) to work on /opt/airflow/dags/d_1_final_project.py
[2023-01-27 09:36:19,444] {processor.py:641} INFO - Processing file /opt/airflow/dags/d_1_final_project.py for tasks to queue
[2023-01-27 09:36:19,446] {logging_mixin.py:115} INFO - [2023-01-27 09:36:19,445] {dagbag.py:507} INFO - Filling up the DagBag from /opt/airflow/dags/d_1_final_project.py
[2023-01-27 09:36:20,008] {processor.py:651} INFO - DAG(s) dict_keys(['d_1_final_project']) retrieved from /opt/airflow/dags/d_1_final_project.py
[2023-01-27 09:36:20,030] {logging_mixin.py:115} INFO - [2023-01-27 09:36:20,030] {dag.py:2371} INFO - Sync 1 DAGs
[2023-01-27 09:36:20,054] {logging_mixin.py:115} INFO - [2023-01-27 09:36:20,054] {dag.py:2919} INFO - Setting next_dagrun for d_1_final_project to 2023-01-27T00:00:00+00:00, run_after=2023-01-28T00:00:00+00:00
[2023-01-27 09:36:20,075] {processor.py:161} INFO - Processing /opt/airflow/dags/d_1_final_project.py took 0.636 seconds
[2023-01-27 09:36:50,826] {processor.py:153} INFO - Started process (PID=746) to work on /opt/airflow/dags/d_1_final_project.py
[2023-01-27 09:36:50,828] {processor.py:641} INFO - Processing file /opt/airflow/dags/d_1_final_project.py for tasks to queue
[2023-01-27 09:36:50,830] {logging_mixin.py:115} INFO - [2023-01-27 09:36:50,829] {dagbag.py:507} INFO - Filling up the DagBag from /opt/airflow/dags/d_1_final_project.py
[2023-01-27 09:36:51,562] {processor.py:651} INFO - DAG(s) dict_keys(['d_1_final_project']) retrieved from /opt/airflow/dags/d_1_final_project.py
[2023-01-27 09:36:51,605] {logging_mixin.py:115} INFO - [2023-01-27 09:36:51,604] {dag.py:2371} INFO - Sync 1 DAGs
[2023-01-27 09:36:51,658] {logging_mixin.py:115} INFO - [2023-01-27 09:36:51,658] {dag.py:2919} INFO - Setting next_dagrun for d_1_final_project to 2023-01-27T00:00:00+00:00, run_after=2023-01-28T00:00:00+00:00
[2023-01-27 09:36:51,690] {processor.py:161} INFO - Processing /opt/airflow/dags/d_1_final_project.py took 0.868 seconds
[2023-01-27 09:37:22,604] {processor.py:153} INFO - Started process (PID=757) to work on /opt/airflow/dags/d_1_final_project.py
[2023-01-27 09:37:22,605] {processor.py:641} INFO - Processing file /opt/airflow/dags/d_1_final_project.py for tasks to queue
[2023-01-27 09:37:22,606] {logging_mixin.py:115} INFO - [2023-01-27 09:37:22,606] {dagbag.py:507} INFO - Filling up the DagBag from /opt/airflow/dags/d_1_final_project.py
[2023-01-27 09:37:23,105] {processor.py:651} INFO - DAG(s) dict_keys(['d_1_final_project']) retrieved from /opt/airflow/dags/d_1_final_project.py
[2023-01-27 09:37:23,166] {logging_mixin.py:115} INFO - [2023-01-27 09:37:23,166] {dag.py:2371} INFO - Sync 1 DAGs
[2023-01-27 09:37:23,199] {logging_mixin.py:115} INFO - [2023-01-27 09:37:23,199] {dag.py:2919} INFO - Setting next_dagrun for d_1_final_project to 2023-01-27T00:00:00+00:00, run_after=2023-01-28T00:00:00+00:00
[2023-01-27 09:37:23,222] {processor.py:161} INFO - Processing /opt/airflow/dags/d_1_final_project.py took 0.622 seconds
[2023-01-27 09:37:53,485] {processor.py:153} INFO - Started process (PID=768) to work on /opt/airflow/dags/d_1_final_project.py
[2023-01-27 09:37:53,486] {processor.py:641} INFO - Processing file /opt/airflow/dags/d_1_final_project.py for tasks to queue
[2023-01-27 09:37:53,487] {logging_mixin.py:115} INFO - [2023-01-27 09:37:53,487] {dagbag.py:507} INFO - Filling up the DagBag from /opt/airflow/dags/d_1_final_project.py
[2023-01-27 09:37:53,937] {processor.py:651} INFO - DAG(s) dict_keys(['d_1_final_project']) retrieved from /opt/airflow/dags/d_1_final_project.py
[2023-01-27 09:37:53,959] {logging_mixin.py:115} INFO - [2023-01-27 09:37:53,958] {dag.py:2371} INFO - Sync 1 DAGs
[2023-01-27 09:37:53,981] {logging_mixin.py:115} INFO - [2023-01-27 09:37:53,981] {dag.py:2919} INFO - Setting next_dagrun for d_1_final_project to 2023-01-27T00:00:00+00:00, run_after=2023-01-28T00:00:00+00:00
[2023-01-27 09:37:53,997] {processor.py:161} INFO - Processing /opt/airflow/dags/d_1_final_project.py took 0.516 seconds
[2023-01-27 09:38:24,848] {processor.py:153} INFO - Started process (PID=779) to work on /opt/airflow/dags/d_1_final_project.py
[2023-01-27 09:38:24,850] {processor.py:641} INFO - Processing file /opt/airflow/dags/d_1_final_project.py for tasks to queue
[2023-01-27 09:38:24,851] {logging_mixin.py:115} INFO - [2023-01-27 09:38:24,851] {dagbag.py:507} INFO - Filling up the DagBag from /opt/airflow/dags/d_1_final_project.py
[2023-01-27 09:38:25,424] {processor.py:651} INFO - DAG(s) dict_keys(['d_1_final_project']) retrieved from /opt/airflow/dags/d_1_final_project.py
[2023-01-27 09:38:25,451] {logging_mixin.py:115} INFO - [2023-01-27 09:38:25,450] {dag.py:2371} INFO - Sync 1 DAGs
[2023-01-27 09:38:25,476] {logging_mixin.py:115} INFO - [2023-01-27 09:38:25,476] {dag.py:2919} INFO - Setting next_dagrun for d_1_final_project to 2023-01-27T00:00:00+00:00, run_after=2023-01-28T00:00:00+00:00
[2023-01-27 09:38:25,491] {processor.py:161} INFO - Processing /opt/airflow/dags/d_1_final_project.py took 0.647 seconds
[2023-01-27 09:38:56,253] {processor.py:153} INFO - Started process (PID=790) to work on /opt/airflow/dags/d_1_final_project.py
[2023-01-27 09:38:56,255] {processor.py:641} INFO - Processing file /opt/airflow/dags/d_1_final_project.py for tasks to queue
[2023-01-27 09:38:56,257] {logging_mixin.py:115} INFO - [2023-01-27 09:38:56,257] {dagbag.py:507} INFO - Filling up the DagBag from /opt/airflow/dags/d_1_final_project.py
[2023-01-27 09:38:56,888] {processor.py:651} INFO - DAG(s) dict_keys(['d_1_final_project']) retrieved from /opt/airflow/dags/d_1_final_project.py
[2023-01-27 09:38:56,920] {logging_mixin.py:115} INFO - [2023-01-27 09:38:56,920] {dag.py:2371} INFO - Sync 1 DAGs
[2023-01-27 09:38:56,949] {logging_mixin.py:115} INFO - [2023-01-27 09:38:56,949] {dag.py:2919} INFO - Setting next_dagrun for d_1_final_project to 2023-01-27T00:00:00+00:00, run_after=2023-01-28T00:00:00+00:00
[2023-01-27 09:38:56,970] {processor.py:161} INFO - Processing /opt/airflow/dags/d_1_final_project.py took 0.723 seconds
[2023-01-27 09:39:27,580] {processor.py:153} INFO - Started process (PID=801) to work on /opt/airflow/dags/d_1_final_project.py
[2023-01-27 09:39:27,582] {processor.py:641} INFO - Processing file /opt/airflow/dags/d_1_final_project.py for tasks to queue
[2023-01-27 09:39:27,583] {logging_mixin.py:115} INFO - [2023-01-27 09:39:27,583] {dagbag.py:507} INFO - Filling up the DagBag from /opt/airflow/dags/d_1_final_project.py
[2023-01-27 09:39:28,147] {processor.py:651} INFO - DAG(s) dict_keys(['d_1_final_project']) retrieved from /opt/airflow/dags/d_1_final_project.py
[2023-01-27 09:39:28,170] {logging_mixin.py:115} INFO - [2023-01-27 09:39:28,170] {dag.py:2371} INFO - Sync 1 DAGs
[2023-01-27 09:39:28,193] {logging_mixin.py:115} INFO - [2023-01-27 09:39:28,193] {dag.py:2919} INFO - Setting next_dagrun for d_1_final_project to 2023-01-27T00:00:00+00:00, run_after=2023-01-28T00:00:00+00:00
[2023-01-27 09:39:28,209] {processor.py:161} INFO - Processing /opt/airflow/dags/d_1_final_project.py took 0.633 seconds
[2023-01-27 09:39:58,935] {processor.py:153} INFO - Started process (PID=812) to work on /opt/airflow/dags/d_1_final_project.py
[2023-01-27 09:39:58,936] {processor.py:641} INFO - Processing file /opt/airflow/dags/d_1_final_project.py for tasks to queue
[2023-01-27 09:39:58,938] {logging_mixin.py:115} INFO - [2023-01-27 09:39:58,938] {dagbag.py:507} INFO - Filling up the DagBag from /opt/airflow/dags/d_1_final_project.py
[2023-01-27 09:39:59,512] {processor.py:651} INFO - DAG(s) dict_keys(['d_1_final_project']) retrieved from /opt/airflow/dags/d_1_final_project.py
[2023-01-27 09:39:59,536] {logging_mixin.py:115} INFO - [2023-01-27 09:39:59,535] {dag.py:2371} INFO - Sync 1 DAGs
[2023-01-27 09:39:59,558] {logging_mixin.py:115} INFO - [2023-01-27 09:39:59,558] {dag.py:2919} INFO - Setting next_dagrun for d_1_final_project to 2023-01-27T00:00:00+00:00, run_after=2023-01-28T00:00:00+00:00
[2023-01-27 09:39:59,573] {processor.py:161} INFO - Processing /opt/airflow/dags/d_1_final_project.py took 0.641 seconds
[2023-01-27 09:40:30,330] {processor.py:153} INFO - Started process (PID=823) to work on /opt/airflow/dags/d_1_final_project.py
[2023-01-27 09:40:30,332] {processor.py:641} INFO - Processing file /opt/airflow/dags/d_1_final_project.py for tasks to queue
[2023-01-27 09:40:30,333] {logging_mixin.py:115} INFO - [2023-01-27 09:40:30,333] {dagbag.py:507} INFO - Filling up the DagBag from /opt/airflow/dags/d_1_final_project.py
[2023-01-27 09:40:30,986] {processor.py:651} INFO - DAG(s) dict_keys(['d_1_final_project']) retrieved from /opt/airflow/dags/d_1_final_project.py
[2023-01-27 09:40:31,007] {logging_mixin.py:115} INFO - [2023-01-27 09:40:31,007] {dag.py:2371} INFO - Sync 1 DAGs
[2023-01-27 09:40:31,034] {logging_mixin.py:115} INFO - [2023-01-27 09:40:31,034] {dag.py:2919} INFO - Setting next_dagrun for d_1_final_project to 2023-01-27T00:00:00+00:00, run_after=2023-01-28T00:00:00+00:00
[2023-01-27 09:40:31,050] {processor.py:161} INFO - Processing /opt/airflow/dags/d_1_final_project.py took 0.723 seconds
[2023-01-27 09:41:01,754] {processor.py:153} INFO - Started process (PID=834) to work on /opt/airflow/dags/d_1_final_project.py
[2023-01-27 09:41:01,756] {processor.py:641} INFO - Processing file /opt/airflow/dags/d_1_final_project.py for tasks to queue
[2023-01-27 09:41:01,758] {logging_mixin.py:115} INFO - [2023-01-27 09:41:01,757] {dagbag.py:507} INFO - Filling up the DagBag from /opt/airflow/dags/d_1_final_project.py
[2023-01-27 09:41:02,386] {processor.py:651} INFO - DAG(s) dict_keys(['d_1_final_project']) retrieved from /opt/airflow/dags/d_1_final_project.py
[2023-01-27 09:41:02,412] {logging_mixin.py:115} INFO - [2023-01-27 09:41:02,411] {dag.py:2371} INFO - Sync 1 DAGs
[2023-01-27 09:41:02,447] {logging_mixin.py:115} INFO - [2023-01-27 09:41:02,447] {dag.py:2919} INFO - Setting next_dagrun for d_1_final_project to 2023-01-27T00:00:00+00:00, run_after=2023-01-28T00:00:00+00:00
[2023-01-27 09:41:02,461] {processor.py:161} INFO - Processing /opt/airflow/dags/d_1_final_project.py took 0.712 seconds
[2023-01-27 09:41:33,198] {processor.py:153} INFO - Started process (PID=845) to work on /opt/airflow/dags/d_1_final_project.py
[2023-01-27 09:41:33,200] {processor.py:641} INFO - Processing file /opt/airflow/dags/d_1_final_project.py for tasks to queue
[2023-01-27 09:41:33,202] {logging_mixin.py:115} INFO - [2023-01-27 09:41:33,202] {dagbag.py:507} INFO - Filling up the DagBag from /opt/airflow/dags/d_1_final_project.py
[2023-01-27 09:41:33,939] {processor.py:651} INFO - DAG(s) dict_keys(['d_1_final_project']) retrieved from /opt/airflow/dags/d_1_final_project.py
[2023-01-27 09:41:33,979] {logging_mixin.py:115} INFO - [2023-01-27 09:41:33,978] {dag.py:2371} INFO - Sync 1 DAGs
[2023-01-27 09:41:34,018] {logging_mixin.py:115} INFO - [2023-01-27 09:41:34,018] {dag.py:2919} INFO - Setting next_dagrun for d_1_final_project to 2023-01-27T00:00:00+00:00, run_after=2023-01-28T00:00:00+00:00
[2023-01-27 09:41:34,041] {processor.py:161} INFO - Processing /opt/airflow/dags/d_1_final_project.py took 0.849 seconds
[2023-01-27 09:42:04,554] {processor.py:153} INFO - Started process (PID=856) to work on /opt/airflow/dags/d_1_final_project.py
[2023-01-27 09:42:04,556] {processor.py:641} INFO - Processing file /opt/airflow/dags/d_1_final_project.py for tasks to queue
[2023-01-27 09:42:04,557] {logging_mixin.py:115} INFO - [2023-01-27 09:42:04,557] {dagbag.py:507} INFO - Filling up the DagBag from /opt/airflow/dags/d_1_final_project.py
[2023-01-27 09:42:05,054] {processor.py:651} INFO - DAG(s) dict_keys(['d_1_final_project']) retrieved from /opt/airflow/dags/d_1_final_project.py
[2023-01-27 09:42:05,089] {logging_mixin.py:115} INFO - [2023-01-27 09:42:05,088] {dag.py:2371} INFO - Sync 1 DAGs
[2023-01-27 09:42:05,121] {logging_mixin.py:115} INFO - [2023-01-27 09:42:05,120] {dag.py:2919} INFO - Setting next_dagrun for d_1_final_project to 2023-01-27T00:00:00+00:00, run_after=2023-01-28T00:00:00+00:00
[2023-01-27 09:42:05,140] {processor.py:161} INFO - Processing /opt/airflow/dags/d_1_final_project.py took 0.591 seconds
[2023-01-27 09:42:35,256] {processor.py:153} INFO - Started process (PID=867) to work on /opt/airflow/dags/d_1_final_project.py
[2023-01-27 09:42:35,257] {processor.py:641} INFO - Processing file /opt/airflow/dags/d_1_final_project.py for tasks to queue
[2023-01-27 09:42:35,259] {logging_mixin.py:115} INFO - [2023-01-27 09:42:35,259] {dagbag.py:507} INFO - Filling up the DagBag from /opt/airflow/dags/d_1_final_project.py
[2023-01-27 09:42:36,052] {processor.py:651} INFO - DAG(s) dict_keys(['d_1_final_project']) retrieved from /opt/airflow/dags/d_1_final_project.py
[2023-01-27 09:42:36,078] {logging_mixin.py:115} INFO - [2023-01-27 09:42:36,077] {dag.py:2371} INFO - Sync 1 DAGs
[2023-01-27 09:42:36,135] {logging_mixin.py:115} INFO - [2023-01-27 09:42:36,135] {dag.py:2919} INFO - Setting next_dagrun for d_1_final_project to 2023-01-27T00:00:00+00:00, run_after=2023-01-28T00:00:00+00:00
[2023-01-27 09:42:36,176] {processor.py:161} INFO - Processing /opt/airflow/dags/d_1_final_project.py took 0.925 seconds
[2023-01-27 09:43:06,478] {processor.py:153} INFO - Started process (PID=878) to work on /opt/airflow/dags/d_1_final_project.py
[2023-01-27 09:43:06,479] {processor.py:641} INFO - Processing file /opt/airflow/dags/d_1_final_project.py for tasks to queue
[2023-01-27 09:43:06,480] {logging_mixin.py:115} INFO - [2023-01-27 09:43:06,480] {dagbag.py:507} INFO - Filling up the DagBag from /opt/airflow/dags/d_1_final_project.py
[2023-01-27 09:43:07,042] {processor.py:651} INFO - DAG(s) dict_keys(['d_1_final_project']) retrieved from /opt/airflow/dags/d_1_final_project.py
[2023-01-27 09:43:07,066] {logging_mixin.py:115} INFO - [2023-01-27 09:43:07,065] {dag.py:2371} INFO - Sync 1 DAGs
[2023-01-27 09:43:07,090] {logging_mixin.py:115} INFO - [2023-01-27 09:43:07,090] {dag.py:2919} INFO - Setting next_dagrun for d_1_final_project to 2023-01-27T00:00:00+00:00, run_after=2023-01-28T00:00:00+00:00
[2023-01-27 09:43:07,106] {processor.py:161} INFO - Processing /opt/airflow/dags/d_1_final_project.py took 0.633 seconds
