[2023-01-27 08:52:55,462] {processor.py:153} INFO - Started process (PID=199) to work on /opt/airflow/dags/sample_dag.py
[2023-01-27 08:52:55,464] {processor.py:641} INFO - Processing file /opt/airflow/dags/sample_dag.py for tasks to queue
[2023-01-27 08:52:55,469] {logging_mixin.py:115} INFO - [2023-01-27 08:52:55,469] {dagbag.py:507} INFO - Filling up the DagBag from /opt/airflow/dags/sample_dag.py
[2023-01-27 08:52:55,548] {processor.py:651} INFO - DAG(s) dict_keys(['first_sample_dag']) retrieved from /opt/airflow/dags/sample_dag.py
[2023-01-27 08:52:55,826] {logging_mixin.py:115} INFO - [2023-01-27 08:52:55,826] {manager.py:508} INFO - Created Permission View: can read on DAG:first_sample_dag
[2023-01-27 08:52:55,849] {logging_mixin.py:115} INFO - [2023-01-27 08:52:55,848] {manager.py:508} INFO - Created Permission View: can edit on DAG:first_sample_dag
[2023-01-27 08:52:55,875] {logging_mixin.py:115} INFO - [2023-01-27 08:52:55,875] {manager.py:508} INFO - Created Permission View: can delete on DAG:first_sample_dag
[2023-01-27 08:52:55,876] {logging_mixin.py:115} INFO - [2023-01-27 08:52:55,876] {dag.py:2371} INFO - Sync 1 DAGs
[2023-01-27 08:52:55,893] {logging_mixin.py:115} INFO - [2023-01-27 08:52:55,892] {dag.py:2390} INFO - Creating ORM DAG for first_sample_dag
[2023-01-27 08:52:55,915] {logging_mixin.py:115} INFO - [2023-01-27 08:52:55,915] {dag.py:2919} INFO - Setting next_dagrun for first_sample_dag to None, run_after=None
[2023-01-27 08:52:55,972] {processor.py:161} INFO - Processing /opt/airflow/dags/sample_dag.py took 0.518 seconds
[2023-01-27 08:53:26,173] {processor.py:153} INFO - Started process (PID=207) to work on /opt/airflow/dags/sample_dag.py
[2023-01-27 08:53:26,176] {processor.py:641} INFO - Processing file /opt/airflow/dags/sample_dag.py for tasks to queue
[2023-01-27 08:53:26,179] {logging_mixin.py:115} INFO - [2023-01-27 08:53:26,179] {dagbag.py:507} INFO - Filling up the DagBag from /opt/airflow/dags/sample_dag.py
[2023-01-27 08:53:26,258] {processor.py:651} INFO - DAG(s) dict_keys(['first_sample_dag']) retrieved from /opt/airflow/dags/sample_dag.py
[2023-01-27 08:53:26,331] {logging_mixin.py:115} INFO - [2023-01-27 08:53:26,330] {dag.py:2371} INFO - Sync 1 DAGs
[2023-01-27 08:53:26,425] {logging_mixin.py:115} INFO - [2023-01-27 08:53:26,425] {dag.py:2919} INFO - Setting next_dagrun for first_sample_dag to None, run_after=None
[2023-01-27 08:53:26,509] {processor.py:161} INFO - Processing /opt/airflow/dags/sample_dag.py took 0.347 seconds
[2023-01-27 08:53:56,646] {processor.py:153} INFO - Started process (PID=221) to work on /opt/airflow/dags/sample_dag.py
[2023-01-27 08:53:56,650] {processor.py:641} INFO - Processing file /opt/airflow/dags/sample_dag.py for tasks to queue
[2023-01-27 08:53:56,652] {logging_mixin.py:115} INFO - [2023-01-27 08:53:56,652] {dagbag.py:507} INFO - Filling up the DagBag from /opt/airflow/dags/sample_dag.py
[2023-01-27 08:53:56,751] {processor.py:651} INFO - DAG(s) dict_keys(['first_sample_dag']) retrieved from /opt/airflow/dags/sample_dag.py
[2023-01-27 08:53:56,831] {logging_mixin.py:115} INFO - [2023-01-27 08:53:56,831] {dag.py:2371} INFO - Sync 1 DAGs
[2023-01-27 08:53:56,894] {logging_mixin.py:115} INFO - [2023-01-27 08:53:56,894] {dag.py:2919} INFO - Setting next_dagrun for first_sample_dag to None, run_after=None
[2023-01-27 08:53:56,931] {processor.py:161} INFO - Processing /opt/airflow/dags/sample_dag.py took 0.297 seconds
[2023-01-27 08:54:27,440] {processor.py:153} INFO - Started process (PID=232) to work on /opt/airflow/dags/sample_dag.py
[2023-01-27 08:54:27,443] {processor.py:641} INFO - Processing file /opt/airflow/dags/sample_dag.py for tasks to queue
[2023-01-27 08:54:27,446] {logging_mixin.py:115} INFO - [2023-01-27 08:54:27,445] {dagbag.py:507} INFO - Filling up the DagBag from /opt/airflow/dags/sample_dag.py
[2023-01-27 08:54:27,508] {processor.py:651} INFO - DAG(s) dict_keys(['first_sample_dag']) retrieved from /opt/airflow/dags/sample_dag.py
[2023-01-27 08:54:27,549] {logging_mixin.py:115} INFO - [2023-01-27 08:54:27,549] {dag.py:2371} INFO - Sync 1 DAGs
[2023-01-27 08:54:27,586] {logging_mixin.py:115} INFO - [2023-01-27 08:54:27,586] {dag.py:2919} INFO - Setting next_dagrun for first_sample_dag to None, run_after=None
[2023-01-27 08:54:27,612] {processor.py:161} INFO - Processing /opt/airflow/dags/sample_dag.py took 0.185 seconds
[2023-01-27 08:54:58,215] {processor.py:153} INFO - Started process (PID=243) to work on /opt/airflow/dags/sample_dag.py
[2023-01-27 08:54:58,220] {processor.py:641} INFO - Processing file /opt/airflow/dags/sample_dag.py for tasks to queue
[2023-01-27 08:54:58,224] {logging_mixin.py:115} INFO - [2023-01-27 08:54:58,224] {dagbag.py:507} INFO - Filling up the DagBag from /opt/airflow/dags/sample_dag.py
[2023-01-27 08:54:58,330] {processor.py:651} INFO - DAG(s) dict_keys(['first_sample_dag']) retrieved from /opt/airflow/dags/sample_dag.py
[2023-01-27 08:54:58,380] {logging_mixin.py:115} INFO - [2023-01-27 08:54:58,380] {dag.py:2371} INFO - Sync 1 DAGs
[2023-01-27 08:54:58,467] {logging_mixin.py:115} INFO - [2023-01-27 08:54:58,466] {dag.py:2919} INFO - Setting next_dagrun for first_sample_dag to None, run_after=None
[2023-01-27 08:54:58,530] {processor.py:161} INFO - Processing /opt/airflow/dags/sample_dag.py took 0.332 seconds
[2023-01-27 08:55:28,748] {processor.py:153} INFO - Started process (PID=254) to work on /opt/airflow/dags/sample_dag.py
[2023-01-27 08:55:28,751] {processor.py:641} INFO - Processing file /opt/airflow/dags/sample_dag.py for tasks to queue
[2023-01-27 08:55:28,756] {logging_mixin.py:115} INFO - [2023-01-27 08:55:28,755] {dagbag.py:507} INFO - Filling up the DagBag from /opt/airflow/dags/sample_dag.py
[2023-01-27 08:55:28,883] {processor.py:651} INFO - DAG(s) dict_keys(['first_sample_dag']) retrieved from /opt/airflow/dags/sample_dag.py
[2023-01-27 08:55:28,945] {logging_mixin.py:115} INFO - [2023-01-27 08:55:28,945] {dag.py:2371} INFO - Sync 1 DAGs
[2023-01-27 08:55:28,990] {logging_mixin.py:115} INFO - [2023-01-27 08:55:28,990] {dag.py:2919} INFO - Setting next_dagrun for first_sample_dag to None, run_after=None
[2023-01-27 08:55:29,017] {processor.py:161} INFO - Processing /opt/airflow/dags/sample_dag.py took 0.285 seconds
[2023-01-27 08:55:59,246] {processor.py:153} INFO - Started process (PID=265) to work on /opt/airflow/dags/sample_dag.py
[2023-01-27 08:55:59,250] {processor.py:641} INFO - Processing file /opt/airflow/dags/sample_dag.py for tasks to queue
[2023-01-27 08:55:59,255] {logging_mixin.py:115} INFO - [2023-01-27 08:55:59,254] {dagbag.py:507} INFO - Filling up the DagBag from /opt/airflow/dags/sample_dag.py
[2023-01-27 08:55:59,393] {processor.py:651} INFO - DAG(s) dict_keys(['first_sample_dag']) retrieved from /opt/airflow/dags/sample_dag.py
[2023-01-27 08:55:59,508] {logging_mixin.py:115} INFO - [2023-01-27 08:55:59,508] {dag.py:2371} INFO - Sync 1 DAGs
[2023-01-27 08:55:59,628] {logging_mixin.py:115} INFO - [2023-01-27 08:55:59,628] {dag.py:2919} INFO - Setting next_dagrun for first_sample_dag to None, run_after=None
[2023-01-27 08:55:59,687] {processor.py:161} INFO - Processing /opt/airflow/dags/sample_dag.py took 0.456 seconds
[2023-01-27 08:56:29,982] {processor.py:153} INFO - Started process (PID=286) to work on /opt/airflow/dags/sample_dag.py
[2023-01-27 08:56:29,983] {processor.py:641} INFO - Processing file /opt/airflow/dags/sample_dag.py for tasks to queue
[2023-01-27 08:56:29,985] {logging_mixin.py:115} INFO - [2023-01-27 08:56:29,985] {dagbag.py:507} INFO - Filling up the DagBag from /opt/airflow/dags/sample_dag.py
[2023-01-27 08:56:30,044] {processor.py:651} INFO - DAG(s) dict_keys(['first_sample_dag']) retrieved from /opt/airflow/dags/sample_dag.py
[2023-01-27 08:56:30,099] {logging_mixin.py:115} INFO - [2023-01-27 08:56:30,099] {dag.py:2371} INFO - Sync 1 DAGs
[2023-01-27 08:56:30,154] {logging_mixin.py:115} INFO - [2023-01-27 08:56:30,154] {dag.py:2919} INFO - Setting next_dagrun for first_sample_dag to None, run_after=None
[2023-01-27 08:56:30,185] {processor.py:161} INFO - Processing /opt/airflow/dags/sample_dag.py took 0.210 seconds
[2023-01-27 08:57:00,398] {processor.py:153} INFO - Started process (PID=299) to work on /opt/airflow/dags/sample_dag.py
[2023-01-27 08:57:00,400] {processor.py:641} INFO - Processing file /opt/airflow/dags/sample_dag.py for tasks to queue
[2023-01-27 08:57:00,402] {logging_mixin.py:115} INFO - [2023-01-27 08:57:00,402] {dagbag.py:507} INFO - Filling up the DagBag from /opt/airflow/dags/sample_dag.py
[2023-01-27 08:57:00,474] {processor.py:651} INFO - DAG(s) dict_keys(['first_sample_dag']) retrieved from /opt/airflow/dags/sample_dag.py
[2023-01-27 08:57:00,537] {logging_mixin.py:115} INFO - [2023-01-27 08:57:00,537] {dag.py:2371} INFO - Sync 1 DAGs
[2023-01-27 08:57:00,595] {logging_mixin.py:115} INFO - [2023-01-27 08:57:00,595] {dag.py:2919} INFO - Setting next_dagrun for first_sample_dag to None, run_after=None
[2023-01-27 08:57:00,623] {processor.py:161} INFO - Processing /opt/airflow/dags/sample_dag.py took 0.234 seconds
[2023-01-27 08:57:31,071] {processor.py:153} INFO - Started process (PID=310) to work on /opt/airflow/dags/sample_dag.py
[2023-01-27 08:57:31,074] {processor.py:641} INFO - Processing file /opt/airflow/dags/sample_dag.py for tasks to queue
[2023-01-27 08:57:31,076] {logging_mixin.py:115} INFO - [2023-01-27 08:57:31,076] {dagbag.py:507} INFO - Filling up the DagBag from /opt/airflow/dags/sample_dag.py
[2023-01-27 08:57:31,177] {processor.py:651} INFO - DAG(s) dict_keys(['first_sample_dag']) retrieved from /opt/airflow/dags/sample_dag.py
[2023-01-27 08:57:31,255] {logging_mixin.py:115} INFO - [2023-01-27 08:57:31,254] {dag.py:2371} INFO - Sync 1 DAGs
[2023-01-27 08:57:31,314] {logging_mixin.py:115} INFO - [2023-01-27 08:57:31,314] {dag.py:2919} INFO - Setting next_dagrun for first_sample_dag to None, run_after=None
[2023-01-27 08:57:31,338] {processor.py:161} INFO - Processing /opt/airflow/dags/sample_dag.py took 0.280 seconds
[2023-01-27 08:58:02,335] {processor.py:153} INFO - Started process (PID=321) to work on /opt/airflow/dags/sample_dag.py
[2023-01-27 08:58:02,337] {processor.py:641} INFO - Processing file /opt/airflow/dags/sample_dag.py for tasks to queue
[2023-01-27 08:58:02,340] {logging_mixin.py:115} INFO - [2023-01-27 08:58:02,340] {dagbag.py:507} INFO - Filling up the DagBag from /opt/airflow/dags/sample_dag.py
[2023-01-27 08:58:02,428] {processor.py:651} INFO - DAG(s) dict_keys(['first_sample_dag']) retrieved from /opt/airflow/dags/sample_dag.py
[2023-01-27 08:58:02,496] {logging_mixin.py:115} INFO - [2023-01-27 08:58:02,496] {dag.py:2371} INFO - Sync 1 DAGs
[2023-01-27 08:58:02,540] {logging_mixin.py:115} INFO - [2023-01-27 08:58:02,540] {dag.py:2919} INFO - Setting next_dagrun for first_sample_dag to None, run_after=None
[2023-01-27 08:58:02,568] {processor.py:161} INFO - Processing /opt/airflow/dags/sample_dag.py took 0.242 seconds
[2023-01-27 08:58:33,109] {processor.py:153} INFO - Started process (PID=332) to work on /opt/airflow/dags/sample_dag.py
[2023-01-27 08:58:33,112] {processor.py:641} INFO - Processing file /opt/airflow/dags/sample_dag.py for tasks to queue
[2023-01-27 08:58:33,114] {logging_mixin.py:115} INFO - [2023-01-27 08:58:33,114] {dagbag.py:507} INFO - Filling up the DagBag from /opt/airflow/dags/sample_dag.py
[2023-01-27 08:58:33,194] {processor.py:651} INFO - DAG(s) dict_keys(['first_sample_dag']) retrieved from /opt/airflow/dags/sample_dag.py
[2023-01-27 08:58:33,252] {logging_mixin.py:115} INFO - [2023-01-27 08:58:33,252] {dag.py:2371} INFO - Sync 1 DAGs
[2023-01-27 08:58:33,307] {logging_mixin.py:115} INFO - [2023-01-27 08:58:33,307] {dag.py:2919} INFO - Setting next_dagrun for first_sample_dag to None, run_after=None
[2023-01-27 08:58:33,340] {processor.py:161} INFO - Processing /opt/airflow/dags/sample_dag.py took 0.242 seconds
[2023-01-27 08:59:03,657] {processor.py:153} INFO - Started process (PID=343) to work on /opt/airflow/dags/sample_dag.py
[2023-01-27 08:59:03,660] {processor.py:641} INFO - Processing file /opt/airflow/dags/sample_dag.py for tasks to queue
[2023-01-27 08:59:03,664] {logging_mixin.py:115} INFO - [2023-01-27 08:59:03,664] {dagbag.py:507} INFO - Filling up the DagBag from /opt/airflow/dags/sample_dag.py
[2023-01-27 08:59:03,783] {processor.py:651} INFO - DAG(s) dict_keys(['first_sample_dag']) retrieved from /opt/airflow/dags/sample_dag.py
[2023-01-27 08:59:03,905] {logging_mixin.py:115} INFO - [2023-01-27 08:59:03,905] {dag.py:2371} INFO - Sync 1 DAGs
[2023-01-27 08:59:03,995] {logging_mixin.py:115} INFO - [2023-01-27 08:59:03,995] {dag.py:2919} INFO - Setting next_dagrun for first_sample_dag to None, run_after=None
[2023-01-27 08:59:04,047] {processor.py:161} INFO - Processing /opt/airflow/dags/sample_dag.py took 0.401 seconds
[2023-01-27 08:59:34,283] {processor.py:153} INFO - Started process (PID=354) to work on /opt/airflow/dags/sample_dag.py
[2023-01-27 08:59:34,288] {processor.py:641} INFO - Processing file /opt/airflow/dags/sample_dag.py for tasks to queue
[2023-01-27 08:59:34,293] {logging_mixin.py:115} INFO - [2023-01-27 08:59:34,292] {dagbag.py:507} INFO - Filling up the DagBag from /opt/airflow/dags/sample_dag.py
[2023-01-27 08:59:34,468] {processor.py:651} INFO - DAG(s) dict_keys(['first_sample_dag']) retrieved from /opt/airflow/dags/sample_dag.py
[2023-01-27 08:59:34,541] {logging_mixin.py:115} INFO - [2023-01-27 08:59:34,541] {dag.py:2371} INFO - Sync 1 DAGs
[2023-01-27 08:59:34,583] {logging_mixin.py:115} INFO - [2023-01-27 08:59:34,583] {dag.py:2919} INFO - Setting next_dagrun for first_sample_dag to None, run_after=None
[2023-01-27 08:59:34,616] {processor.py:161} INFO - Processing /opt/airflow/dags/sample_dag.py took 0.354 seconds
[2023-01-27 09:00:05,175] {processor.py:153} INFO - Started process (PID=365) to work on /opt/airflow/dags/sample_dag.py
[2023-01-27 09:00:05,179] {processor.py:641} INFO - Processing file /opt/airflow/dags/sample_dag.py for tasks to queue
[2023-01-27 09:00:05,182] {logging_mixin.py:115} INFO - [2023-01-27 09:00:05,181] {dagbag.py:507} INFO - Filling up the DagBag from /opt/airflow/dags/sample_dag.py
[2023-01-27 09:00:05,280] {processor.py:651} INFO - DAG(s) dict_keys(['first_sample_dag']) retrieved from /opt/airflow/dags/sample_dag.py
[2023-01-27 09:00:05,358] {logging_mixin.py:115} INFO - [2023-01-27 09:00:05,357] {dag.py:2371} INFO - Sync 1 DAGs
[2023-01-27 09:00:05,432] {logging_mixin.py:115} INFO - [2023-01-27 09:00:05,432] {dag.py:2919} INFO - Setting next_dagrun for first_sample_dag to None, run_after=None
[2023-01-27 09:00:05,469] {processor.py:161} INFO - Processing /opt/airflow/dags/sample_dag.py took 0.309 seconds
[2023-01-27 09:00:36,001] {processor.py:153} INFO - Started process (PID=376) to work on /opt/airflow/dags/sample_dag.py
[2023-01-27 09:00:36,005] {processor.py:641} INFO - Processing file /opt/airflow/dags/sample_dag.py for tasks to queue
[2023-01-27 09:00:36,009] {logging_mixin.py:115} INFO - [2023-01-27 09:00:36,009] {dagbag.py:507} INFO - Filling up the DagBag from /opt/airflow/dags/sample_dag.py
[2023-01-27 09:00:36,128] {processor.py:651} INFO - DAG(s) dict_keys(['first_sample_dag']) retrieved from /opt/airflow/dags/sample_dag.py
[2023-01-27 09:00:36,221] {logging_mixin.py:115} INFO - [2023-01-27 09:00:36,221] {dag.py:2371} INFO - Sync 1 DAGs
[2023-01-27 09:00:36,333] {logging_mixin.py:115} INFO - [2023-01-27 09:00:36,333] {dag.py:2919} INFO - Setting next_dagrun for first_sample_dag to None, run_after=None
[2023-01-27 09:00:36,402] {processor.py:161} INFO - Processing /opt/airflow/dags/sample_dag.py took 0.414 seconds
[2023-01-27 09:01:06,965] {processor.py:153} INFO - Started process (PID=387) to work on /opt/airflow/dags/sample_dag.py
[2023-01-27 09:01:06,967] {processor.py:641} INFO - Processing file /opt/airflow/dags/sample_dag.py for tasks to queue
[2023-01-27 09:01:06,969] {logging_mixin.py:115} INFO - [2023-01-27 09:01:06,969] {dagbag.py:507} INFO - Filling up the DagBag from /opt/airflow/dags/sample_dag.py
[2023-01-27 09:01:07,044] {processor.py:651} INFO - DAG(s) dict_keys(['first_sample_dag']) retrieved from /opt/airflow/dags/sample_dag.py
[2023-01-27 09:01:07,112] {logging_mixin.py:115} INFO - [2023-01-27 09:01:07,112] {dag.py:2371} INFO - Sync 1 DAGs
[2023-01-27 09:01:07,174] {logging_mixin.py:115} INFO - [2023-01-27 09:01:07,174] {dag.py:2919} INFO - Setting next_dagrun for first_sample_dag to None, run_after=None
[2023-01-27 09:01:07,204] {processor.py:161} INFO - Processing /opt/airflow/dags/sample_dag.py took 0.247 seconds
[2023-01-27 09:01:37,363] {processor.py:153} INFO - Started process (PID=398) to work on /opt/airflow/dags/sample_dag.py
[2023-01-27 09:01:37,366] {processor.py:641} INFO - Processing file /opt/airflow/dags/sample_dag.py for tasks to queue
[2023-01-27 09:01:37,369] {logging_mixin.py:115} INFO - [2023-01-27 09:01:37,368] {dagbag.py:507} INFO - Filling up the DagBag from /opt/airflow/dags/sample_dag.py
[2023-01-27 09:01:37,450] {processor.py:651} INFO - DAG(s) dict_keys(['first_sample_dag']) retrieved from /opt/airflow/dags/sample_dag.py
[2023-01-27 09:01:37,517] {logging_mixin.py:115} INFO - [2023-01-27 09:01:37,516] {dag.py:2371} INFO - Sync 1 DAGs
[2023-01-27 09:01:37,579] {logging_mixin.py:115} INFO - [2023-01-27 09:01:37,579] {dag.py:2919} INFO - Setting next_dagrun for first_sample_dag to None, run_after=None
[2023-01-27 09:01:37,619] {processor.py:161} INFO - Processing /opt/airflow/dags/sample_dag.py took 0.263 seconds
[2023-01-27 09:02:08,159] {processor.py:153} INFO - Started process (PID=409) to work on /opt/airflow/dags/sample_dag.py
[2023-01-27 09:02:08,162] {processor.py:641} INFO - Processing file /opt/airflow/dags/sample_dag.py for tasks to queue
[2023-01-27 09:02:08,166] {logging_mixin.py:115} INFO - [2023-01-27 09:02:08,166] {dagbag.py:507} INFO - Filling up the DagBag from /opt/airflow/dags/sample_dag.py
[2023-01-27 09:02:08,296] {processor.py:651} INFO - DAG(s) dict_keys(['first_sample_dag']) retrieved from /opt/airflow/dags/sample_dag.py
[2023-01-27 09:02:08,401] {logging_mixin.py:115} INFO - [2023-01-27 09:02:08,401] {dag.py:2371} INFO - Sync 1 DAGs
[2023-01-27 09:02:08,501] {logging_mixin.py:115} INFO - [2023-01-27 09:02:08,501] {dag.py:2919} INFO - Setting next_dagrun for first_sample_dag to None, run_after=None
[2023-01-27 09:02:08,536] {processor.py:161} INFO - Processing /opt/airflow/dags/sample_dag.py took 0.388 seconds
[2023-01-27 09:02:39,100] {processor.py:153} INFO - Started process (PID=420) to work on /opt/airflow/dags/sample_dag.py
[2023-01-27 09:02:39,104] {processor.py:641} INFO - Processing file /opt/airflow/dags/sample_dag.py for tasks to queue
[2023-01-27 09:02:39,108] {logging_mixin.py:115} INFO - [2023-01-27 09:02:39,108] {dagbag.py:507} INFO - Filling up the DagBag from /opt/airflow/dags/sample_dag.py
[2023-01-27 09:02:39,193] {processor.py:651} INFO - DAG(s) dict_keys(['first_sample_dag']) retrieved from /opt/airflow/dags/sample_dag.py
[2023-01-27 09:02:39,254] {logging_mixin.py:115} INFO - [2023-01-27 09:02:39,254] {dag.py:2371} INFO - Sync 1 DAGs
[2023-01-27 09:02:39,306] {logging_mixin.py:115} INFO - [2023-01-27 09:02:39,306] {dag.py:2919} INFO - Setting next_dagrun for first_sample_dag to None, run_after=None
[2023-01-27 09:02:39,339] {processor.py:161} INFO - Processing /opt/airflow/dags/sample_dag.py took 0.250 seconds
[2023-01-27 09:03:09,842] {processor.py:153} INFO - Started process (PID=431) to work on /opt/airflow/dags/sample_dag.py
[2023-01-27 09:03:09,844] {processor.py:641} INFO - Processing file /opt/airflow/dags/sample_dag.py for tasks to queue
[2023-01-27 09:03:09,846] {logging_mixin.py:115} INFO - [2023-01-27 09:03:09,845] {dagbag.py:507} INFO - Filling up the DagBag from /opt/airflow/dags/sample_dag.py
[2023-01-27 09:03:09,899] {processor.py:651} INFO - DAG(s) dict_keys(['first_sample_dag']) retrieved from /opt/airflow/dags/sample_dag.py
[2023-01-27 09:03:09,961] {logging_mixin.py:115} INFO - [2023-01-27 09:03:09,961] {dag.py:2371} INFO - Sync 1 DAGs
[2023-01-27 09:03:10,102] {logging_mixin.py:115} INFO - [2023-01-27 09:03:10,101] {dag.py:2919} INFO - Setting next_dagrun for first_sample_dag to None, run_after=None
[2023-01-27 09:03:10,136] {processor.py:161} INFO - Processing /opt/airflow/dags/sample_dag.py took 0.300 seconds
[2023-01-27 09:03:40,652] {processor.py:153} INFO - Started process (PID=442) to work on /opt/airflow/dags/sample_dag.py
[2023-01-27 09:03:40,655] {processor.py:641} INFO - Processing file /opt/airflow/dags/sample_dag.py for tasks to queue
[2023-01-27 09:03:40,659] {logging_mixin.py:115} INFO - [2023-01-27 09:03:40,659] {dagbag.py:507} INFO - Filling up the DagBag from /opt/airflow/dags/sample_dag.py
[2023-01-27 09:03:40,733] {processor.py:651} INFO - DAG(s) dict_keys(['first_sample_dag']) retrieved from /opt/airflow/dags/sample_dag.py
[2023-01-27 09:03:40,813] {logging_mixin.py:115} INFO - [2023-01-27 09:03:40,813] {dag.py:2371} INFO - Sync 1 DAGs
[2023-01-27 09:03:40,886] {logging_mixin.py:115} INFO - [2023-01-27 09:03:40,885] {dag.py:2919} INFO - Setting next_dagrun for first_sample_dag to None, run_after=None
[2023-01-27 09:03:40,931] {processor.py:161} INFO - Processing /opt/airflow/dags/sample_dag.py took 0.286 seconds
[2023-01-27 09:04:11,474] {processor.py:153} INFO - Started process (PID=453) to work on /opt/airflow/dags/sample_dag.py
[2023-01-27 09:04:11,477] {processor.py:641} INFO - Processing file /opt/airflow/dags/sample_dag.py for tasks to queue
[2023-01-27 09:04:11,481] {logging_mixin.py:115} INFO - [2023-01-27 09:04:11,480] {dagbag.py:507} INFO - Filling up the DagBag from /opt/airflow/dags/sample_dag.py
[2023-01-27 09:04:11,586] {processor.py:651} INFO - DAG(s) dict_keys(['first_sample_dag']) retrieved from /opt/airflow/dags/sample_dag.py
[2023-01-27 09:04:11,685] {logging_mixin.py:115} INFO - [2023-01-27 09:04:11,685] {dag.py:2371} INFO - Sync 1 DAGs
[2023-01-27 09:04:11,766] {logging_mixin.py:115} INFO - [2023-01-27 09:04:11,766] {dag.py:2919} INFO - Setting next_dagrun for first_sample_dag to None, run_after=None
[2023-01-27 09:04:11,808] {processor.py:161} INFO - Processing /opt/airflow/dags/sample_dag.py took 0.346 seconds
[2023-01-27 09:04:42,305] {processor.py:153} INFO - Started process (PID=464) to work on /opt/airflow/dags/sample_dag.py
[2023-01-27 09:04:42,308] {processor.py:641} INFO - Processing file /opt/airflow/dags/sample_dag.py for tasks to queue
[2023-01-27 09:04:42,310] {logging_mixin.py:115} INFO - [2023-01-27 09:04:42,310] {dagbag.py:507} INFO - Filling up the DagBag from /opt/airflow/dags/sample_dag.py
[2023-01-27 09:04:42,384] {processor.py:651} INFO - DAG(s) dict_keys(['first_sample_dag']) retrieved from /opt/airflow/dags/sample_dag.py
[2023-01-27 09:04:42,462] {logging_mixin.py:115} INFO - [2023-01-27 09:04:42,462] {dag.py:2371} INFO - Sync 1 DAGs
[2023-01-27 09:04:42,538] {logging_mixin.py:115} INFO - [2023-01-27 09:04:42,538] {dag.py:2919} INFO - Setting next_dagrun for first_sample_dag to None, run_after=None
[2023-01-27 09:04:42,582] {processor.py:161} INFO - Processing /opt/airflow/dags/sample_dag.py took 0.287 seconds
[2023-01-27 09:05:13,085] {processor.py:153} INFO - Started process (PID=475) to work on /opt/airflow/dags/sample_dag.py
[2023-01-27 09:05:13,087] {processor.py:641} INFO - Processing file /opt/airflow/dags/sample_dag.py for tasks to queue
[2023-01-27 09:05:13,089] {logging_mixin.py:115} INFO - [2023-01-27 09:05:13,089] {dagbag.py:507} INFO - Filling up the DagBag from /opt/airflow/dags/sample_dag.py
[2023-01-27 09:05:13,154] {processor.py:651} INFO - DAG(s) dict_keys(['first_sample_dag']) retrieved from /opt/airflow/dags/sample_dag.py
[2023-01-27 09:05:13,215] {logging_mixin.py:115} INFO - [2023-01-27 09:05:13,215] {dag.py:2371} INFO - Sync 1 DAGs
[2023-01-27 09:05:13,257] {logging_mixin.py:115} INFO - [2023-01-27 09:05:13,257] {dag.py:2919} INFO - Setting next_dagrun for first_sample_dag to None, run_after=None
[2023-01-27 09:05:13,285] {processor.py:161} INFO - Processing /opt/airflow/dags/sample_dag.py took 0.206 seconds
[2023-01-27 09:05:43,719] {processor.py:153} INFO - Started process (PID=486) to work on /opt/airflow/dags/sample_dag.py
[2023-01-27 09:05:43,721] {processor.py:641} INFO - Processing file /opt/airflow/dags/sample_dag.py for tasks to queue
[2023-01-27 09:05:43,724] {logging_mixin.py:115} INFO - [2023-01-27 09:05:43,724] {dagbag.py:507} INFO - Filling up the DagBag from /opt/airflow/dags/sample_dag.py
[2023-01-27 09:05:43,797] {processor.py:651} INFO - DAG(s) dict_keys(['first_sample_dag']) retrieved from /opt/airflow/dags/sample_dag.py
[2023-01-27 09:05:43,859] {logging_mixin.py:115} INFO - [2023-01-27 09:05:43,859] {dag.py:2371} INFO - Sync 1 DAGs
[2023-01-27 09:05:43,964] {logging_mixin.py:115} INFO - [2023-01-27 09:05:43,963] {dag.py:2919} INFO - Setting next_dagrun for first_sample_dag to None, run_after=None
[2023-01-27 09:05:44,033] {processor.py:161} INFO - Processing /opt/airflow/dags/sample_dag.py took 0.325 seconds
[2023-01-27 09:06:14,580] {processor.py:153} INFO - Started process (PID=497) to work on /opt/airflow/dags/sample_dag.py
[2023-01-27 09:06:14,584] {processor.py:641} INFO - Processing file /opt/airflow/dags/sample_dag.py for tasks to queue
[2023-01-27 09:06:14,589] {logging_mixin.py:115} INFO - [2023-01-27 09:06:14,589] {dagbag.py:507} INFO - Filling up the DagBag from /opt/airflow/dags/sample_dag.py
[2023-01-27 09:06:14,723] {processor.py:651} INFO - DAG(s) dict_keys(['first_sample_dag']) retrieved from /opt/airflow/dags/sample_dag.py
[2023-01-27 09:06:14,770] {logging_mixin.py:115} INFO - [2023-01-27 09:06:14,770] {dag.py:2371} INFO - Sync 1 DAGs
[2023-01-27 09:06:14,812] {logging_mixin.py:115} INFO - [2023-01-27 09:06:14,812] {dag.py:2919} INFO - Setting next_dagrun for first_sample_dag to None, run_after=None
[2023-01-27 09:06:14,861] {processor.py:161} INFO - Processing /opt/airflow/dags/sample_dag.py took 0.295 seconds
[2023-01-27 09:06:44,969] {processor.py:153} INFO - Started process (PID=508) to work on /opt/airflow/dags/sample_dag.py
[2023-01-27 09:06:44,970] {processor.py:641} INFO - Processing file /opt/airflow/dags/sample_dag.py for tasks to queue
[2023-01-27 09:06:44,972] {logging_mixin.py:115} INFO - [2023-01-27 09:06:44,972] {dagbag.py:507} INFO - Filling up the DagBag from /opt/airflow/dags/sample_dag.py
[2023-01-27 09:06:45,016] {processor.py:651} INFO - DAG(s) dict_keys(['first_sample_dag']) retrieved from /opt/airflow/dags/sample_dag.py
[2023-01-27 09:06:45,063] {logging_mixin.py:115} INFO - [2023-01-27 09:06:45,063] {dag.py:2371} INFO - Sync 1 DAGs
[2023-01-27 09:06:45,133] {logging_mixin.py:115} INFO - [2023-01-27 09:06:45,133] {dag.py:2919} INFO - Setting next_dagrun for first_sample_dag to None, run_after=None
[2023-01-27 09:06:45,173] {processor.py:161} INFO - Processing /opt/airflow/dags/sample_dag.py took 0.209 seconds
[2023-01-27 09:07:15,553] {processor.py:153} INFO - Started process (PID=519) to work on /opt/airflow/dags/sample_dag.py
[2023-01-27 09:07:15,554] {processor.py:641} INFO - Processing file /opt/airflow/dags/sample_dag.py for tasks to queue
[2023-01-27 09:07:15,556] {logging_mixin.py:115} INFO - [2023-01-27 09:07:15,556] {dagbag.py:507} INFO - Filling up the DagBag from /opt/airflow/dags/sample_dag.py
[2023-01-27 09:07:15,597] {processor.py:651} INFO - DAG(s) dict_keys(['first_sample_dag']) retrieved from /opt/airflow/dags/sample_dag.py
[2023-01-27 09:07:15,631] {logging_mixin.py:115} INFO - [2023-01-27 09:07:15,631] {dag.py:2371} INFO - Sync 1 DAGs
[2023-01-27 09:07:15,654] {logging_mixin.py:115} INFO - [2023-01-27 09:07:15,654] {dag.py:2919} INFO - Setting next_dagrun for first_sample_dag to None, run_after=None
[2023-01-27 09:07:15,668] {processor.py:161} INFO - Processing /opt/airflow/dags/sample_dag.py took 0.118 seconds
[2023-01-27 09:07:45,910] {processor.py:153} INFO - Started process (PID=530) to work on /opt/airflow/dags/sample_dag.py
[2023-01-27 09:07:45,913] {processor.py:641} INFO - Processing file /opt/airflow/dags/sample_dag.py for tasks to queue
[2023-01-27 09:07:45,915] {logging_mixin.py:115} INFO - [2023-01-27 09:07:45,915] {dagbag.py:507} INFO - Filling up the DagBag from /opt/airflow/dags/sample_dag.py
[2023-01-27 09:07:45,955] {processor.py:651} INFO - DAG(s) dict_keys(['first_sample_dag']) retrieved from /opt/airflow/dags/sample_dag.py
[2023-01-27 09:07:45,981] {logging_mixin.py:115} INFO - [2023-01-27 09:07:45,981] {dag.py:2371} INFO - Sync 1 DAGs
[2023-01-27 09:07:46,003] {logging_mixin.py:115} INFO - [2023-01-27 09:07:46,003] {dag.py:2919} INFO - Setting next_dagrun for first_sample_dag to None, run_after=None
[2023-01-27 09:07:46,017] {processor.py:161} INFO - Processing /opt/airflow/dags/sample_dag.py took 0.111 seconds
[2023-01-27 09:08:16,479] {processor.py:153} INFO - Started process (PID=537) to work on /opt/airflow/dags/sample_dag.py
[2023-01-27 09:08:16,481] {processor.py:641} INFO - Processing file /opt/airflow/dags/sample_dag.py for tasks to queue
[2023-01-27 09:08:16,482] {logging_mixin.py:115} INFO - [2023-01-27 09:08:16,482] {dagbag.py:507} INFO - Filling up the DagBag from /opt/airflow/dags/sample_dag.py
[2023-01-27 09:08:16,527] {processor.py:651} INFO - DAG(s) dict_keys(['first_sample_dag']) retrieved from /opt/airflow/dags/sample_dag.py
[2023-01-27 09:08:16,568] {logging_mixin.py:115} INFO - [2023-01-27 09:08:16,568] {dag.py:2371} INFO - Sync 1 DAGs
[2023-01-27 09:08:16,597] {logging_mixin.py:115} INFO - [2023-01-27 09:08:16,597] {dag.py:2919} INFO - Setting next_dagrun for first_sample_dag to None, run_after=None
[2023-01-27 09:08:16,619] {processor.py:161} INFO - Processing /opt/airflow/dags/sample_dag.py took 0.146 seconds
[2023-01-27 09:12:18,493] {processor.py:153} INFO - Started process (PID=210) to work on /opt/airflow/dags/sample_dag.py
[2023-01-27 09:12:18,497] {processor.py:641} INFO - Processing file /opt/airflow/dags/sample_dag.py for tasks to queue
[2023-01-27 09:12:18,500] {logging_mixin.py:115} INFO - [2023-01-27 09:12:18,500] {dagbag.py:507} INFO - Filling up the DagBag from /opt/airflow/dags/sample_dag.py
[2023-01-27 09:12:18,556] {processor.py:651} INFO - DAG(s) dict_keys(['first_sample_dag']) retrieved from /opt/airflow/dags/sample_dag.py
[2023-01-27 09:12:18,744] {logging_mixin.py:115} INFO - [2023-01-27 09:12:18,744] {manager.py:508} INFO - Created Permission View: can delete on DAG:first_sample_dag
[2023-01-27 09:12:18,775] {logging_mixin.py:115} INFO - [2023-01-27 09:12:18,775] {manager.py:508} INFO - Created Permission View: can read on DAG:first_sample_dag
[2023-01-27 09:12:18,800] {logging_mixin.py:115} INFO - [2023-01-27 09:12:18,800] {manager.py:508} INFO - Created Permission View: can edit on DAG:first_sample_dag
[2023-01-27 09:12:18,804] {logging_mixin.py:115} INFO - [2023-01-27 09:12:18,803] {dag.py:2371} INFO - Sync 1 DAGs
[2023-01-27 09:12:18,831] {logging_mixin.py:115} INFO - [2023-01-27 09:12:18,831] {dag.py:2390} INFO - Creating ORM DAG for first_sample_dag
[2023-01-27 09:12:18,878] {logging_mixin.py:115} INFO - [2023-01-27 09:12:18,878] {dag.py:2919} INFO - Setting next_dagrun for first_sample_dag to None, run_after=None
[2023-01-27 09:12:18,910] {processor.py:161} INFO - Processing /opt/airflow/dags/sample_dag.py took 0.423 seconds
[2023-01-27 09:12:49,779] {processor.py:153} INFO - Started process (PID=220) to work on /opt/airflow/dags/sample_dag.py
[2023-01-27 09:12:49,782] {processor.py:641} INFO - Processing file /opt/airflow/dags/sample_dag.py for tasks to queue
[2023-01-27 09:12:49,783] {logging_mixin.py:115} INFO - [2023-01-27 09:12:49,783] {dagbag.py:507} INFO - Filling up the DagBag from /opt/airflow/dags/sample_dag.py
[2023-01-27 09:12:49,851] {processor.py:651} INFO - DAG(s) dict_keys(['first_sample_dag']) retrieved from /opt/airflow/dags/sample_dag.py
[2023-01-27 09:12:49,908] {logging_mixin.py:115} INFO - [2023-01-27 09:12:49,907] {dag.py:2371} INFO - Sync 1 DAGs
[2023-01-27 09:12:49,947] {logging_mixin.py:115} INFO - [2023-01-27 09:12:49,947] {dag.py:2919} INFO - Setting next_dagrun for first_sample_dag to None, run_after=None
[2023-01-27 09:12:49,968] {processor.py:161} INFO - Processing /opt/airflow/dags/sample_dag.py took 0.196 seconds
[2023-01-27 09:13:20,278] {processor.py:153} INFO - Started process (PID=229) to work on /opt/airflow/dags/sample_dag.py
[2023-01-27 09:13:20,280] {processor.py:641} INFO - Processing file /opt/airflow/dags/sample_dag.py for tasks to queue
[2023-01-27 09:13:20,281] {logging_mixin.py:115} INFO - [2023-01-27 09:13:20,281] {dagbag.py:507} INFO - Filling up the DagBag from /opt/airflow/dags/sample_dag.py
[2023-01-27 09:13:20,343] {processor.py:651} INFO - DAG(s) dict_keys(['first_sample_dag']) retrieved from /opt/airflow/dags/sample_dag.py
[2023-01-27 09:13:20,392] {logging_mixin.py:115} INFO - [2023-01-27 09:13:20,392] {dag.py:2371} INFO - Sync 1 DAGs
[2023-01-27 09:13:20,441] {logging_mixin.py:115} INFO - [2023-01-27 09:13:20,441] {dag.py:2919} INFO - Setting next_dagrun for first_sample_dag to None, run_after=None
[2023-01-27 09:13:20,474] {processor.py:161} INFO - Processing /opt/airflow/dags/sample_dag.py took 0.200 seconds
[2023-01-27 09:13:50,722] {processor.py:153} INFO - Started process (PID=240) to work on /opt/airflow/dags/sample_dag.py
[2023-01-27 09:13:50,723] {processor.py:641} INFO - Processing file /opt/airflow/dags/sample_dag.py for tasks to queue
[2023-01-27 09:13:50,725] {logging_mixin.py:115} INFO - [2023-01-27 09:13:50,725] {dagbag.py:507} INFO - Filling up the DagBag from /opt/airflow/dags/sample_dag.py
[2023-01-27 09:13:50,769] {processor.py:651} INFO - DAG(s) dict_keys(['first_sample_dag']) retrieved from /opt/airflow/dags/sample_dag.py
[2023-01-27 09:13:50,798] {logging_mixin.py:115} INFO - [2023-01-27 09:13:50,798] {dag.py:2371} INFO - Sync 1 DAGs
[2023-01-27 09:13:50,823] {logging_mixin.py:115} INFO - [2023-01-27 09:13:50,823] {dag.py:2919} INFO - Setting next_dagrun for first_sample_dag to None, run_after=None
[2023-01-27 09:13:50,842] {processor.py:161} INFO - Processing /opt/airflow/dags/sample_dag.py took 0.124 seconds
[2023-01-27 09:14:21,116] {processor.py:153} INFO - Started process (PID=251) to work on /opt/airflow/dags/sample_dag.py
[2023-01-27 09:14:21,117] {processor.py:641} INFO - Processing file /opt/airflow/dags/sample_dag.py for tasks to queue
[2023-01-27 09:14:21,119] {logging_mixin.py:115} INFO - [2023-01-27 09:14:21,119] {dagbag.py:507} INFO - Filling up the DagBag from /opt/airflow/dags/sample_dag.py
[2023-01-27 09:14:21,175] {processor.py:651} INFO - DAG(s) dict_keys(['first_sample_dag']) retrieved from /opt/airflow/dags/sample_dag.py
[2023-01-27 09:14:21,219] {logging_mixin.py:115} INFO - [2023-01-27 09:14:21,219] {dag.py:2371} INFO - Sync 1 DAGs
[2023-01-27 09:14:21,264] {logging_mixin.py:115} INFO - [2023-01-27 09:14:21,263] {dag.py:2919} INFO - Setting next_dagrun for first_sample_dag to None, run_after=None
[2023-01-27 09:14:21,284] {processor.py:161} INFO - Processing /opt/airflow/dags/sample_dag.py took 0.173 seconds
[2023-01-27 09:14:51,538] {processor.py:153} INFO - Started process (PID=262) to work on /opt/airflow/dags/sample_dag.py
[2023-01-27 09:14:51,539] {processor.py:641} INFO - Processing file /opt/airflow/dags/sample_dag.py for tasks to queue
[2023-01-27 09:14:51,540] {logging_mixin.py:115} INFO - [2023-01-27 09:14:51,540] {dagbag.py:507} INFO - Filling up the DagBag from /opt/airflow/dags/sample_dag.py
[2023-01-27 09:14:51,591] {processor.py:651} INFO - DAG(s) dict_keys(['first_sample_dag']) retrieved from /opt/airflow/dags/sample_dag.py
[2023-01-27 09:14:51,631] {logging_mixin.py:115} INFO - [2023-01-27 09:14:51,631] {dag.py:2371} INFO - Sync 1 DAGs
[2023-01-27 09:14:51,667] {logging_mixin.py:115} INFO - [2023-01-27 09:14:51,667] {dag.py:2919} INFO - Setting next_dagrun for first_sample_dag to None, run_after=None
[2023-01-27 09:14:51,691] {processor.py:161} INFO - Processing /opt/airflow/dags/sample_dag.py took 0.157 seconds
[2023-01-27 09:15:21,950] {processor.py:153} INFO - Started process (PID=273) to work on /opt/airflow/dags/sample_dag.py
[2023-01-27 09:15:21,951] {processor.py:641} INFO - Processing file /opt/airflow/dags/sample_dag.py for tasks to queue
[2023-01-27 09:15:21,952] {logging_mixin.py:115} INFO - [2023-01-27 09:15:21,952] {dagbag.py:507} INFO - Filling up the DagBag from /opt/airflow/dags/sample_dag.py
[2023-01-27 09:15:21,995] {processor.py:651} INFO - DAG(s) dict_keys(['first_sample_dag']) retrieved from /opt/airflow/dags/sample_dag.py
[2023-01-27 09:15:22,024] {logging_mixin.py:115} INFO - [2023-01-27 09:15:22,024] {dag.py:2371} INFO - Sync 1 DAGs
[2023-01-27 09:15:22,050] {logging_mixin.py:115} INFO - [2023-01-27 09:15:22,050] {dag.py:2919} INFO - Setting next_dagrun for first_sample_dag to None, run_after=None
[2023-01-27 09:15:22,067] {processor.py:161} INFO - Processing /opt/airflow/dags/sample_dag.py took 0.120 seconds
[2023-01-27 09:15:52,308] {processor.py:153} INFO - Started process (PID=284) to work on /opt/airflow/dags/sample_dag.py
[2023-01-27 09:15:52,310] {processor.py:641} INFO - Processing file /opt/airflow/dags/sample_dag.py for tasks to queue
[2023-01-27 09:15:52,312] {logging_mixin.py:115} INFO - [2023-01-27 09:15:52,312] {dagbag.py:507} INFO - Filling up the DagBag from /opt/airflow/dags/sample_dag.py
[2023-01-27 09:15:52,362] {processor.py:651} INFO - DAG(s) dict_keys(['first_sample_dag']) retrieved from /opt/airflow/dags/sample_dag.py
[2023-01-27 09:15:52,394] {logging_mixin.py:115} INFO - [2023-01-27 09:15:52,394] {dag.py:2371} INFO - Sync 1 DAGs
[2023-01-27 09:15:52,420] {logging_mixin.py:115} INFO - [2023-01-27 09:15:52,420] {dag.py:2919} INFO - Setting next_dagrun for first_sample_dag to None, run_after=None
[2023-01-27 09:15:52,437] {processor.py:161} INFO - Processing /opt/airflow/dags/sample_dag.py took 0.133 seconds
[2023-01-27 09:16:22,690] {processor.py:153} INFO - Started process (PID=307) to work on /opt/airflow/dags/sample_dag.py
[2023-01-27 09:16:22,692] {processor.py:641} INFO - Processing file /opt/airflow/dags/sample_dag.py for tasks to queue
[2023-01-27 09:16:22,693] {logging_mixin.py:115} INFO - [2023-01-27 09:16:22,693] {dagbag.py:507} INFO - Filling up the DagBag from /opt/airflow/dags/sample_dag.py
[2023-01-27 09:16:22,743] {processor.py:651} INFO - DAG(s) dict_keys(['first_sample_dag']) retrieved from /opt/airflow/dags/sample_dag.py
[2023-01-27 09:16:22,778] {logging_mixin.py:115} INFO - [2023-01-27 09:16:22,778] {dag.py:2371} INFO - Sync 1 DAGs
[2023-01-27 09:16:22,811] {logging_mixin.py:115} INFO - [2023-01-27 09:16:22,811] {dag.py:2919} INFO - Setting next_dagrun for first_sample_dag to None, run_after=None
[2023-01-27 09:16:22,830] {processor.py:161} INFO - Processing /opt/airflow/dags/sample_dag.py took 0.145 seconds
[2023-01-27 09:16:53,077] {processor.py:153} INFO - Started process (PID=318) to work on /opt/airflow/dags/sample_dag.py
[2023-01-27 09:16:53,078] {processor.py:641} INFO - Processing file /opt/airflow/dags/sample_dag.py for tasks to queue
[2023-01-27 09:16:53,079] {logging_mixin.py:115} INFO - [2023-01-27 09:16:53,079] {dagbag.py:507} INFO - Filling up the DagBag from /opt/airflow/dags/sample_dag.py
[2023-01-27 09:16:53,129] {processor.py:651} INFO - DAG(s) dict_keys(['first_sample_dag']) retrieved from /opt/airflow/dags/sample_dag.py
[2023-01-27 09:16:53,170] {logging_mixin.py:115} INFO - [2023-01-27 09:16:53,170] {dag.py:2371} INFO - Sync 1 DAGs
[2023-01-27 09:16:53,202] {logging_mixin.py:115} INFO - [2023-01-27 09:16:53,202] {dag.py:2919} INFO - Setting next_dagrun for first_sample_dag to None, run_after=None
[2023-01-27 09:16:53,222] {processor.py:161} INFO - Processing /opt/airflow/dags/sample_dag.py took 0.151 seconds
[2023-01-27 09:17:23,849] {processor.py:153} INFO - Started process (PID=329) to work on /opt/airflow/dags/sample_dag.py
[2023-01-27 09:17:23,850] {processor.py:641} INFO - Processing file /opt/airflow/dags/sample_dag.py for tasks to queue
[2023-01-27 09:17:23,851] {logging_mixin.py:115} INFO - [2023-01-27 09:17:23,851] {dagbag.py:507} INFO - Filling up the DagBag from /opt/airflow/dags/sample_dag.py
[2023-01-27 09:17:23,897] {processor.py:651} INFO - DAG(s) dict_keys(['first_sample_dag']) retrieved from /opt/airflow/dags/sample_dag.py
[2023-01-27 09:17:23,932] {logging_mixin.py:115} INFO - [2023-01-27 09:17:23,931] {dag.py:2371} INFO - Sync 1 DAGs
[2023-01-27 09:17:23,960] {logging_mixin.py:115} INFO - [2023-01-27 09:17:23,960] {dag.py:2919} INFO - Setting next_dagrun for first_sample_dag to None, run_after=None
[2023-01-27 09:17:23,980] {processor.py:161} INFO - Processing /opt/airflow/dags/sample_dag.py took 0.137 seconds
[2023-01-27 09:17:54,227] {processor.py:153} INFO - Started process (PID=340) to work on /opt/airflow/dags/sample_dag.py
[2023-01-27 09:17:54,320] {processor.py:641} INFO - Processing file /opt/airflow/dags/sample_dag.py for tasks to queue
[2023-01-27 09:17:54,322] {logging_mixin.py:115} INFO - [2023-01-27 09:17:54,322] {dagbag.py:507} INFO - Filling up the DagBag from /opt/airflow/dags/sample_dag.py
[2023-01-27 09:17:54,367] {processor.py:651} INFO - DAG(s) dict_keys(['first_sample_dag']) retrieved from /opt/airflow/dags/sample_dag.py
[2023-01-27 09:17:54,408] {logging_mixin.py:115} INFO - [2023-01-27 09:17:54,408] {dag.py:2371} INFO - Sync 1 DAGs
[2023-01-27 09:17:54,435] {logging_mixin.py:115} INFO - [2023-01-27 09:17:54,435] {dag.py:2919} INFO - Setting next_dagrun for first_sample_dag to None, run_after=None
[2023-01-27 09:17:54,453] {processor.py:161} INFO - Processing /opt/airflow/dags/sample_dag.py took 0.231 seconds
[2023-01-27 09:18:24,721] {processor.py:153} INFO - Started process (PID=351) to work on /opt/airflow/dags/sample_dag.py
[2023-01-27 09:18:24,722] {processor.py:641} INFO - Processing file /opt/airflow/dags/sample_dag.py for tasks to queue
[2023-01-27 09:18:24,724] {logging_mixin.py:115} INFO - [2023-01-27 09:18:24,724] {dagbag.py:507} INFO - Filling up the DagBag from /opt/airflow/dags/sample_dag.py
[2023-01-27 09:18:24,772] {processor.py:651} INFO - DAG(s) dict_keys(['first_sample_dag']) retrieved from /opt/airflow/dags/sample_dag.py
[2023-01-27 09:18:24,803] {logging_mixin.py:115} INFO - [2023-01-27 09:18:24,803] {dag.py:2371} INFO - Sync 1 DAGs
[2023-01-27 09:18:24,830] {logging_mixin.py:115} INFO - [2023-01-27 09:18:24,830] {dag.py:2919} INFO - Setting next_dagrun for first_sample_dag to None, run_after=None
[2023-01-27 09:18:24,849] {processor.py:161} INFO - Processing /opt/airflow/dags/sample_dag.py took 0.133 seconds
[2023-01-27 09:18:55,108] {processor.py:153} INFO - Started process (PID=362) to work on /opt/airflow/dags/sample_dag.py
[2023-01-27 09:18:55,110] {processor.py:641} INFO - Processing file /opt/airflow/dags/sample_dag.py for tasks to queue
[2023-01-27 09:18:55,112] {logging_mixin.py:115} INFO - [2023-01-27 09:18:55,112] {dagbag.py:507} INFO - Filling up the DagBag from /opt/airflow/dags/sample_dag.py
[2023-01-27 09:18:55,167] {processor.py:651} INFO - DAG(s) dict_keys(['first_sample_dag']) retrieved from /opt/airflow/dags/sample_dag.py
[2023-01-27 09:18:55,201] {logging_mixin.py:115} INFO - [2023-01-27 09:18:55,201] {dag.py:2371} INFO - Sync 1 DAGs
[2023-01-27 09:18:55,236] {logging_mixin.py:115} INFO - [2023-01-27 09:18:55,236] {dag.py:2919} INFO - Setting next_dagrun for first_sample_dag to None, run_after=None
[2023-01-27 09:18:55,256] {processor.py:161} INFO - Processing /opt/airflow/dags/sample_dag.py took 0.154 seconds
[2023-01-27 09:19:25,346] {processor.py:153} INFO - Started process (PID=373) to work on /opt/airflow/dags/sample_dag.py
[2023-01-27 09:19:25,347] {processor.py:641} INFO - Processing file /opt/airflow/dags/sample_dag.py for tasks to queue
[2023-01-27 09:19:25,348] {logging_mixin.py:115} INFO - [2023-01-27 09:19:25,348] {dagbag.py:507} INFO - Filling up the DagBag from /opt/airflow/dags/sample_dag.py
[2023-01-27 09:19:25,398] {processor.py:651} INFO - DAG(s) dict_keys(['first_sample_dag']) retrieved from /opt/airflow/dags/sample_dag.py
[2023-01-27 09:19:25,436] {logging_mixin.py:115} INFO - [2023-01-27 09:19:25,436] {dag.py:2371} INFO - Sync 1 DAGs
[2023-01-27 09:19:25,472] {logging_mixin.py:115} INFO - [2023-01-27 09:19:25,472] {dag.py:2919} INFO - Setting next_dagrun for first_sample_dag to None, run_after=None
[2023-01-27 09:19:25,493] {processor.py:161} INFO - Processing /opt/airflow/dags/sample_dag.py took 0.152 seconds
[2023-01-27 09:19:55,660] {processor.py:153} INFO - Started process (PID=384) to work on /opt/airflow/dags/sample_dag.py
[2023-01-27 09:19:55,661] {processor.py:641} INFO - Processing file /opt/airflow/dags/sample_dag.py for tasks to queue
[2023-01-27 09:19:55,662] {logging_mixin.py:115} INFO - [2023-01-27 09:19:55,662] {dagbag.py:507} INFO - Filling up the DagBag from /opt/airflow/dags/sample_dag.py
[2023-01-27 09:19:55,708] {processor.py:651} INFO - DAG(s) dict_keys(['first_sample_dag']) retrieved from /opt/airflow/dags/sample_dag.py
[2023-01-27 09:19:55,740] {logging_mixin.py:115} INFO - [2023-01-27 09:19:55,740] {dag.py:2371} INFO - Sync 1 DAGs
[2023-01-27 09:19:55,773] {logging_mixin.py:115} INFO - [2023-01-27 09:19:55,773] {dag.py:2919} INFO - Setting next_dagrun for first_sample_dag to None, run_after=None
[2023-01-27 09:19:55,797] {processor.py:161} INFO - Processing /opt/airflow/dags/sample_dag.py took 0.142 seconds
[2023-01-27 09:20:26,055] {processor.py:153} INFO - Started process (PID=395) to work on /opt/airflow/dags/sample_dag.py
[2023-01-27 09:20:26,056] {processor.py:641} INFO - Processing file /opt/airflow/dags/sample_dag.py for tasks to queue
[2023-01-27 09:20:26,057] {logging_mixin.py:115} INFO - [2023-01-27 09:20:26,057] {dagbag.py:507} INFO - Filling up the DagBag from /opt/airflow/dags/sample_dag.py
[2023-01-27 09:20:26,098] {processor.py:651} INFO - DAG(s) dict_keys(['first_sample_dag']) retrieved from /opt/airflow/dags/sample_dag.py
[2023-01-27 09:20:26,125] {logging_mixin.py:115} INFO - [2023-01-27 09:20:26,125] {dag.py:2371} INFO - Sync 1 DAGs
[2023-01-27 09:20:26,152] {logging_mixin.py:115} INFO - [2023-01-27 09:20:26,152] {dag.py:2919} INFO - Setting next_dagrun for first_sample_dag to None, run_after=None
[2023-01-27 09:20:26,171] {processor.py:161} INFO - Processing /opt/airflow/dags/sample_dag.py took 0.120 seconds
[2023-01-27 09:20:56,298] {processor.py:153} INFO - Started process (PID=406) to work on /opt/airflow/dags/sample_dag.py
[2023-01-27 09:20:56,299] {processor.py:641} INFO - Processing file /opt/airflow/dags/sample_dag.py for tasks to queue
[2023-01-27 09:20:56,302] {logging_mixin.py:115} INFO - [2023-01-27 09:20:56,301] {dagbag.py:507} INFO - Filling up the DagBag from /opt/airflow/dags/sample_dag.py
[2023-01-27 09:20:56,351] {processor.py:651} INFO - DAG(s) dict_keys(['first_sample_dag']) retrieved from /opt/airflow/dags/sample_dag.py
[2023-01-27 09:20:56,386] {logging_mixin.py:115} INFO - [2023-01-27 09:20:56,385] {dag.py:2371} INFO - Sync 1 DAGs
[2023-01-27 09:20:56,422] {logging_mixin.py:115} INFO - [2023-01-27 09:20:56,422] {dag.py:2919} INFO - Setting next_dagrun for first_sample_dag to None, run_after=None
[2023-01-27 09:20:56,446] {processor.py:161} INFO - Processing /opt/airflow/dags/sample_dag.py took 0.153 seconds
[2023-01-27 09:21:26,697] {processor.py:153} INFO - Started process (PID=417) to work on /opt/airflow/dags/sample_dag.py
[2023-01-27 09:21:26,699] {processor.py:641} INFO - Processing file /opt/airflow/dags/sample_dag.py for tasks to queue
[2023-01-27 09:21:26,701] {logging_mixin.py:115} INFO - [2023-01-27 09:21:26,700] {dagbag.py:507} INFO - Filling up the DagBag from /opt/airflow/dags/sample_dag.py
[2023-01-27 09:21:26,756] {processor.py:651} INFO - DAG(s) dict_keys(['first_sample_dag']) retrieved from /opt/airflow/dags/sample_dag.py
[2023-01-27 09:21:26,800] {logging_mixin.py:115} INFO - [2023-01-27 09:21:26,800] {dag.py:2371} INFO - Sync 1 DAGs
[2023-01-27 09:21:26,840] {logging_mixin.py:115} INFO - [2023-01-27 09:21:26,840] {dag.py:2919} INFO - Setting next_dagrun for first_sample_dag to None, run_after=None
[2023-01-27 09:21:26,873] {processor.py:161} INFO - Processing /opt/airflow/dags/sample_dag.py took 0.182 seconds
[2023-01-27 09:21:57,127] {processor.py:153} INFO - Started process (PID=428) to work on /opt/airflow/dags/sample_dag.py
[2023-01-27 09:21:57,129] {processor.py:641} INFO - Processing file /opt/airflow/dags/sample_dag.py for tasks to queue
[2023-01-27 09:21:57,130] {logging_mixin.py:115} INFO - [2023-01-27 09:21:57,130] {dagbag.py:507} INFO - Filling up the DagBag from /opt/airflow/dags/sample_dag.py
[2023-01-27 09:21:57,170] {processor.py:651} INFO - DAG(s) dict_keys(['first_sample_dag']) retrieved from /opt/airflow/dags/sample_dag.py
[2023-01-27 09:21:57,204] {logging_mixin.py:115} INFO - [2023-01-27 09:21:57,204] {dag.py:2371} INFO - Sync 1 DAGs
[2023-01-27 09:21:57,227] {logging_mixin.py:115} INFO - [2023-01-27 09:21:57,227] {dag.py:2919} INFO - Setting next_dagrun for first_sample_dag to None, run_after=None
[2023-01-27 09:21:57,248] {processor.py:161} INFO - Processing /opt/airflow/dags/sample_dag.py took 0.125 seconds
[2023-01-27 09:22:27,355] {processor.py:153} INFO - Started process (PID=439) to work on /opt/airflow/dags/sample_dag.py
[2023-01-27 09:22:27,356] {processor.py:641} INFO - Processing file /opt/airflow/dags/sample_dag.py for tasks to queue
[2023-01-27 09:22:27,357] {logging_mixin.py:115} INFO - [2023-01-27 09:22:27,357] {dagbag.py:507} INFO - Filling up the DagBag from /opt/airflow/dags/sample_dag.py
[2023-01-27 09:22:27,414] {processor.py:651} INFO - DAG(s) dict_keys(['first_sample_dag']) retrieved from /opt/airflow/dags/sample_dag.py
[2023-01-27 09:22:27,451] {logging_mixin.py:115} INFO - [2023-01-27 09:22:27,451] {dag.py:2371} INFO - Sync 1 DAGs
[2023-01-27 09:22:27,483] {logging_mixin.py:115} INFO - [2023-01-27 09:22:27,483] {dag.py:2919} INFO - Setting next_dagrun for first_sample_dag to None, run_after=None
[2023-01-27 09:22:27,509] {processor.py:161} INFO - Processing /opt/airflow/dags/sample_dag.py took 0.159 seconds
[2023-01-27 09:22:57,758] {processor.py:153} INFO - Started process (PID=450) to work on /opt/airflow/dags/sample_dag.py
[2023-01-27 09:22:57,759] {processor.py:641} INFO - Processing file /opt/airflow/dags/sample_dag.py for tasks to queue
[2023-01-27 09:22:57,761] {logging_mixin.py:115} INFO - [2023-01-27 09:22:57,760] {dagbag.py:507} INFO - Filling up the DagBag from /opt/airflow/dags/sample_dag.py
[2023-01-27 09:22:57,799] {processor.py:651} INFO - DAG(s) dict_keys(['first_sample_dag']) retrieved from /opt/airflow/dags/sample_dag.py
[2023-01-27 09:22:57,826] {logging_mixin.py:115} INFO - [2023-01-27 09:22:57,826] {dag.py:2371} INFO - Sync 1 DAGs
[2023-01-27 09:22:57,848] {logging_mixin.py:115} INFO - [2023-01-27 09:22:57,848] {dag.py:2919} INFO - Setting next_dagrun for first_sample_dag to None, run_after=None
[2023-01-27 09:22:57,867] {processor.py:161} INFO - Processing /opt/airflow/dags/sample_dag.py took 0.112 seconds
[2023-01-27 09:23:28,121] {processor.py:153} INFO - Started process (PID=461) to work on /opt/airflow/dags/sample_dag.py
[2023-01-27 09:23:28,122] {processor.py:641} INFO - Processing file /opt/airflow/dags/sample_dag.py for tasks to queue
[2023-01-27 09:23:28,124] {logging_mixin.py:115} INFO - [2023-01-27 09:23:28,123] {dagbag.py:507} INFO - Filling up the DagBag from /opt/airflow/dags/sample_dag.py
[2023-01-27 09:23:28,162] {processor.py:651} INFO - DAG(s) dict_keys(['first_sample_dag']) retrieved from /opt/airflow/dags/sample_dag.py
[2023-01-27 09:23:28,193] {logging_mixin.py:115} INFO - [2023-01-27 09:23:28,193] {dag.py:2371} INFO - Sync 1 DAGs
[2023-01-27 09:23:28,217] {logging_mixin.py:115} INFO - [2023-01-27 09:23:28,217] {dag.py:2919} INFO - Setting next_dagrun for first_sample_dag to None, run_after=None
[2023-01-27 09:23:28,237] {processor.py:161} INFO - Processing /opt/airflow/dags/sample_dag.py took 0.118 seconds
[2023-01-27 09:23:58,456] {processor.py:153} INFO - Started process (PID=472) to work on /opt/airflow/dags/sample_dag.py
[2023-01-27 09:23:58,457] {processor.py:641} INFO - Processing file /opt/airflow/dags/sample_dag.py for tasks to queue
[2023-01-27 09:23:58,459] {logging_mixin.py:115} INFO - [2023-01-27 09:23:58,459] {dagbag.py:507} INFO - Filling up the DagBag from /opt/airflow/dags/sample_dag.py
[2023-01-27 09:23:58,497] {processor.py:651} INFO - DAG(s) dict_keys(['first_sample_dag']) retrieved from /opt/airflow/dags/sample_dag.py
[2023-01-27 09:23:58,525] {logging_mixin.py:115} INFO - [2023-01-27 09:23:58,525] {dag.py:2371} INFO - Sync 1 DAGs
[2023-01-27 09:23:58,547] {logging_mixin.py:115} INFO - [2023-01-27 09:23:58,547] {dag.py:2919} INFO - Setting next_dagrun for first_sample_dag to None, run_after=None
[2023-01-27 09:23:58,564] {processor.py:161} INFO - Processing /opt/airflow/dags/sample_dag.py took 0.111 seconds
[2023-01-27 09:24:28,794] {processor.py:153} INFO - Started process (PID=483) to work on /opt/airflow/dags/sample_dag.py
[2023-01-27 09:24:28,795] {processor.py:641} INFO - Processing file /opt/airflow/dags/sample_dag.py for tasks to queue
[2023-01-27 09:24:28,796] {logging_mixin.py:115} INFO - [2023-01-27 09:24:28,796] {dagbag.py:507} INFO - Filling up the DagBag from /opt/airflow/dags/sample_dag.py
[2023-01-27 09:24:28,837] {processor.py:651} INFO - DAG(s) dict_keys(['first_sample_dag']) retrieved from /opt/airflow/dags/sample_dag.py
[2023-01-27 09:24:28,910] {logging_mixin.py:115} INFO - [2023-01-27 09:24:28,910] {dag.py:2371} INFO - Sync 1 DAGs
[2023-01-27 09:24:28,944] {logging_mixin.py:115} INFO - [2023-01-27 09:24:28,944] {dag.py:2919} INFO - Setting next_dagrun for first_sample_dag to None, run_after=None
[2023-01-27 09:24:28,971] {processor.py:161} INFO - Processing /opt/airflow/dags/sample_dag.py took 0.181 seconds
[2023-01-27 09:24:59,202] {processor.py:153} INFO - Started process (PID=494) to work on /opt/airflow/dags/sample_dag.py
[2023-01-27 09:24:59,203] {processor.py:641} INFO - Processing file /opt/airflow/dags/sample_dag.py for tasks to queue
[2023-01-27 09:24:59,204] {logging_mixin.py:115} INFO - [2023-01-27 09:24:59,204] {dagbag.py:507} INFO - Filling up the DagBag from /opt/airflow/dags/sample_dag.py
[2023-01-27 09:24:59,236] {processor.py:651} INFO - DAG(s) dict_keys(['first_sample_dag']) retrieved from /opt/airflow/dags/sample_dag.py
[2023-01-27 09:24:59,263] {logging_mixin.py:115} INFO - [2023-01-27 09:24:59,263] {dag.py:2371} INFO - Sync 1 DAGs
[2023-01-27 09:24:59,287] {logging_mixin.py:115} INFO - [2023-01-27 09:24:59,287] {dag.py:2919} INFO - Setting next_dagrun for first_sample_dag to None, run_after=None
[2023-01-27 09:24:59,306] {processor.py:161} INFO - Processing /opt/airflow/dags/sample_dag.py took 0.107 seconds
[2023-01-27 09:25:29,557] {processor.py:153} INFO - Started process (PID=505) to work on /opt/airflow/dags/sample_dag.py
[2023-01-27 09:25:29,558] {processor.py:641} INFO - Processing file /opt/airflow/dags/sample_dag.py for tasks to queue
[2023-01-27 09:25:29,560] {logging_mixin.py:115} INFO - [2023-01-27 09:25:29,559] {dagbag.py:507} INFO - Filling up the DagBag from /opt/airflow/dags/sample_dag.py
[2023-01-27 09:25:29,598] {processor.py:651} INFO - DAG(s) dict_keys(['first_sample_dag']) retrieved from /opt/airflow/dags/sample_dag.py
[2023-01-27 09:25:29,626] {logging_mixin.py:115} INFO - [2023-01-27 09:25:29,626] {dag.py:2371} INFO - Sync 1 DAGs
[2023-01-27 09:25:29,650] {logging_mixin.py:115} INFO - [2023-01-27 09:25:29,649] {dag.py:2919} INFO - Setting next_dagrun for first_sample_dag to None, run_after=None
[2023-01-27 09:25:29,668] {processor.py:161} INFO - Processing /opt/airflow/dags/sample_dag.py took 0.113 seconds
[2023-01-27 09:25:59,899] {processor.py:153} INFO - Started process (PID=516) to work on /opt/airflow/dags/sample_dag.py
[2023-01-27 09:25:59,901] {processor.py:641} INFO - Processing file /opt/airflow/dags/sample_dag.py for tasks to queue
[2023-01-27 09:25:59,902] {logging_mixin.py:115} INFO - [2023-01-27 09:25:59,902] {dagbag.py:507} INFO - Filling up the DagBag from /opt/airflow/dags/sample_dag.py
[2023-01-27 09:25:59,942] {processor.py:651} INFO - DAG(s) dict_keys(['first_sample_dag']) retrieved from /opt/airflow/dags/sample_dag.py
[2023-01-27 09:25:59,978] {logging_mixin.py:115} INFO - [2023-01-27 09:25:59,978] {dag.py:2371} INFO - Sync 1 DAGs
[2023-01-27 09:26:00,000] {logging_mixin.py:115} INFO - [2023-01-27 09:26:00,000] {dag.py:2919} INFO - Setting next_dagrun for first_sample_dag to None, run_after=None
[2023-01-27 09:26:00,018] {processor.py:161} INFO - Processing /opt/airflow/dags/sample_dag.py took 0.122 seconds
[2023-01-27 09:26:30,259] {processor.py:153} INFO - Started process (PID=527) to work on /opt/airflow/dags/sample_dag.py
[2023-01-27 09:26:30,260] {processor.py:641} INFO - Processing file /opt/airflow/dags/sample_dag.py for tasks to queue
[2023-01-27 09:26:30,262] {logging_mixin.py:115} INFO - [2023-01-27 09:26:30,261] {dagbag.py:507} INFO - Filling up the DagBag from /opt/airflow/dags/sample_dag.py
[2023-01-27 09:26:30,307] {processor.py:651} INFO - DAG(s) dict_keys(['first_sample_dag']) retrieved from /opt/airflow/dags/sample_dag.py
[2023-01-27 09:26:30,349] {logging_mixin.py:115} INFO - [2023-01-27 09:26:30,349] {dag.py:2371} INFO - Sync 1 DAGs
[2023-01-27 09:26:30,380] {logging_mixin.py:115} INFO - [2023-01-27 09:26:30,380] {dag.py:2919} INFO - Setting next_dagrun for first_sample_dag to None, run_after=None
[2023-01-27 09:26:30,402] {processor.py:161} INFO - Processing /opt/airflow/dags/sample_dag.py took 0.147 seconds
[2023-01-27 09:27:00,642] {processor.py:153} INFO - Started process (PID=538) to work on /opt/airflow/dags/sample_dag.py
[2023-01-27 09:27:00,644] {processor.py:641} INFO - Processing file /opt/airflow/dags/sample_dag.py for tasks to queue
[2023-01-27 09:27:00,646] {logging_mixin.py:115} INFO - [2023-01-27 09:27:00,645] {dagbag.py:507} INFO - Filling up the DagBag from /opt/airflow/dags/sample_dag.py
[2023-01-27 09:27:00,690] {processor.py:651} INFO - DAG(s) dict_keys(['first_sample_dag']) retrieved from /opt/airflow/dags/sample_dag.py
[2023-01-27 09:27:00,732] {logging_mixin.py:115} INFO - [2023-01-27 09:27:00,732] {dag.py:2371} INFO - Sync 1 DAGs
[2023-01-27 09:27:00,760] {logging_mixin.py:115} INFO - [2023-01-27 09:27:00,760] {dag.py:2919} INFO - Setting next_dagrun for first_sample_dag to None, run_after=None
[2023-01-27 09:27:00,780] {processor.py:161} INFO - Processing /opt/airflow/dags/sample_dag.py took 0.142 seconds
[2023-01-27 09:27:31,126] {processor.py:153} INFO - Started process (PID=549) to work on /opt/airflow/dags/sample_dag.py
[2023-01-27 09:27:31,127] {processor.py:641} INFO - Processing file /opt/airflow/dags/sample_dag.py for tasks to queue
[2023-01-27 09:27:31,129] {logging_mixin.py:115} INFO - [2023-01-27 09:27:31,129] {dagbag.py:507} INFO - Filling up the DagBag from /opt/airflow/dags/sample_dag.py
[2023-01-27 09:27:31,165] {processor.py:651} INFO - DAG(s) dict_keys(['first_sample_dag']) retrieved from /opt/airflow/dags/sample_dag.py
[2023-01-27 09:27:31,191] {logging_mixin.py:115} INFO - [2023-01-27 09:27:31,191] {dag.py:2371} INFO - Sync 1 DAGs
[2023-01-27 09:27:31,213] {logging_mixin.py:115} INFO - [2023-01-27 09:27:31,213] {dag.py:2919} INFO - Setting next_dagrun for first_sample_dag to None, run_after=None
[2023-01-27 09:27:31,229] {processor.py:161} INFO - Processing /opt/airflow/dags/sample_dag.py took 0.107 seconds
[2023-01-27 09:28:01,456] {processor.py:153} INFO - Started process (PID=560) to work on /opt/airflow/dags/sample_dag.py
[2023-01-27 09:28:01,457] {processor.py:641} INFO - Processing file /opt/airflow/dags/sample_dag.py for tasks to queue
[2023-01-27 09:28:01,458] {logging_mixin.py:115} INFO - [2023-01-27 09:28:01,458] {dagbag.py:507} INFO - Filling up the DagBag from /opt/airflow/dags/sample_dag.py
[2023-01-27 09:28:01,500] {processor.py:651} INFO - DAG(s) dict_keys(['first_sample_dag']) retrieved from /opt/airflow/dags/sample_dag.py
[2023-01-27 09:28:01,534] {logging_mixin.py:115} INFO - [2023-01-27 09:28:01,534] {dag.py:2371} INFO - Sync 1 DAGs
[2023-01-27 09:28:01,677] {logging_mixin.py:115} INFO - [2023-01-27 09:28:01,677] {dag.py:2919} INFO - Setting next_dagrun for first_sample_dag to None, run_after=None
[2023-01-27 09:28:01,699] {processor.py:161} INFO - Processing /opt/airflow/dags/sample_dag.py took 0.245 seconds
[2023-01-27 09:28:31,925] {processor.py:153} INFO - Started process (PID=571) to work on /opt/airflow/dags/sample_dag.py
[2023-01-27 09:28:31,927] {processor.py:641} INFO - Processing file /opt/airflow/dags/sample_dag.py for tasks to queue
[2023-01-27 09:28:31,928] {logging_mixin.py:115} INFO - [2023-01-27 09:28:31,928] {dagbag.py:507} INFO - Filling up the DagBag from /opt/airflow/dags/sample_dag.py
[2023-01-27 09:28:31,968] {processor.py:651} INFO - DAG(s) dict_keys(['first_sample_dag']) retrieved from /opt/airflow/dags/sample_dag.py
[2023-01-27 09:28:32,066] {logging_mixin.py:115} INFO - [2023-01-27 09:28:32,066] {dag.py:2371} INFO - Sync 1 DAGs
[2023-01-27 09:28:32,107] {logging_mixin.py:115} INFO - [2023-01-27 09:28:32,106] {dag.py:2919} INFO - Setting next_dagrun for first_sample_dag to None, run_after=None
[2023-01-27 09:28:32,130] {processor.py:161} INFO - Processing /opt/airflow/dags/sample_dag.py took 0.208 seconds
[2023-01-27 09:29:02,385] {processor.py:153} INFO - Started process (PID=582) to work on /opt/airflow/dags/sample_dag.py
[2023-01-27 09:29:02,387] {processor.py:641} INFO - Processing file /opt/airflow/dags/sample_dag.py for tasks to queue
[2023-01-27 09:29:02,388] {logging_mixin.py:115} INFO - [2023-01-27 09:29:02,388] {dagbag.py:507} INFO - Filling up the DagBag from /opt/airflow/dags/sample_dag.py
[2023-01-27 09:29:02,427] {processor.py:651} INFO - DAG(s) dict_keys(['first_sample_dag']) retrieved from /opt/airflow/dags/sample_dag.py
[2023-01-27 09:29:02,454] {logging_mixin.py:115} INFO - [2023-01-27 09:29:02,454] {dag.py:2371} INFO - Sync 1 DAGs
[2023-01-27 09:29:02,477] {logging_mixin.py:115} INFO - [2023-01-27 09:29:02,476] {dag.py:2919} INFO - Setting next_dagrun for first_sample_dag to None, run_after=None
[2023-01-27 09:29:02,496] {processor.py:161} INFO - Processing /opt/airflow/dags/sample_dag.py took 0.114 seconds
[2023-01-27 09:29:32,728] {processor.py:153} INFO - Started process (PID=593) to work on /opt/airflow/dags/sample_dag.py
[2023-01-27 09:29:32,729] {processor.py:641} INFO - Processing file /opt/airflow/dags/sample_dag.py for tasks to queue
[2023-01-27 09:29:32,730] {logging_mixin.py:115} INFO - [2023-01-27 09:29:32,730] {dagbag.py:507} INFO - Filling up the DagBag from /opt/airflow/dags/sample_dag.py
[2023-01-27 09:29:32,769] {processor.py:651} INFO - DAG(s) dict_keys(['first_sample_dag']) retrieved from /opt/airflow/dags/sample_dag.py
[2023-01-27 09:29:32,796] {logging_mixin.py:115} INFO - [2023-01-27 09:29:32,796] {dag.py:2371} INFO - Sync 1 DAGs
[2023-01-27 09:29:32,820] {logging_mixin.py:115} INFO - [2023-01-27 09:29:32,820] {dag.py:2919} INFO - Setting next_dagrun for first_sample_dag to None, run_after=None
[2023-01-27 09:29:32,837] {processor.py:161} INFO - Processing /opt/airflow/dags/sample_dag.py took 0.112 seconds
[2023-01-27 09:30:02,941] {processor.py:153} INFO - Started process (PID=601) to work on /opt/airflow/dags/sample_dag.py
[2023-01-27 09:30:02,943] {processor.py:641} INFO - Processing file /opt/airflow/dags/sample_dag.py for tasks to queue
[2023-01-27 09:30:02,944] {logging_mixin.py:115} INFO - [2023-01-27 09:30:02,944] {dagbag.py:507} INFO - Filling up the DagBag from /opt/airflow/dags/sample_dag.py
[2023-01-27 09:30:02,986] {processor.py:651} INFO - DAG(s) dict_keys(['first_sample_dag']) retrieved from /opt/airflow/dags/sample_dag.py
[2023-01-27 09:30:03,021] {logging_mixin.py:115} INFO - [2023-01-27 09:30:03,021] {dag.py:2371} INFO - Sync 1 DAGs
[2023-01-27 09:30:03,052] {logging_mixin.py:115} INFO - [2023-01-27 09:30:03,052] {dag.py:2919} INFO - Setting next_dagrun for first_sample_dag to None, run_after=None
[2023-01-27 09:30:03,074] {processor.py:161} INFO - Processing /opt/airflow/dags/sample_dag.py took 0.138 seconds
[2023-01-27 09:30:33,330] {processor.py:153} INFO - Started process (PID=609) to work on /opt/airflow/dags/sample_dag.py
[2023-01-27 09:30:33,332] {processor.py:641} INFO - Processing file /opt/airflow/dags/sample_dag.py for tasks to queue
[2023-01-27 09:30:33,333] {logging_mixin.py:115} INFO - [2023-01-27 09:30:33,333] {dagbag.py:507} INFO - Filling up the DagBag from /opt/airflow/dags/sample_dag.py
[2023-01-27 09:30:33,368] {processor.py:651} INFO - DAG(s) dict_keys(['first_sample_dag']) retrieved from /opt/airflow/dags/sample_dag.py
[2023-01-27 09:30:33,397] {logging_mixin.py:115} INFO - [2023-01-27 09:30:33,397] {dag.py:2371} INFO - Sync 1 DAGs
[2023-01-27 09:30:33,421] {logging_mixin.py:115} INFO - [2023-01-27 09:30:33,421] {dag.py:2919} INFO - Setting next_dagrun for first_sample_dag to None, run_after=None
[2023-01-27 09:30:33,437] {processor.py:161} INFO - Processing /opt/airflow/dags/sample_dag.py took 0.110 seconds
[2023-01-27 09:31:03,692] {processor.py:153} INFO - Started process (PID=620) to work on /opt/airflow/dags/sample_dag.py
[2023-01-27 09:31:03,694] {processor.py:641} INFO - Processing file /opt/airflow/dags/sample_dag.py for tasks to queue
[2023-01-27 09:31:03,695] {logging_mixin.py:115} INFO - [2023-01-27 09:31:03,695] {dagbag.py:507} INFO - Filling up the DagBag from /opt/airflow/dags/sample_dag.py
[2023-01-27 09:31:03,735] {processor.py:651} INFO - DAG(s) dict_keys(['first_sample_dag']) retrieved from /opt/airflow/dags/sample_dag.py
[2023-01-27 09:31:03,765] {logging_mixin.py:115} INFO - [2023-01-27 09:31:03,765] {dag.py:2371} INFO - Sync 1 DAGs
[2023-01-27 09:31:03,789] {logging_mixin.py:115} INFO - [2023-01-27 09:31:03,789] {dag.py:2919} INFO - Setting next_dagrun for first_sample_dag to None, run_after=None
[2023-01-27 09:31:03,808] {processor.py:161} INFO - Processing /opt/airflow/dags/sample_dag.py took 0.119 seconds
[2023-01-27 09:31:34,091] {processor.py:153} INFO - Started process (PID=631) to work on /opt/airflow/dags/sample_dag.py
[2023-01-27 09:31:34,093] {processor.py:641} INFO - Processing file /opt/airflow/dags/sample_dag.py for tasks to queue
[2023-01-27 09:31:34,095] {logging_mixin.py:115} INFO - [2023-01-27 09:31:34,095] {dagbag.py:507} INFO - Filling up the DagBag from /opt/airflow/dags/sample_dag.py
[2023-01-27 09:31:34,140] {processor.py:651} INFO - DAG(s) dict_keys(['first_sample_dag']) retrieved from /opt/airflow/dags/sample_dag.py
[2023-01-27 09:31:34,170] {logging_mixin.py:115} INFO - [2023-01-27 09:31:34,170] {dag.py:2371} INFO - Sync 1 DAGs
[2023-01-27 09:31:34,195] {logging_mixin.py:115} INFO - [2023-01-27 09:31:34,195] {dag.py:2919} INFO - Setting next_dagrun for first_sample_dag to None, run_after=None
[2023-01-27 09:31:34,213] {processor.py:161} INFO - Processing /opt/airflow/dags/sample_dag.py took 0.125 seconds
[2023-01-27 09:32:04,457] {processor.py:153} INFO - Started process (PID=642) to work on /opt/airflow/dags/sample_dag.py
[2023-01-27 09:32:04,458] {processor.py:641} INFO - Processing file /opt/airflow/dags/sample_dag.py for tasks to queue
[2023-01-27 09:32:04,459] {logging_mixin.py:115} INFO - [2023-01-27 09:32:04,459] {dagbag.py:507} INFO - Filling up the DagBag from /opt/airflow/dags/sample_dag.py
[2023-01-27 09:32:04,498] {processor.py:651} INFO - DAG(s) dict_keys(['first_sample_dag']) retrieved from /opt/airflow/dags/sample_dag.py
[2023-01-27 09:32:04,526] {logging_mixin.py:115} INFO - [2023-01-27 09:32:04,525] {dag.py:2371} INFO - Sync 1 DAGs
[2023-01-27 09:32:04,550] {logging_mixin.py:115} INFO - [2023-01-27 09:32:04,550] {dag.py:2919} INFO - Setting next_dagrun for first_sample_dag to None, run_after=None
[2023-01-27 09:32:04,568] {processor.py:161} INFO - Processing /opt/airflow/dags/sample_dag.py took 0.114 seconds
[2023-01-27 09:32:34,630] {processor.py:153} INFO - Started process (PID=653) to work on /opt/airflow/dags/sample_dag.py
[2023-01-27 09:32:34,632] {processor.py:641} INFO - Processing file /opt/airflow/dags/sample_dag.py for tasks to queue
[2023-01-27 09:32:34,634] {logging_mixin.py:115} INFO - [2023-01-27 09:32:34,633] {dagbag.py:507} INFO - Filling up the DagBag from /opt/airflow/dags/sample_dag.py
[2023-01-27 09:32:34,676] {processor.py:651} INFO - DAG(s) dict_keys(['first_sample_dag']) retrieved from /opt/airflow/dags/sample_dag.py
[2023-01-27 09:32:34,709] {logging_mixin.py:115} INFO - [2023-01-27 09:32:34,708] {dag.py:2371} INFO - Sync 1 DAGs
[2023-01-27 09:32:34,734] {logging_mixin.py:115} INFO - [2023-01-27 09:32:34,734] {dag.py:2919} INFO - Setting next_dagrun for first_sample_dag to None, run_after=None
[2023-01-27 09:32:34,752] {processor.py:161} INFO - Processing /opt/airflow/dags/sample_dag.py took 0.127 seconds
[2023-01-27 09:33:05,007] {processor.py:153} INFO - Started process (PID=664) to work on /opt/airflow/dags/sample_dag.py
[2023-01-27 09:33:05,008] {processor.py:641} INFO - Processing file /opt/airflow/dags/sample_dag.py for tasks to queue
[2023-01-27 09:33:05,009] {logging_mixin.py:115} INFO - [2023-01-27 09:33:05,009] {dagbag.py:507} INFO - Filling up the DagBag from /opt/airflow/dags/sample_dag.py
[2023-01-27 09:33:05,047] {processor.py:651} INFO - DAG(s) dict_keys(['first_sample_dag']) retrieved from /opt/airflow/dags/sample_dag.py
[2023-01-27 09:33:05,078] {logging_mixin.py:115} INFO - [2023-01-27 09:33:05,078] {dag.py:2371} INFO - Sync 1 DAGs
[2023-01-27 09:33:05,109] {logging_mixin.py:115} INFO - [2023-01-27 09:33:05,109] {dag.py:2919} INFO - Setting next_dagrun for first_sample_dag to None, run_after=None
[2023-01-27 09:33:05,130] {processor.py:161} INFO - Processing /opt/airflow/dags/sample_dag.py took 0.127 seconds
[2023-01-27 09:33:35,380] {processor.py:153} INFO - Started process (PID=675) to work on /opt/airflow/dags/sample_dag.py
[2023-01-27 09:33:35,381] {processor.py:641} INFO - Processing file /opt/airflow/dags/sample_dag.py for tasks to queue
[2023-01-27 09:33:35,383] {logging_mixin.py:115} INFO - [2023-01-27 09:33:35,383] {dagbag.py:507} INFO - Filling up the DagBag from /opt/airflow/dags/sample_dag.py
[2023-01-27 09:33:35,428] {processor.py:651} INFO - DAG(s) dict_keys(['first_sample_dag']) retrieved from /opt/airflow/dags/sample_dag.py
[2023-01-27 09:33:35,466] {logging_mixin.py:115} INFO - [2023-01-27 09:33:35,466] {dag.py:2371} INFO - Sync 1 DAGs
[2023-01-27 09:33:35,500] {logging_mixin.py:115} INFO - [2023-01-27 09:33:35,500] {dag.py:2919} INFO - Setting next_dagrun for first_sample_dag to None, run_after=None
[2023-01-27 09:33:35,521] {processor.py:161} INFO - Processing /opt/airflow/dags/sample_dag.py took 0.145 seconds
[2023-01-27 09:34:05,767] {processor.py:153} INFO - Started process (PID=686) to work on /opt/airflow/dags/sample_dag.py
[2023-01-27 09:34:05,768] {processor.py:641} INFO - Processing file /opt/airflow/dags/sample_dag.py for tasks to queue
[2023-01-27 09:34:05,769] {logging_mixin.py:115} INFO - [2023-01-27 09:34:05,769] {dagbag.py:507} INFO - Filling up the DagBag from /opt/airflow/dags/sample_dag.py
[2023-01-27 09:34:05,807] {processor.py:651} INFO - DAG(s) dict_keys(['first_sample_dag']) retrieved from /opt/airflow/dags/sample_dag.py
[2023-01-27 09:34:05,838] {logging_mixin.py:115} INFO - [2023-01-27 09:34:05,838] {dag.py:2371} INFO - Sync 1 DAGs
[2023-01-27 09:34:05,867] {logging_mixin.py:115} INFO - [2023-01-27 09:34:05,867] {dag.py:2919} INFO - Setting next_dagrun for first_sample_dag to None, run_after=None
[2023-01-27 09:34:05,888] {processor.py:161} INFO - Processing /opt/airflow/dags/sample_dag.py took 0.125 seconds
[2023-01-27 09:34:36,140] {processor.py:153} INFO - Started process (PID=697) to work on /opt/airflow/dags/sample_dag.py
[2023-01-27 09:34:36,142] {processor.py:641} INFO - Processing file /opt/airflow/dags/sample_dag.py for tasks to queue
[2023-01-27 09:34:36,144] {logging_mixin.py:115} INFO - [2023-01-27 09:34:36,144] {dagbag.py:507} INFO - Filling up the DagBag from /opt/airflow/dags/sample_dag.py
[2023-01-27 09:34:36,188] {processor.py:651} INFO - DAG(s) dict_keys(['first_sample_dag']) retrieved from /opt/airflow/dags/sample_dag.py
[2023-01-27 09:34:36,219] {logging_mixin.py:115} INFO - [2023-01-27 09:34:36,219] {dag.py:2371} INFO - Sync 1 DAGs
[2023-01-27 09:34:36,249] {logging_mixin.py:115} INFO - [2023-01-27 09:34:36,249] {dag.py:2919} INFO - Setting next_dagrun for first_sample_dag to None, run_after=None
[2023-01-27 09:34:36,272] {processor.py:161} INFO - Processing /opt/airflow/dags/sample_dag.py took 0.136 seconds
[2023-01-27 09:35:06,529] {processor.py:153} INFO - Started process (PID=708) to work on /opt/airflow/dags/sample_dag.py
[2023-01-27 09:35:06,531] {processor.py:641} INFO - Processing file /opt/airflow/dags/sample_dag.py for tasks to queue
[2023-01-27 09:35:06,533] {logging_mixin.py:115} INFO - [2023-01-27 09:35:06,533] {dagbag.py:507} INFO - Filling up the DagBag from /opt/airflow/dags/sample_dag.py
[2023-01-27 09:35:06,590] {processor.py:651} INFO - DAG(s) dict_keys(['first_sample_dag']) retrieved from /opt/airflow/dags/sample_dag.py
[2023-01-27 09:35:06,632] {logging_mixin.py:115} INFO - [2023-01-27 09:35:06,632] {dag.py:2371} INFO - Sync 1 DAGs
[2023-01-27 09:35:06,660] {logging_mixin.py:115} INFO - [2023-01-27 09:35:06,660] {dag.py:2919} INFO - Setting next_dagrun for first_sample_dag to None, run_after=None
[2023-01-27 09:35:06,684] {processor.py:161} INFO - Processing /opt/airflow/dags/sample_dag.py took 0.160 seconds
[2023-01-27 09:35:36,930] {processor.py:153} INFO - Started process (PID=719) to work on /opt/airflow/dags/sample_dag.py
[2023-01-27 09:35:36,931] {processor.py:641} INFO - Processing file /opt/airflow/dags/sample_dag.py for tasks to queue
[2023-01-27 09:35:36,934] {logging_mixin.py:115} INFO - [2023-01-27 09:35:36,933] {dagbag.py:507} INFO - Filling up the DagBag from /opt/airflow/dags/sample_dag.py
[2023-01-27 09:35:36,975] {processor.py:651} INFO - DAG(s) dict_keys(['first_sample_dag']) retrieved from /opt/airflow/dags/sample_dag.py
[2023-01-27 09:35:37,067] {logging_mixin.py:115} INFO - [2023-01-27 09:35:37,067] {dag.py:2371} INFO - Sync 1 DAGs
[2023-01-27 09:35:37,095] {logging_mixin.py:115} INFO - [2023-01-27 09:35:37,095] {dag.py:2919} INFO - Setting next_dagrun for first_sample_dag to None, run_after=None
[2023-01-27 09:35:37,118] {processor.py:161} INFO - Processing /opt/airflow/dags/sample_dag.py took 0.193 seconds
[2023-01-27 09:36:07,355] {processor.py:153} INFO - Started process (PID=730) to work on /opt/airflow/dags/sample_dag.py
[2023-01-27 09:36:07,357] {processor.py:641} INFO - Processing file /opt/airflow/dags/sample_dag.py for tasks to queue
[2023-01-27 09:36:07,358] {logging_mixin.py:115} INFO - [2023-01-27 09:36:07,358] {dagbag.py:507} INFO - Filling up the DagBag from /opt/airflow/dags/sample_dag.py
[2023-01-27 09:36:07,397] {processor.py:651} INFO - DAG(s) dict_keys(['first_sample_dag']) retrieved from /opt/airflow/dags/sample_dag.py
[2023-01-27 09:36:07,424] {logging_mixin.py:115} INFO - [2023-01-27 09:36:07,424] {dag.py:2371} INFO - Sync 1 DAGs
[2023-01-27 09:36:07,449] {logging_mixin.py:115} INFO - [2023-01-27 09:36:07,449] {dag.py:2919} INFO - Setting next_dagrun for first_sample_dag to None, run_after=None
[2023-01-27 09:36:07,467] {processor.py:161} INFO - Processing /opt/airflow/dags/sample_dag.py took 0.115 seconds
[2023-01-27 09:36:37,729] {processor.py:153} INFO - Started process (PID=741) to work on /opt/airflow/dags/sample_dag.py
[2023-01-27 09:36:37,730] {processor.py:641} INFO - Processing file /opt/airflow/dags/sample_dag.py for tasks to queue
[2023-01-27 09:36:37,732] {logging_mixin.py:115} INFO - [2023-01-27 09:36:37,732] {dagbag.py:507} INFO - Filling up the DagBag from /opt/airflow/dags/sample_dag.py
[2023-01-27 09:36:37,771] {processor.py:651} INFO - DAG(s) dict_keys(['first_sample_dag']) retrieved from /opt/airflow/dags/sample_dag.py
[2023-01-27 09:36:37,801] {logging_mixin.py:115} INFO - [2023-01-27 09:36:37,800] {dag.py:2371} INFO - Sync 1 DAGs
[2023-01-27 09:36:37,829] {logging_mixin.py:115} INFO - [2023-01-27 09:36:37,829] {dag.py:2919} INFO - Setting next_dagrun for first_sample_dag to None, run_after=None
[2023-01-27 09:36:37,850] {processor.py:161} INFO - Processing /opt/airflow/dags/sample_dag.py took 0.124 seconds
[2023-01-27 09:37:08,112] {processor.py:153} INFO - Started process (PID=752) to work on /opt/airflow/dags/sample_dag.py
[2023-01-27 09:37:08,113] {processor.py:641} INFO - Processing file /opt/airflow/dags/sample_dag.py for tasks to queue
[2023-01-27 09:37:08,114] {logging_mixin.py:115} INFO - [2023-01-27 09:37:08,114] {dagbag.py:507} INFO - Filling up the DagBag from /opt/airflow/dags/sample_dag.py
[2023-01-27 09:37:08,155] {processor.py:651} INFO - DAG(s) dict_keys(['first_sample_dag']) retrieved from /opt/airflow/dags/sample_dag.py
[2023-01-27 09:37:08,191] {logging_mixin.py:115} INFO - [2023-01-27 09:37:08,191] {dag.py:2371} INFO - Sync 1 DAGs
[2023-01-27 09:37:08,217] {logging_mixin.py:115} INFO - [2023-01-27 09:37:08,217] {dag.py:2919} INFO - Setting next_dagrun for first_sample_dag to None, run_after=None
[2023-01-27 09:37:08,236] {processor.py:161} INFO - Processing /opt/airflow/dags/sample_dag.py took 0.127 seconds
[2023-01-27 09:37:38,387] {processor.py:153} INFO - Started process (PID=763) to work on /opt/airflow/dags/sample_dag.py
[2023-01-27 09:37:38,388] {processor.py:641} INFO - Processing file /opt/airflow/dags/sample_dag.py for tasks to queue
[2023-01-27 09:37:38,390] {logging_mixin.py:115} INFO - [2023-01-27 09:37:38,389] {dagbag.py:507} INFO - Filling up the DagBag from /opt/airflow/dags/sample_dag.py
[2023-01-27 09:37:38,427] {processor.py:651} INFO - DAG(s) dict_keys(['first_sample_dag']) retrieved from /opt/airflow/dags/sample_dag.py
[2023-01-27 09:37:38,454] {logging_mixin.py:115} INFO - [2023-01-27 09:37:38,454] {dag.py:2371} INFO - Sync 1 DAGs
[2023-01-27 09:37:38,476] {logging_mixin.py:115} INFO - [2023-01-27 09:37:38,476] {dag.py:2919} INFO - Setting next_dagrun for first_sample_dag to None, run_after=None
[2023-01-27 09:37:38,492] {processor.py:161} INFO - Processing /opt/airflow/dags/sample_dag.py took 0.109 seconds
[2023-01-27 09:38:08,741] {processor.py:153} INFO - Started process (PID=774) to work on /opt/airflow/dags/sample_dag.py
[2023-01-27 09:38:08,742] {processor.py:641} INFO - Processing file /opt/airflow/dags/sample_dag.py for tasks to queue
[2023-01-27 09:38:08,744] {logging_mixin.py:115} INFO - [2023-01-27 09:38:08,743] {dagbag.py:507} INFO - Filling up the DagBag from /opt/airflow/dags/sample_dag.py
[2023-01-27 09:38:08,787] {processor.py:651} INFO - DAG(s) dict_keys(['first_sample_dag']) retrieved from /opt/airflow/dags/sample_dag.py
[2023-01-27 09:38:08,817] {logging_mixin.py:115} INFO - [2023-01-27 09:38:08,817] {dag.py:2371} INFO - Sync 1 DAGs
[2023-01-27 09:38:08,853] {logging_mixin.py:115} INFO - [2023-01-27 09:38:08,853] {dag.py:2919} INFO - Setting next_dagrun for first_sample_dag to None, run_after=None
[2023-01-27 09:38:08,877] {processor.py:161} INFO - Processing /opt/airflow/dags/sample_dag.py took 0.143 seconds
[2023-01-27 09:38:39,115] {processor.py:153} INFO - Started process (PID=785) to work on /opt/airflow/dags/sample_dag.py
[2023-01-27 09:38:39,116] {processor.py:641} INFO - Processing file /opt/airflow/dags/sample_dag.py for tasks to queue
[2023-01-27 09:38:39,117] {logging_mixin.py:115} INFO - [2023-01-27 09:38:39,117] {dagbag.py:507} INFO - Filling up the DagBag from /opt/airflow/dags/sample_dag.py
[2023-01-27 09:38:39,155] {processor.py:651} INFO - DAG(s) dict_keys(['first_sample_dag']) retrieved from /opt/airflow/dags/sample_dag.py
[2023-01-27 09:38:39,183] {logging_mixin.py:115} INFO - [2023-01-27 09:38:39,183] {dag.py:2371} INFO - Sync 1 DAGs
[2023-01-27 09:38:39,206] {logging_mixin.py:115} INFO - [2023-01-27 09:38:39,206] {dag.py:2919} INFO - Setting next_dagrun for first_sample_dag to None, run_after=None
[2023-01-27 09:38:39,221] {processor.py:161} INFO - Processing /opt/airflow/dags/sample_dag.py took 0.110 seconds
[2023-01-27 09:39:09,460] {processor.py:153} INFO - Started process (PID=796) to work on /opt/airflow/dags/sample_dag.py
[2023-01-27 09:39:09,461] {processor.py:641} INFO - Processing file /opt/airflow/dags/sample_dag.py for tasks to queue
[2023-01-27 09:39:09,463] {logging_mixin.py:115} INFO - [2023-01-27 09:39:09,463] {dagbag.py:507} INFO - Filling up the DagBag from /opt/airflow/dags/sample_dag.py
[2023-01-27 09:39:09,500] {processor.py:651} INFO - DAG(s) dict_keys(['first_sample_dag']) retrieved from /opt/airflow/dags/sample_dag.py
[2023-01-27 09:39:09,528] {logging_mixin.py:115} INFO - [2023-01-27 09:39:09,528] {dag.py:2371} INFO - Sync 1 DAGs
[2023-01-27 09:39:09,549] {logging_mixin.py:115} INFO - [2023-01-27 09:39:09,549] {dag.py:2919} INFO - Setting next_dagrun for first_sample_dag to None, run_after=None
[2023-01-27 09:39:09,564] {processor.py:161} INFO - Processing /opt/airflow/dags/sample_dag.py took 0.109 seconds
[2023-01-27 09:39:39,795] {processor.py:153} INFO - Started process (PID=807) to work on /opt/airflow/dags/sample_dag.py
[2023-01-27 09:39:39,796] {processor.py:641} INFO - Processing file /opt/airflow/dags/sample_dag.py for tasks to queue
[2023-01-27 09:39:39,797] {logging_mixin.py:115} INFO - [2023-01-27 09:39:39,797] {dagbag.py:507} INFO - Filling up the DagBag from /opt/airflow/dags/sample_dag.py
[2023-01-27 09:39:39,832] {processor.py:651} INFO - DAG(s) dict_keys(['first_sample_dag']) retrieved from /opt/airflow/dags/sample_dag.py
[2023-01-27 09:39:39,860] {logging_mixin.py:115} INFO - [2023-01-27 09:39:39,860] {dag.py:2371} INFO - Sync 1 DAGs
[2023-01-27 09:39:39,883] {logging_mixin.py:115} INFO - [2023-01-27 09:39:39,883] {dag.py:2919} INFO - Setting next_dagrun for first_sample_dag to None, run_after=None
[2023-01-27 09:39:39,899] {processor.py:161} INFO - Processing /opt/airflow/dags/sample_dag.py took 0.108 seconds
[2023-01-27 09:40:10,172] {processor.py:153} INFO - Started process (PID=818) to work on /opt/airflow/dags/sample_dag.py
[2023-01-27 09:40:10,173] {processor.py:641} INFO - Processing file /opt/airflow/dags/sample_dag.py for tasks to queue
[2023-01-27 09:40:10,174] {logging_mixin.py:115} INFO - [2023-01-27 09:40:10,174] {dagbag.py:507} INFO - Filling up the DagBag from /opt/airflow/dags/sample_dag.py
[2023-01-27 09:40:10,220] {processor.py:651} INFO - DAG(s) dict_keys(['first_sample_dag']) retrieved from /opt/airflow/dags/sample_dag.py
[2023-01-27 09:40:10,257] {logging_mixin.py:115} INFO - [2023-01-27 09:40:10,257] {dag.py:2371} INFO - Sync 1 DAGs
[2023-01-27 09:40:10,287] {logging_mixin.py:115} INFO - [2023-01-27 09:40:10,287] {dag.py:2919} INFO - Setting next_dagrun for first_sample_dag to None, run_after=None
[2023-01-27 09:40:10,308] {processor.py:161} INFO - Processing /opt/airflow/dags/sample_dag.py took 0.140 seconds
[2023-01-27 09:40:40,604] {processor.py:153} INFO - Started process (PID=829) to work on /opt/airflow/dags/sample_dag.py
[2023-01-27 09:40:40,606] {processor.py:641} INFO - Processing file /opt/airflow/dags/sample_dag.py for tasks to queue
[2023-01-27 09:40:40,608] {logging_mixin.py:115} INFO - [2023-01-27 09:40:40,607] {dagbag.py:507} INFO - Filling up the DagBag from /opt/airflow/dags/sample_dag.py
[2023-01-27 09:40:40,655] {processor.py:651} INFO - DAG(s) dict_keys(['first_sample_dag']) retrieved from /opt/airflow/dags/sample_dag.py
[2023-01-27 09:40:40,698] {logging_mixin.py:115} INFO - [2023-01-27 09:40:40,697] {dag.py:2371} INFO - Sync 1 DAGs
[2023-01-27 09:40:40,748] {logging_mixin.py:115} INFO - [2023-01-27 09:40:40,748] {dag.py:2919} INFO - Setting next_dagrun for first_sample_dag to None, run_after=None
[2023-01-27 09:40:40,772] {processor.py:161} INFO - Processing /opt/airflow/dags/sample_dag.py took 0.176 seconds
[2023-01-27 09:41:11,021] {processor.py:153} INFO - Started process (PID=840) to work on /opt/airflow/dags/sample_dag.py
[2023-01-27 09:41:11,022] {processor.py:641} INFO - Processing file /opt/airflow/dags/sample_dag.py for tasks to queue
[2023-01-27 09:41:11,024] {logging_mixin.py:115} INFO - [2023-01-27 09:41:11,024] {dagbag.py:507} INFO - Filling up the DagBag from /opt/airflow/dags/sample_dag.py
[2023-01-27 09:41:11,063] {processor.py:651} INFO - DAG(s) dict_keys(['first_sample_dag']) retrieved from /opt/airflow/dags/sample_dag.py
[2023-01-27 09:41:11,093] {logging_mixin.py:115} INFO - [2023-01-27 09:41:11,093] {dag.py:2371} INFO - Sync 1 DAGs
[2023-01-27 09:41:11,118] {logging_mixin.py:115} INFO - [2023-01-27 09:41:11,118] {dag.py:2919} INFO - Setting next_dagrun for first_sample_dag to None, run_after=None
[2023-01-27 09:41:11,140] {processor.py:161} INFO - Processing /opt/airflow/dags/sample_dag.py took 0.122 seconds
[2023-01-27 09:41:41,375] {processor.py:153} INFO - Started process (PID=851) to work on /opt/airflow/dags/sample_dag.py
[2023-01-27 09:41:41,377] {processor.py:641} INFO - Processing file /opt/airflow/dags/sample_dag.py for tasks to queue
[2023-01-27 09:41:41,378] {logging_mixin.py:115} INFO - [2023-01-27 09:41:41,378] {dagbag.py:507} INFO - Filling up the DagBag from /opt/airflow/dags/sample_dag.py
[2023-01-27 09:41:41,416] {processor.py:651} INFO - DAG(s) dict_keys(['first_sample_dag']) retrieved from /opt/airflow/dags/sample_dag.py
[2023-01-27 09:41:41,443] {logging_mixin.py:115} INFO - [2023-01-27 09:41:41,443] {dag.py:2371} INFO - Sync 1 DAGs
[2023-01-27 09:41:41,468] {logging_mixin.py:115} INFO - [2023-01-27 09:41:41,468] {dag.py:2919} INFO - Setting next_dagrun for first_sample_dag to None, run_after=None
[2023-01-27 09:41:41,486] {processor.py:161} INFO - Processing /opt/airflow/dags/sample_dag.py took 0.114 seconds
[2023-01-27 09:42:11,731] {processor.py:153} INFO - Started process (PID=862) to work on /opt/airflow/dags/sample_dag.py
[2023-01-27 09:42:11,733] {processor.py:641} INFO - Processing file /opt/airflow/dags/sample_dag.py for tasks to queue
[2023-01-27 09:42:11,734] {logging_mixin.py:115} INFO - [2023-01-27 09:42:11,734] {dagbag.py:507} INFO - Filling up the DagBag from /opt/airflow/dags/sample_dag.py
[2023-01-27 09:42:11,781] {processor.py:651} INFO - DAG(s) dict_keys(['first_sample_dag']) retrieved from /opt/airflow/dags/sample_dag.py
[2023-01-27 09:42:11,820] {logging_mixin.py:115} INFO - [2023-01-27 09:42:11,820] {dag.py:2371} INFO - Sync 1 DAGs
[2023-01-27 09:42:11,849] {logging_mixin.py:115} INFO - [2023-01-27 09:42:11,849] {dag.py:2919} INFO - Setting next_dagrun for first_sample_dag to None, run_after=None
[2023-01-27 09:42:11,867] {processor.py:161} INFO - Processing /opt/airflow/dags/sample_dag.py took 0.141 seconds
[2023-01-27 09:42:42,288] {processor.py:153} INFO - Started process (PID=873) to work on /opt/airflow/dags/sample_dag.py
[2023-01-27 09:42:42,289] {processor.py:641} INFO - Processing file /opt/airflow/dags/sample_dag.py for tasks to queue
[2023-01-27 09:42:42,290] {logging_mixin.py:115} INFO - [2023-01-27 09:42:42,290] {dagbag.py:507} INFO - Filling up the DagBag from /opt/airflow/dags/sample_dag.py
[2023-01-27 09:42:42,327] {processor.py:651} INFO - DAG(s) dict_keys(['first_sample_dag']) retrieved from /opt/airflow/dags/sample_dag.py
[2023-01-27 09:42:42,352] {logging_mixin.py:115} INFO - [2023-01-27 09:42:42,352] {dag.py:2371} INFO - Sync 1 DAGs
[2023-01-27 09:42:42,375] {logging_mixin.py:115} INFO - [2023-01-27 09:42:42,375] {dag.py:2919} INFO - Setting next_dagrun for first_sample_dag to None, run_after=None
[2023-01-27 09:42:42,394] {processor.py:161} INFO - Processing /opt/airflow/dags/sample_dag.py took 0.110 seconds
[2023-01-27 09:43:12,646] {processor.py:153} INFO - Started process (PID=884) to work on /opt/airflow/dags/sample_dag.py
[2023-01-27 09:43:12,647] {processor.py:641} INFO - Processing file /opt/airflow/dags/sample_dag.py for tasks to queue
[2023-01-27 09:43:12,649] {logging_mixin.py:115} INFO - [2023-01-27 09:43:12,648] {dagbag.py:507} INFO - Filling up the DagBag from /opt/airflow/dags/sample_dag.py
[2023-01-27 09:43:12,690] {processor.py:651} INFO - DAG(s) dict_keys(['first_sample_dag']) retrieved from /opt/airflow/dags/sample_dag.py
[2023-01-27 09:43:12,725] {logging_mixin.py:115} INFO - [2023-01-27 09:43:12,725] {dag.py:2371} INFO - Sync 1 DAGs
[2023-01-27 09:43:12,758] {logging_mixin.py:115} INFO - [2023-01-27 09:43:12,758] {dag.py:2919} INFO - Setting next_dagrun for first_sample_dag to None, run_after=None
[2023-01-27 09:43:12,779] {processor.py:161} INFO - Processing /opt/airflow/dags/sample_dag.py took 0.138 seconds
