[2023-01-25 14:30:11,746] {taskinstance.py:1159} INFO - Dependencies all met for <TaskInstance: d_1_final_project.generate_dim scheduled__2023-01-24T00:00:00+00:00 [queued]>
[2023-01-25 14:30:11,757] {taskinstance.py:1159} INFO - Dependencies all met for <TaskInstance: d_1_final_project.generate_dim scheduled__2023-01-24T00:00:00+00:00 [queued]>
[2023-01-25 14:30:11,758] {taskinstance.py:1356} INFO - 
--------------------------------------------------------------------------------
[2023-01-25 14:30:11,758] {taskinstance.py:1357} INFO - Starting attempt 1 of 1
[2023-01-25 14:30:11,759] {taskinstance.py:1358} INFO - 
--------------------------------------------------------------------------------
[2023-01-25 14:30:11,779] {taskinstance.py:1377} INFO - Executing <Task(PythonOperator): generate_dim> on 2023-01-24 00:00:00+00:00
[2023-01-25 14:30:11,784] {standard_task_runner.py:52} INFO - Started process 273 to run task
[2023-01-25 14:30:11,789] {standard_task_runner.py:79} INFO - Running: ['***', 'tasks', 'run', 'd_1_final_project', 'generate_dim', 'scheduled__2023-01-24T00:00:00+00:00', '--job-id', '103', '--raw', '--subdir', 'DAGS_FOLDER/d_1_final_project.py', '--cfg-path', '/tmp/tmpsfjbyi0i', '--error-file', '/tmp/tmpttn8y2uz']
[2023-01-25 14:30:11,790] {standard_task_runner.py:80} INFO - Job 103: Subtask generate_dim
[2023-01-25 14:30:11,864] {task_command.py:369} INFO - Running <TaskInstance: d_1_final_project.generate_dim scheduled__2023-01-24T00:00:00+00:00 [running]> on host da01296d3c51
[2023-01-25 14:30:11,969] {taskinstance.py:1571} INFO - Exporting the following env vars:
AIRFLOW_CTX_DAG_OWNER=***
AIRFLOW_CTX_DAG_ID=d_1_final_project
AIRFLOW_CTX_TASK_ID=generate_dim
AIRFLOW_CTX_EXECUTION_DATE=2023-01-24T00:00:00+00:00
AIRFLOW_CTX_TRY_NUMBER=1
AIRFLOW_CTX_DAG_RUN_ID=scheduled__2023-01-24T00:00:00+00:00
[2023-01-25 14:30:12,161] {logging_mixin.py:115} INFO - GET DATA FROM SQL SUCCESS
[2023-01-25 14:30:12,416] {logging_mixin.py:115} INFO - INSERTED TO POSTGRES SUCCESSFULLY
[2023-01-25 14:30:12,451] {logging_mixin.py:115} INFO - GET DATA FROM SQL SUCCESS
[2023-01-25 14:30:12,530] {logging_mixin.py:115} INFO - INSERTED TO POSTGRES SUCCESSFULLY
[2023-01-25 14:30:12,564] {logging_mixin.py:115} INFO - GET DATA FROM SQL SUCCESS
[2023-01-25 14:30:12,641] {logging_mixin.py:115} INFO - INSERTED TO POSTGRES SUCCESSFULLY
[2023-01-25 14:30:12,642] {python.py:173} INFO - Done. Returned value was: None
[2023-01-25 14:30:12,660] {taskinstance.py:1400} INFO - Marking task as SUCCESS. dag_id=d_1_final_project, task_id=generate_dim, execution_date=20230124T000000, start_date=20230125T143011, end_date=20230125T143012
[2023-01-25 14:30:12,686] {local_task_job.py:156} INFO - Task exited with return code 0
[2023-01-25 14:30:12,730] {local_task_job.py:273} INFO - 2 downstream tasks scheduled from follow-on schedule check
