[2023-01-23 08:08:34,215] {taskinstance.py:1159} INFO - Dependencies all met for <TaskInstance: d_1_final_project.insert_district_daily scheduled__2023-01-22T00:00:00+00:00 [queued]>
[2023-01-23 08:08:34,230] {taskinstance.py:1159} INFO - Dependencies all met for <TaskInstance: d_1_final_project.insert_district_daily scheduled__2023-01-22T00:00:00+00:00 [queued]>
[2023-01-23 08:08:34,231] {taskinstance.py:1356} INFO - 
--------------------------------------------------------------------------------
[2023-01-23 08:08:34,231] {taskinstance.py:1357} INFO - Starting attempt 1 of 1
[2023-01-23 08:08:34,232] {taskinstance.py:1358} INFO - 
--------------------------------------------------------------------------------
[2023-01-23 08:08:34,250] {taskinstance.py:1377} INFO - Executing <Task(PythonOperator): insert_district_daily> on 2023-01-22 00:00:00+00:00
[2023-01-23 08:08:34,256] {standard_task_runner.py:52} INFO - Started process 2093 to run task
[2023-01-23 08:08:34,260] {standard_task_runner.py:79} INFO - Running: ['***', 'tasks', 'run', 'd_1_final_project', 'insert_district_daily', 'scheduled__2023-01-22T00:00:00+00:00', '--job-id', '5', '--raw', '--subdir', 'DAGS_FOLDER/d_1_final_project.py', '--cfg-path', '/tmp/tmptl3n4rvh', '--error-file', '/tmp/tmpe3h_7gkk']
[2023-01-23 08:08:34,262] {standard_task_runner.py:80} INFO - Job 5: Subtask insert_district_daily
[2023-01-23 08:08:34,338] {task_command.py:369} INFO - Running <TaskInstance: d_1_final_project.insert_district_daily scheduled__2023-01-22T00:00:00+00:00 [running]> on host da01296d3c51
[2023-01-23 08:08:34,428] {taskinstance.py:1571} INFO - Exporting the following env vars:
AIRFLOW_CTX_DAG_OWNER=***
AIRFLOW_CTX_DAG_ID=d_1_final_project
AIRFLOW_CTX_TASK_ID=insert_district_daily
AIRFLOW_CTX_EXECUTION_DATE=2023-01-22T00:00:00+00:00
AIRFLOW_CTX_TRY_NUMBER=1
AIRFLOW_CTX_DAG_RUN_ID=scheduled__2023-01-22T00:00:00+00:00
[2023-01-23 08:08:34,431] {python.py:173} INFO - Done. Returned value was: None
[2023-01-23 08:08:34,454] {taskinstance.py:1400} INFO - Marking task as SUCCESS. dag_id=d_1_final_project, task_id=insert_district_daily, execution_date=20230122T000000, start_date=20230123T080834, end_date=20230123T080834
[2023-01-23 08:08:34,476] {local_task_job.py:156} INFO - Task exited with return code 0
[2023-01-23 08:08:34,515] {local_task_job.py:273} INFO - 0 downstream tasks scheduled from follow-on schedule check
