[2023-01-23 10:39:14,657] {taskinstance.py:1159} INFO - Dependencies all met for <TaskInstance: d_1_final_project.insert_province_daily manual__2023-01-23T08:21:42.844872+00:00 [queued]>
[2023-01-23 10:39:14,672] {taskinstance.py:1159} INFO - Dependencies all met for <TaskInstance: d_1_final_project.insert_province_daily manual__2023-01-23T08:21:42.844872+00:00 [queued]>
[2023-01-23 10:39:14,673] {taskinstance.py:1356} INFO - 
--------------------------------------------------------------------------------
[2023-01-23 10:39:14,673] {taskinstance.py:1357} INFO - Starting attempt 15 of 15
[2023-01-23 10:39:14,674] {taskinstance.py:1358} INFO - 
--------------------------------------------------------------------------------
[2023-01-23 10:39:14,693] {taskinstance.py:1377} INFO - Executing <Task(PythonOperator): insert_province_daily> on 2023-01-23 08:21:42.844872+00:00
[2023-01-23 10:39:14,699] {standard_task_runner.py:52} INFO - Started process 5615 to run task
[2023-01-23 10:39:14,702] {standard_task_runner.py:79} INFO - Running: ['***', 'tasks', 'run', 'd_1_final_project', 'insert_province_daily', 'manual__2023-01-23T08:21:42.844872+00:00', '--job-id', '77', '--raw', '--subdir', 'DAGS_FOLDER/d_1_final_project.py', '--cfg-path', '/tmp/tmp4c1bfnzf', '--error-file', '/tmp/tmp2nglsawt']
[2023-01-23 10:39:14,704] {standard_task_runner.py:80} INFO - Job 77: Subtask insert_province_daily
[2023-01-23 10:39:14,770] {task_command.py:369} INFO - Running <TaskInstance: d_1_final_project.insert_province_daily manual__2023-01-23T08:21:42.844872+00:00 [running]> on host da01296d3c51
[2023-01-23 10:39:14,850] {taskinstance.py:1571} INFO - Exporting the following env vars:
AIRFLOW_CTX_DAG_OWNER=***
AIRFLOW_CTX_DAG_ID=d_1_final_project
AIRFLOW_CTX_TASK_ID=insert_province_daily
AIRFLOW_CTX_EXECUTION_DATE=2023-01-23T08:21:42.844872+00:00
AIRFLOW_CTX_TRY_NUMBER=15
AIRFLOW_CTX_DAG_RUN_ID=manual__2023-01-23T08:21:42.844872+00:00
[2023-01-23 10:39:14,851] {python.py:173} INFO - Done. Returned value was: None
[2023-01-23 10:39:14,863] {taskinstance.py:1400} INFO - Marking task as SUCCESS. dag_id=d_1_final_project, task_id=insert_province_daily, execution_date=20230123T082142, start_date=20230123T103914, end_date=20230123T103914
[2023-01-23 10:39:14,916] {local_task_job.py:156} INFO - Task exited with return code 0
[2023-01-23 10:39:14,951] {local_task_job.py:273} INFO - 0 downstream tasks scheduled from follow-on schedule check
