[2023-01-23 10:36:51,715] {taskinstance.py:1159} INFO - Dependencies all met for <TaskInstance: d_1_final_project.insert_province_daily manual__2023-01-23T08:21:42.844872+00:00 [queued]>
[2023-01-23 10:36:51,730] {taskinstance.py:1159} INFO - Dependencies all met for <TaskInstance: d_1_final_project.insert_province_daily manual__2023-01-23T08:21:42.844872+00:00 [queued]>
[2023-01-23 10:36:51,731] {taskinstance.py:1356} INFO - 
--------------------------------------------------------------------------------
[2023-01-23 10:36:51,732] {taskinstance.py:1357} INFO - Starting attempt 13 of 13
[2023-01-23 10:36:51,733] {taskinstance.py:1358} INFO - 
--------------------------------------------------------------------------------
[2023-01-23 10:36:51,753] {taskinstance.py:1377} INFO - Executing <Task(PythonOperator): insert_province_daily> on 2023-01-23 08:21:42.844872+00:00
[2023-01-23 10:36:51,763] {standard_task_runner.py:52} INFO - Started process 5541 to run task
[2023-01-23 10:36:51,767] {standard_task_runner.py:79} INFO - Running: ['***', 'tasks', 'run', 'd_1_final_project', 'insert_province_daily', 'manual__2023-01-23T08:21:42.844872+00:00', '--job-id', '70', '--raw', '--subdir', 'DAGS_FOLDER/d_1_final_project.py', '--cfg-path', '/tmp/tmpvjc3p7pd', '--error-file', '/tmp/tmpu3p_q09t']
[2023-01-23 10:36:51,768] {standard_task_runner.py:80} INFO - Job 70: Subtask insert_province_daily
[2023-01-23 10:36:51,855] {task_command.py:369} INFO - Running <TaskInstance: d_1_final_project.insert_province_daily manual__2023-01-23T08:21:42.844872+00:00 [running]> on host da01296d3c51
[2023-01-23 10:36:51,934] {taskinstance.py:1571} INFO - Exporting the following env vars:
AIRFLOW_CTX_DAG_OWNER=***
AIRFLOW_CTX_DAG_ID=d_1_final_project
AIRFLOW_CTX_TASK_ID=insert_province_daily
AIRFLOW_CTX_EXECUTION_DATE=2023-01-23T08:21:42.844872+00:00
AIRFLOW_CTX_TRY_NUMBER=13
AIRFLOW_CTX_DAG_RUN_ID=manual__2023-01-23T08:21:42.844872+00:00
[2023-01-23 10:36:51,936] {python.py:173} INFO - Done. Returned value was: None
[2023-01-23 10:36:51,948] {taskinstance.py:1400} INFO - Marking task as SUCCESS. dag_id=d_1_final_project, task_id=insert_province_daily, execution_date=20230123T082142, start_date=20230123T103651, end_date=20230123T103651
[2023-01-23 10:36:51,982] {local_task_job.py:156} INFO - Task exited with return code 0
[2023-01-23 10:36:52,016] {local_task_job.py:273} INFO - 0 downstream tasks scheduled from follow-on schedule check
