[2023-01-23 11:10:42,963] {taskinstance.py:1159} INFO - Dependencies all met for <TaskInstance: d_1_final_project.insert_province_daily manual__2023-01-23T08:21:42.844872+00:00 [queued]>
[2023-01-23 11:10:42,977] {taskinstance.py:1159} INFO - Dependencies all met for <TaskInstance: d_1_final_project.insert_province_daily manual__2023-01-23T08:21:42.844872+00:00 [queued]>
[2023-01-23 11:10:42,977] {taskinstance.py:1356} INFO - 
--------------------------------------------------------------------------------
[2023-01-23 11:10:42,978] {taskinstance.py:1357} INFO - Starting attempt 19 of 19
[2023-01-23 11:10:42,979] {taskinstance.py:1358} INFO - 
--------------------------------------------------------------------------------
[2023-01-23 11:10:42,996] {taskinstance.py:1377} INFO - Executing <Task(PythonOperator): insert_province_daily> on 2023-01-23 08:21:42.844872+00:00
[2023-01-23 11:10:43,004] {standard_task_runner.py:52} INFO - Started process 6350 to run task
[2023-01-23 11:10:43,010] {standard_task_runner.py:79} INFO - Running: ['***', 'tasks', 'run', 'd_1_final_project', 'insert_province_daily', 'manual__2023-01-23T08:21:42.844872+00:00', '--job-id', '92', '--raw', '--subdir', 'DAGS_FOLDER/d_1_final_project.py', '--cfg-path', '/tmp/tmpnc9nuwb4', '--error-file', '/tmp/tmpni6qt30t']
[2023-01-23 11:10:43,012] {standard_task_runner.py:80} INFO - Job 92: Subtask insert_province_daily
[2023-01-23 11:10:43,104] {task_command.py:369} INFO - Running <TaskInstance: d_1_final_project.insert_province_daily manual__2023-01-23T08:21:42.844872+00:00 [running]> on host da01296d3c51
[2023-01-23 11:10:43,207] {taskinstance.py:1571} INFO - Exporting the following env vars:
AIRFLOW_CTX_DAG_OWNER=***
AIRFLOW_CTX_DAG_ID=d_1_final_project
AIRFLOW_CTX_TASK_ID=insert_province_daily
AIRFLOW_CTX_EXECUTION_DATE=2023-01-23T08:21:42.844872+00:00
AIRFLOW_CTX_TRY_NUMBER=19
AIRFLOW_CTX_DAG_RUN_ID=manual__2023-01-23T08:21:42.844872+00:00
[2023-01-23 11:10:43,268] {python.py:173} INFO - Done. Returned value was: None
[2023-01-23 11:10:43,284] {taskinstance.py:1400} INFO - Marking task as SUCCESS. dag_id=d_1_final_project, task_id=insert_province_daily, execution_date=20230123T082142, start_date=20230123T111042, end_date=20230123T111043
[2023-01-23 11:10:43,304] {local_task_job.py:156} INFO - Task exited with return code 0
[2023-01-23 11:10:43,353] {local_task_job.py:273} INFO - 0 downstream tasks scheduled from follow-on schedule check
